mode: set
github.com/dl-alexandre/gdrv/internal/auth/device_code.go:49.63,53.2 1 1
github.com/dl-alexandre/gdrv/internal/auth/device_code.go:56.94,62.16 5 1
github.com/dl-alexandre/gdrv/internal/auth/device_code.go:62.16,64.3 1 0
github.com/dl-alexandre/gdrv/internal/auth/device_code.go:65.2,69.16 4 1
github.com/dl-alexandre/gdrv/internal/auth/device_code.go:69.16,71.3 1 0
github.com/dl-alexandre/gdrv/internal/auth/device_code.go:72.2,74.38 2 1
github.com/dl-alexandre/gdrv/internal/auth/device_code.go:74.38,77.3 2 1
github.com/dl-alexandre/gdrv/internal/auth/device_code.go:79.2,80.71 2 0
github.com/dl-alexandre/gdrv/internal/auth/device_code.go:80.71,82.3 1 0
github.com/dl-alexandre/gdrv/internal/auth/device_code.go:84.2,85.25 2 0
github.com/dl-alexandre/gdrv/internal/auth/device_code.go:89.88,90.23 1 1
github.com/dl-alexandre/gdrv/internal/auth/device_code.go:90.23,92.3 1 1
github.com/dl-alexandre/gdrv/internal/auth/device_code.go:94.2,95.30 2 1
github.com/dl-alexandre/gdrv/internal/auth/device_code.go:95.30,97.3 1 0
github.com/dl-alexandre/gdrv/internal/auth/device_code.go:99.2,105.6 5 1
github.com/dl-alexandre/gdrv/internal/auth/device_code.go:105.6,106.10 1 1
github.com/dl-alexandre/gdrv/internal/auth/device_code.go:107.21,108.25 1 1
github.com/dl-alexandre/gdrv/internal/auth/device_code.go:109.19,110.32 1 0
github.com/dl-alexandre/gdrv/internal/auth/device_code.go:110.32,112.5 1 0
github.com/dl-alexandre/gdrv/internal/auth/device_code.go:114.4,115.18 2 0
github.com/dl-alexandre/gdrv/internal/auth/device_code.go:115.18,118.49 1 0
github.com/dl-alexandre/gdrv/internal/auth/device_code.go:118.49,119.14 1 0
github.com/dl-alexandre/gdrv/internal/auth/device_code.go:121.5,121.20 1 0
github.com/dl-alexandre/gdrv/internal/auth/device_code.go:124.4,124.20 1 0
github.com/dl-alexandre/gdrv/internal/auth/device_code.go:124.20,126.5 1 0
github.com/dl-alexandre/gdrv/internal/auth/device_code.go:132.105,135.33 3 1
github.com/dl-alexandre/gdrv/internal/auth/device_code.go:135.33,137.3 1 1
github.com/dl-alexandre/gdrv/internal/auth/device_code.go:138.2,142.16 4 1
github.com/dl-alexandre/gdrv/internal/auth/device_code.go:142.16,144.3 1 0
github.com/dl-alexandre/gdrv/internal/auth/device_code.go:145.2,148.16 3 1
github.com/dl-alexandre/gdrv/internal/auth/device_code.go:148.16,150.3 1 0
github.com/dl-alexandre/gdrv/internal/auth/device_code.go:151.2,154.70 3 1
github.com/dl-alexandre/gdrv/internal/auth/device_code.go:154.70,156.3 1 0
github.com/dl-alexandre/gdrv/internal/auth/device_code.go:159.2,159.27 1 1
github.com/dl-alexandre/gdrv/internal/auth/device_code.go:159.27,160.26 1 1
github.com/dl-alexandre/gdrv/internal/auth/device_code.go:161.32,162.51 1 0
github.com/dl-alexandre/gdrv/internal/auth/device_code.go:163.20,164.39 1 0
github.com/dl-alexandre/gdrv/internal/auth/device_code.go:165.24,166.53 1 0
github.com/dl-alexandre/gdrv/internal/auth/device_code.go:167.24,168.55 1 0
github.com/dl-alexandre/gdrv/internal/auth/device_code.go:169.11,170.62 1 1
github.com/dl-alexandre/gdrv/internal/auth/device_code.go:175.2,175.33 1 0
github.com/dl-alexandre/gdrv/internal/auth/device_code.go:175.33,186.3 3 0
github.com/dl-alexandre/gdrv/internal/auth/device_code.go:188.2,188.17 1 0
github.com/dl-alexandre/gdrv/internal/auth/device_code.go:192.111,193.26 1 0
github.com/dl-alexandre/gdrv/internal/auth/device_code.go:193.26,195.3 1 0
github.com/dl-alexandre/gdrv/internal/auth/device_code.go:197.2,201.16 3 0
github.com/dl-alexandre/gdrv/internal/auth/device_code.go:201.16,203.3 1 0
github.com/dl-alexandre/gdrv/internal/auth/device_code.go:206.2,212.46 6 0
github.com/dl-alexandre/gdrv/internal/auth/device_code.go:212.46,215.3 2 0
github.com/dl-alexandre/gdrv/internal/auth/device_code.go:217.2,221.16 3 0
github.com/dl-alexandre/gdrv/internal/auth/device_code.go:221.16,223.3 1 0
github.com/dl-alexandre/gdrv/internal/auth/device_code.go:226.2,226.58 1 0
github.com/dl-alexandre/gdrv/internal/auth/device_code.go:226.58,228.3 1 0
github.com/dl-alexandre/gdrv/internal/auth/device_code.go:230.2,230.19 1 0
github.com/dl-alexandre/gdrv/internal/auth/keyring_wrapper.go:9.61,11.2 1 1
github.com/dl-alexandre/gdrv/internal/auth/keyring_wrapper.go:13.63,15.2 1 1
github.com/dl-alexandre/gdrv/internal/auth/keyring_wrapper.go:17.55,19.2 1 1
github.com/dl-alexandre/gdrv/internal/auth/manager.go:45.44,47.2 1 1
github.com/dl-alexandre/gdrv/internal/auth/manager.go:56.76,62.25 2 1
github.com/dl-alexandre/gdrv/internal/auth/manager.go:62.25,68.3 4 1
github.com/dl-alexandre/gdrv/internal/auth/manager.go:68.8,68.64 1 1
github.com/dl-alexandre/gdrv/internal/auth/manager.go:68.64,71.17 2 1
github.com/dl-alexandre/gdrv/internal/auth/manager.go:71.17,76.4 3 0
github.com/dl-alexandre/gdrv/internal/auth/manager.go:76.9,79.32 3 1
github.com/dl-alexandre/gdrv/internal/auth/manager.go:79.32,81.5 1 0
github.com/dl-alexandre/gdrv/internal/auth/manager.go:83.3,83.25 1 1
github.com/dl-alexandre/gdrv/internal/auth/manager.go:84.8,89.3 3 1
github.com/dl-alexandre/gdrv/internal/auth/manager.go:91.2,91.12 1 1
github.com/dl-alexandre/gdrv/internal/auth/manager.go:95.35,98.16 3 1
github.com/dl-alexandre/gdrv/internal/auth/manager.go:98.16,100.3 1 0
github.com/dl-alexandre/gdrv/internal/auth/manager.go:101.2,102.13 2 1
github.com/dl-alexandre/gdrv/internal/auth/manager.go:106.82,114.2 1 1
github.com/dl-alexandre/gdrv/internal/auth/manager.go:117.51,119.2 1 1
github.com/dl-alexandre/gdrv/internal/auth/manager.go:122.79,124.16 2 1
github.com/dl-alexandre/gdrv/internal/auth/manager.go:124.16,126.3 1 1
github.com/dl-alexandre/gdrv/internal/auth/manager.go:128.2,129.16 2 1
github.com/dl-alexandre/gdrv/internal/auth/manager.go:129.16,131.3 1 1
github.com/dl-alexandre/gdrv/internal/auth/manager.go:133.2,142.8 1 1
github.com/dl-alexandre/gdrv/internal/auth/manager.go:146.83,148.26 2 1
github.com/dl-alexandre/gdrv/internal/auth/manager.go:148.26,150.3 1 1
github.com/dl-alexandre/gdrv/internal/auth/manager.go:151.2,166.16 5 1
github.com/dl-alexandre/gdrv/internal/auth/manager.go:166.16,168.3 1 0
github.com/dl-alexandre/gdrv/internal/auth/manager.go:170.2,170.50 1 1
github.com/dl-alexandre/gdrv/internal/auth/manager.go:170.50,172.3 1 0
github.com/dl-alexandre/gdrv/internal/auth/manager.go:174.2,188.52 3 1
github.com/dl-alexandre/gdrv/internal/auth/manager.go:188.52,191.3 1 0
github.com/dl-alexandre/gdrv/internal/auth/manager.go:193.2,193.12 1 1
github.com/dl-alexandre/gdrv/internal/auth/manager.go:197.59,198.59 1 1
github.com/dl-alexandre/gdrv/internal/auth/manager.go:198.59,200.3 1 1
github.com/dl-alexandre/gdrv/internal/auth/manager.go:203.2,203.57 1 0
github.com/dl-alexandre/gdrv/internal/auth/manager.go:203.57,206.3 1 0
github.com/dl-alexandre/gdrv/internal/auth/manager.go:208.2,208.12 1 0
github.com/dl-alexandre/gdrv/internal/auth/manager.go:212.63,214.2 1 1
github.com/dl-alexandre/gdrv/internal/auth/manager.go:217.113,218.39 1 1
github.com/dl-alexandre/gdrv/internal/auth/manager.go:218.39,220.3 1 1
github.com/dl-alexandre/gdrv/internal/auth/manager.go:221.2,221.26 1 1
github.com/dl-alexandre/gdrv/internal/auth/manager.go:221.26,223.3 1 1
github.com/dl-alexandre/gdrv/internal/auth/manager.go:225.2,233.16 4 1
github.com/dl-alexandre/gdrv/internal/auth/manager.go:233.16,235.3 1 1
github.com/dl-alexandre/gdrv/internal/auth/manager.go:237.2,244.8 1 0
github.com/dl-alexandre/gdrv/internal/auth/manager.go:248.104,250.16 2 1
github.com/dl-alexandre/gdrv/internal/auth/manager.go:250.16,253.3 1 1
github.com/dl-alexandre/gdrv/internal/auth/manager.go:255.2,255.92 1 1
github.com/dl-alexandre/gdrv/internal/auth/manager.go:255.92,256.41 1 1
github.com/dl-alexandre/gdrv/internal/auth/manager.go:256.41,259.4 1 1
github.com/dl-alexandre/gdrv/internal/auth/manager.go:260.3,260.20 1 1
github.com/dl-alexandre/gdrv/internal/auth/manager.go:263.2,263.27 1 1
github.com/dl-alexandre/gdrv/internal/auth/manager.go:263.27,265.17 2 0
github.com/dl-alexandre/gdrv/internal/auth/manager.go:265.17,268.4 1 0
github.com/dl-alexandre/gdrv/internal/auth/manager.go:269.3,269.62 1 0
github.com/dl-alexandre/gdrv/internal/auth/manager.go:269.62,271.4 1 0
github.com/dl-alexandre/gdrv/internal/auth/manager.go:272.3,272.23 1 0
github.com/dl-alexandre/gdrv/internal/auth/manager.go:275.2,275.19 1 1
github.com/dl-alexandre/gdrv/internal/auth/manager.go:279.93,285.26 2 1
github.com/dl-alexandre/gdrv/internal/auth/manager.go:285.26,287.3 1 1
github.com/dl-alexandre/gdrv/internal/auth/manager.go:288.2,288.39 1 1
github.com/dl-alexandre/gdrv/internal/auth/manager.go:288.39,290.3 1 0
github.com/dl-alexandre/gdrv/internal/auth/manager.go:291.2,291.41 1 1
github.com/dl-alexandre/gdrv/internal/auth/manager.go:295.91,297.16 2 1
github.com/dl-alexandre/gdrv/internal/auth/manager.go:297.16,299.3 1 0
github.com/dl-alexandre/gdrv/internal/auth/manager.go:301.2,302.16 2 1
github.com/dl-alexandre/gdrv/internal/auth/manager.go:302.16,303.21 1 1
github.com/dl-alexandre/gdrv/internal/auth/manager.go:303.21,305.18 2 0
github.com/dl-alexandre/gdrv/internal/auth/manager.go:305.18,307.5 1 0
github.com/dl-alexandre/gdrv/internal/auth/manager.go:308.4,308.28 1 0
github.com/dl-alexandre/gdrv/internal/auth/manager.go:308.28,309.53 1 0
github.com/dl-alexandre/gdrv/internal/auth/manager.go:309.53,311.6 1 0
github.com/dl-alexandre/gdrv/internal/auth/manager.go:313.9,315.4 1 1
github.com/dl-alexandre/gdrv/internal/auth/manager.go:318.2,319.54 2 1
github.com/dl-alexandre/gdrv/internal/auth/manager.go:319.54,321.3 1 0
github.com/dl-alexandre/gdrv/internal/auth/manager.go:323.2,323.21 1 1
github.com/dl-alexandre/gdrv/internal/auth/manager.go:326.65,328.16 2 1
github.com/dl-alexandre/gdrv/internal/auth/manager.go:328.16,331.3 2 1
github.com/dl-alexandre/gdrv/internal/auth/manager.go:332.2,332.50 1 1
github.com/dl-alexandre/gdrv/internal/auth/manager.go:332.50,334.3 1 1
github.com/dl-alexandre/gdrv/internal/auth/manager.go:335.2,335.12 1 0
github.com/dl-alexandre/gdrv/internal/auth/manager.go:338.72,341.16 3 1
github.com/dl-alexandre/gdrv/internal/auth/manager.go:341.16,343.48 2 1
github.com/dl-alexandre/gdrv/internal/auth/manager.go:343.48,345.4 1 1
github.com/dl-alexandre/gdrv/internal/auth/manager.go:348.2,349.16 2 1
github.com/dl-alexandre/gdrv/internal/auth/manager.go:349.16,351.3 1 0
github.com/dl-alexandre/gdrv/internal/auth/manager.go:352.2,352.19 1 1
github.com/dl-alexandre/gdrv/internal/auth/manager.go:352.19,353.60 1 1
github.com/dl-alexandre/gdrv/internal/auth/manager.go:353.60,359.4 1 0
github.com/dl-alexandre/gdrv/internal/auth/manager.go:360.3,360.22 1 1
github.com/dl-alexandre/gdrv/internal/auth/manager.go:363.2,363.16 1 1
github.com/dl-alexandre/gdrv/internal/auth/manager.go:363.16,365.33 2 0
github.com/dl-alexandre/gdrv/internal/auth/manager.go:365.33,371.4 1 0
github.com/dl-alexandre/gdrv/internal/auth/manager.go:374.2,374.21 1 1
github.com/dl-alexandre/gdrv/internal/auth/manager.go:377.88,380.16 3 1
github.com/dl-alexandre/gdrv/internal/auth/manager.go:380.16,381.25 1 1
github.com/dl-alexandre/gdrv/internal/auth/manager.go:381.25,383.4 1 1
github.com/dl-alexandre/gdrv/internal/auth/manager.go:384.3,384.20 1 0
github.com/dl-alexandre/gdrv/internal/auth/manager.go:386.2,386.32 1 1
github.com/dl-alexandre/gdrv/internal/auth/manager.go:386.32,387.72 1 1
github.com/dl-alexandre/gdrv/internal/auth/manager.go:387.72,388.12 1 1
github.com/dl-alexandre/gdrv/internal/auth/manager.go:390.3,392.17 3 1
github.com/dl-alexandre/gdrv/internal/auth/manager.go:392.17,393.12 1 0
github.com/dl-alexandre/gdrv/internal/auth/manager.go:395.3,395.93 1 1
github.com/dl-alexandre/gdrv/internal/auth/manager.go:395.93,397.4 1 1
github.com/dl-alexandre/gdrv/internal/auth/manager.go:399.2,399.19 1 0
github.com/dl-alexandre/gdrv/internal/auth/manager.go:402.67,405.16 3 1
github.com/dl-alexandre/gdrv/internal/auth/manager.go:405.16,406.25 1 1
github.com/dl-alexandre/gdrv/internal/auth/manager.go:406.25,408.4 1 1
github.com/dl-alexandre/gdrv/internal/auth/manager.go:409.3,409.17 1 0
github.com/dl-alexandre/gdrv/internal/auth/manager.go:412.2,414.32 3 1
github.com/dl-alexandre/gdrv/internal/auth/manager.go:414.32,415.72 1 1
github.com/dl-alexandre/gdrv/internal/auth/manager.go:415.72,416.12 1 1
github.com/dl-alexandre/gdrv/internal/auth/manager.go:418.3,419.17 2 1
github.com/dl-alexandre/gdrv/internal/auth/manager.go:419.17,420.12 1 0
github.com/dl-alexandre/gdrv/internal/auth/manager.go:422.3,424.17 3 1
github.com/dl-alexandre/gdrv/internal/auth/manager.go:424.17,425.12 1 0
github.com/dl-alexandre/gdrv/internal/auth/manager.go:427.3,427.30 1 1
github.com/dl-alexandre/gdrv/internal/auth/manager.go:427.30,428.12 1 0
github.com/dl-alexandre/gdrv/internal/auth/manager.go:430.3,430.61 1 1
github.com/dl-alexandre/gdrv/internal/auth/manager.go:430.61,433.4 2 1
github.com/dl-alexandre/gdrv/internal/auth/manager.go:435.2,435.25 1 1
github.com/dl-alexandre/gdrv/internal/auth/manager.go:438.71,439.58 1 1
github.com/dl-alexandre/gdrv/internal/auth/manager.go:439.58,441.3 1 1
github.com/dl-alexandre/gdrv/internal/auth/manager.go:442.2,442.42 1 1
github.com/dl-alexandre/gdrv/internal/auth/manager.go:442.42,444.3 1 1
github.com/dl-alexandre/gdrv/internal/auth/manager.go:445.2,445.11 1 1
github.com/dl-alexandre/gdrv/internal/auth/manager.go:448.53,449.20 1 1
github.com/dl-alexandre/gdrv/internal/auth/manager.go:449.20,451.3 1 1
github.com/dl-alexandre/gdrv/internal/auth/manager.go:452.2,455.23 4 1
github.com/dl-alexandre/gdrv/internal/auth/manager.go:455.23,457.3 1 1
github.com/dl-alexandre/gdrv/internal/auth/manager.go:458.2,458.23 1 1
github.com/dl-alexandre/gdrv/internal/auth/manager.go:461.49,462.16 1 1
github.com/dl-alexandre/gdrv/internal/auth/manager.go:462.16,464.3 1 1
github.com/dl-alexandre/gdrv/internal/auth/manager.go:465.2,465.48 1 1
github.com/dl-alexandre/gdrv/internal/auth/manager.go:471.85,473.33 2 1
github.com/dl-alexandre/gdrv/internal/auth/manager.go:473.33,475.3 1 1
github.com/dl-alexandre/gdrv/internal/auth/manager.go:476.2,476.31 1 1
github.com/dl-alexandre/gdrv/internal/auth/manager.go:476.31,477.21 1 1
github.com/dl-alexandre/gdrv/internal/auth/manager.go:477.21,480.4 1 1
github.com/dl-alexandre/gdrv/internal/auth/manager.go:482.2,482.12 1 1
github.com/dl-alexandre/gdrv/internal/auth/manager.go:486.37,488.2 1 1
github.com/dl-alexandre/gdrv/internal/auth/manager.go:491.38,493.2 1 1
github.com/dl-alexandre/gdrv/internal/auth/manager.go:495.72,497.2 1 1
github.com/dl-alexandre/gdrv/internal/auth/manager.go:499.70,501.16 2 1
github.com/dl-alexandre/gdrv/internal/auth/manager.go:501.16,503.3 1 0
github.com/dl-alexandre/gdrv/internal/auth/manager.go:504.2,504.26 1 1
github.com/dl-alexandre/gdrv/internal/auth/manager.go:505.24,506.31 1 0
github.com/dl-alexandre/gdrv/internal/auth/manager.go:507.24,508.68 1 1
github.com/dl-alexandre/gdrv/internal/auth/manager.go:509.20,510.69 1 1
github.com/dl-alexandre/gdrv/internal/auth/manager.go:511.10,512.31 1 0
github.com/dl-alexandre/gdrv/internal/auth/manager.go:516.75,518.16 2 1
github.com/dl-alexandre/gdrv/internal/auth/manager.go:518.16,520.3 1 0
github.com/dl-alexandre/gdrv/internal/auth/manager.go:521.2,523.16 3 1
github.com/dl-alexandre/gdrv/internal/auth/manager.go:523.16,525.3 1 0
github.com/dl-alexandre/gdrv/internal/auth/manager.go:526.2,526.18 1 1
github.com/dl-alexandre/gdrv/internal/auth/manager.go:530.46,532.2 1 1
github.com/dl-alexandre/gdrv/internal/auth/manager.go:535.46,537.2 1 1
github.com/dl-alexandre/gdrv/internal/auth/manager.go:540.64,556.41 2 1
github.com/dl-alexandre/gdrv/internal/auth/manager.go:556.41,558.3 1 1
github.com/dl-alexandre/gdrv/internal/auth/manager.go:560.2,560.34 1 1
github.com/dl-alexandre/gdrv/internal/auth/manager.go:564.92,567.2 2 1
github.com/dl-alexandre/gdrv/internal/auth/manager.go:569.55,571.2 1 1
github.com/dl-alexandre/gdrv/internal/auth/manager.go:573.108,575.2 1 1
github.com/dl-alexandre/gdrv/internal/auth/manager.go:577.104,579.2 1 1
github.com/dl-alexandre/gdrv/internal/auth/manager.go:581.108,583.2 1 1
github.com/dl-alexandre/gdrv/internal/auth/manager.go:585.106,587.2 1 1
github.com/dl-alexandre/gdrv/internal/auth/manager.go:589.61,590.17 1 1
github.com/dl-alexandre/gdrv/internal/auth/manager.go:591.20,592.35 1 1
github.com/dl-alexandre/gdrv/internal/auth/manager.go:593.21,594.37 1 1
github.com/dl-alexandre/gdrv/internal/auth/manager.go:595.19,596.35 1 1
github.com/dl-alexandre/gdrv/internal/auth/manager.go:597.21,598.37 1 1
github.com/dl-alexandre/gdrv/internal/auth/manager.go:599.23,600.81 1 1
github.com/dl-alexandre/gdrv/internal/auth/manager.go:601.10,602.13 1 1
github.com/dl-alexandre/gdrv/internal/auth/manager.go:606.94,608.24 2 1
github.com/dl-alexandre/gdrv/internal/auth/manager.go:608.24,610.3 1 0
github.com/dl-alexandre/gdrv/internal/auth/manager.go:611.2,611.42 1 1
github.com/dl-alexandre/gdrv/internal/auth/metadata.go:22.53,24.2 1 1
github.com/dl-alexandre/gdrv/internal/auth/metadata.go:26.73,27.83 1 1
github.com/dl-alexandre/gdrv/internal/auth/metadata.go:27.83,29.3 1 0
github.com/dl-alexandre/gdrv/internal/auth/metadata.go:30.2,31.16 2 1
github.com/dl-alexandre/gdrv/internal/auth/metadata.go:31.16,33.3 1 0
github.com/dl-alexandre/gdrv/internal/auth/metadata.go:34.2,34.67 1 1
github.com/dl-alexandre/gdrv/internal/auth/metadata.go:37.55,39.16 2 1
github.com/dl-alexandre/gdrv/internal/auth/metadata.go:39.16,41.3 1 1
github.com/dl-alexandre/gdrv/internal/auth/metadata.go:42.2,43.56 2 1
github.com/dl-alexandre/gdrv/internal/auth/metadata.go:43.56,45.3 1 1
github.com/dl-alexandre/gdrv/internal/auth/metadata.go:46.2,46.23 1 1
github.com/dl-alexandre/gdrv/internal/auth/metadata.go:49.33,51.2 1 1
github.com/dl-alexandre/gdrv/internal/auth/oauth.go:33.105,34.19 1 1
github.com/dl-alexandre/gdrv/internal/auth/oauth.go:34.19,36.3 1 1
github.com/dl-alexandre/gdrv/internal/auth/oauth.go:38.2,39.16 2 1
github.com/dl-alexandre/gdrv/internal/auth/oauth.go:39.16,41.3 1 0
github.com/dl-alexandre/gdrv/internal/auth/oauth.go:43.2,44.16 2 1
github.com/dl-alexandre/gdrv/internal/auth/oauth.go:44.16,46.3 1 0
github.com/dl-alexandre/gdrv/internal/auth/oauth.go:48.2,49.23 2 1
github.com/dl-alexandre/gdrv/internal/auth/oauth.go:49.23,51.3 1 1
github.com/dl-alexandre/gdrv/internal/auth/oauth.go:52.2,52.27 1 1
github.com/dl-alexandre/gdrv/internal/auth/oauth.go:52.27,54.3 1 1
github.com/dl-alexandre/gdrv/internal/auth/oauth.go:56.2,64.8 1 1
github.com/dl-alexandre/gdrv/internal/auth/oauth.go:68.41,75.2 1 1
github.com/dl-alexandre/gdrv/internal/auth/oauth.go:78.62,83.12 4 1
github.com/dl-alexandre/gdrv/internal/auth/oauth.go:83.12,84.67 1 1
github.com/dl-alexandre/gdrv/internal/auth/oauth.go:84.67,86.4 1 0
github.com/dl-alexandre/gdrv/internal/auth/oauth.go:89.2,89.12 1 1
github.com/dl-alexandre/gdrv/internal/auth/oauth.go:89.12,92.3 2 1
github.com/dl-alexandre/gdrv/internal/auth/oauth.go:96.76,97.43 1 1
github.com/dl-alexandre/gdrv/internal/auth/oauth.go:97.43,101.3 3 1
github.com/dl-alexandre/gdrv/internal/auth/oauth.go:103.2,104.16 2 1
github.com/dl-alexandre/gdrv/internal/auth/oauth.go:104.16,109.3 4 1
github.com/dl-alexandre/gdrv/internal/auth/oauth.go:111.2,113.114 3 1
github.com/dl-alexandre/gdrv/internal/auth/oauth.go:117.72,118.9 1 1
github.com/dl-alexandre/gdrv/internal/auth/oauth.go:119.28,120.19 1 1
github.com/dl-alexandre/gdrv/internal/auth/oauth.go:121.26,122.17 1 1
github.com/dl-alexandre/gdrv/internal/auth/oauth.go:123.29,124.52 1 1
github.com/dl-alexandre/gdrv/internal/auth/oauth.go:129.96,135.16 2 1
github.com/dl-alexandre/gdrv/internal/auth/oauth.go:135.16,137.3 1 1
github.com/dl-alexandre/gdrv/internal/auth/oauth.go:139.2,145.8 1 1
github.com/dl-alexandre/gdrv/internal/auth/oauth.go:149.29,150.23 1 1
github.com/dl-alexandre/gdrv/internal/auth/oauth.go:150.23,152.3 1 1
github.com/dl-alexandre/gdrv/internal/auth/oauth.go:155.38,157.40 2 1
github.com/dl-alexandre/gdrv/internal/auth/oauth.go:157.40,159.3 1 0
github.com/dl-alexandre/gdrv/internal/auth/oauth.go:160.2,160.50 1 1
github.com/dl-alexandre/gdrv/internal/auth/oauth.go:163.45,165.40 2 1
github.com/dl-alexandre/gdrv/internal/auth/oauth.go:165.40,167.3 1 0
github.com/dl-alexandre/gdrv/internal/auth/oauth.go:168.2,168.53 1 1
github.com/dl-alexandre/gdrv/internal/auth/oauth.go:171.48,174.2 2 1
github.com/dl-alexandre/gdrv/internal/auth/oauth.go:176.62,179.16 3 1
github.com/dl-alexandre/gdrv/internal/auth/oauth.go:179.16,181.3 1 0
github.com/dl-alexandre/gdrv/internal/auth/oauth.go:182.2,182.37 1 1
github.com/dl-alexandre/gdrv/internal/auth/oauth.go:186.152,187.26 1 0
github.com/dl-alexandre/gdrv/internal/auth/oauth.go:187.26,189.3 1 0
github.com/dl-alexandre/gdrv/internal/auth/oauth.go:191.2,193.21 3 0
github.com/dl-alexandre/gdrv/internal/auth/oauth.go:193.21,196.17 3 0
github.com/dl-alexandre/gdrv/internal/auth/oauth.go:196.17,198.4 1 0
github.com/dl-alexandre/gdrv/internal/auth/oauth.go:201.2,201.36 1 0
github.com/dl-alexandre/gdrv/internal/auth/oauth.go:201.36,203.3 1 0
github.com/dl-alexandre/gdrv/internal/auth/oauth.go:205.2,206.17 2 0
github.com/dl-alexandre/gdrv/internal/auth/oauth.go:206.17,208.3 1 0
github.com/dl-alexandre/gdrv/internal/auth/oauth.go:210.2,210.20 1 0
github.com/dl-alexandre/gdrv/internal/auth/oauth.go:210.20,211.18 1 0
github.com/dl-alexandre/gdrv/internal/auth/oauth.go:211.18,213.4 1 0
github.com/dl-alexandre/gdrv/internal/auth/oauth.go:214.3,215.17 2 0
github.com/dl-alexandre/gdrv/internal/auth/oauth.go:215.17,217.4 1 0
github.com/dl-alexandre/gdrv/internal/auth/oauth.go:218.3,224.17 7 0
github.com/dl-alexandre/gdrv/internal/auth/oauth.go:224.17,226.4 1 0
github.com/dl-alexandre/gdrv/internal/auth/oauth.go:227.3,228.17 2 0
github.com/dl-alexandre/gdrv/internal/auth/oauth.go:228.17,230.4 1 0
github.com/dl-alexandre/gdrv/internal/auth/oauth.go:231.3,231.59 1 0
github.com/dl-alexandre/gdrv/internal/auth/oauth.go:231.59,233.4 1 0
github.com/dl-alexandre/gdrv/internal/auth/oauth.go:234.3,234.20 1 0
github.com/dl-alexandre/gdrv/internal/auth/oauth.go:237.2,242.45 4 0
github.com/dl-alexandre/gdrv/internal/auth/oauth.go:242.45,247.3 4 0
github.com/dl-alexandre/gdrv/internal/auth/oauth.go:249.2,250.16 2 0
github.com/dl-alexandre/gdrv/internal/auth/oauth.go:250.16,252.3 1 0
github.com/dl-alexandre/gdrv/internal/auth/oauth.go:254.2,255.16 2 0
github.com/dl-alexandre/gdrv/internal/auth/oauth.go:255.16,257.3 1 0
github.com/dl-alexandre/gdrv/internal/auth/oauth.go:259.2,259.58 1 0
github.com/dl-alexandre/gdrv/internal/auth/oauth.go:259.58,261.3 1 0
github.com/dl-alexandre/gdrv/internal/auth/oauth.go:263.2,263.19 1 0
github.com/dl-alexandre/gdrv/internal/auth/oauth.go:271.65,273.16 2 1
github.com/dl-alexandre/gdrv/internal/auth/oauth.go:273.16,275.3 1 0
github.com/dl-alexandre/gdrv/internal/auth/oauth.go:276.2,278.52 3 1
github.com/dl-alexandre/gdrv/internal/auth/oauth.go:281.63,285.2 3 1
github.com/dl-alexandre/gdrv/internal/auth/oauth.go:287.27,289.16 2 1
github.com/dl-alexandre/gdrv/internal/auth/oauth.go:289.16,293.3 3 1
github.com/dl-alexandre/gdrv/internal/auth/oauth.go:294.2,294.13 1 0
github.com/dl-alexandre/gdrv/internal/auth/oauth.go:297.27,298.40 1 1
github.com/dl-alexandre/gdrv/internal/auth/oauth.go:298.40,300.3 1 1
github.com/dl-alexandre/gdrv/internal/auth/oauth.go:301.2,301.64 1 1
github.com/dl-alexandre/gdrv/internal/auth/oauth.go:301.64,303.3 1 1
github.com/dl-alexandre/gdrv/internal/auth/oauth.go:304.2,304.99 1 1
github.com/dl-alexandre/gdrv/internal/auth/oauth.go:304.99,306.3 1 0
github.com/dl-alexandre/gdrv/internal/auth/oauth.go:307.2,307.69 1 1
github.com/dl-alexandre/gdrv/internal/auth/oauth.go:307.69,309.3 1 1
github.com/dl-alexandre/gdrv/internal/auth/oauth.go:310.2,310.14 1 1
github.com/dl-alexandre/gdrv/internal/auth/oauth_client_defaults.go:16.53,18.20 2 0
github.com/dl-alexandre/gdrv/internal/auth/oauth_client_defaults.go:18.20,20.3 1 0
github.com/dl-alexandre/gdrv/internal/auth/oauth_client_defaults.go:21.2,21.20 1 0
github.com/dl-alexandre/gdrv/internal/auth/oauth_client_defaults.go:21.20,23.3 1 0
github.com/dl-alexandre/gdrv/internal/auth/oauth_client_defaults.go:24.2,24.49 1 0
github.com/dl-alexandre/gdrv/internal/auth/service_account.go:31.148,32.23 1 1
github.com/dl-alexandre/gdrv/internal/auth/service_account.go:32.23,34.3 1 0
github.com/dl-alexandre/gdrv/internal/auth/service_account.go:35.2,35.48 1 1
github.com/dl-alexandre/gdrv/internal/auth/service_account.go:35.48,37.3 1 1
github.com/dl-alexandre/gdrv/internal/auth/service_account.go:38.2,38.22 1 1
github.com/dl-alexandre/gdrv/internal/auth/service_account.go:38.22,40.3 1 1
github.com/dl-alexandre/gdrv/internal/auth/service_account.go:41.2,41.70 1 1
github.com/dl-alexandre/gdrv/internal/auth/service_account.go:41.70,43.3 1 1
github.com/dl-alexandre/gdrv/internal/auth/service_account.go:44.2,45.16 2 1
github.com/dl-alexandre/gdrv/internal/auth/service_account.go:45.16,47.3 1 0
github.com/dl-alexandre/gdrv/internal/auth/service_account.go:50.2,51.56 2 1
github.com/dl-alexandre/gdrv/internal/auth/service_account.go:51.56,53.3 1 1
github.com/dl-alexandre/gdrv/internal/auth/service_account.go:54.2,54.37 1 1
github.com/dl-alexandre/gdrv/internal/auth/service_account.go:54.37,56.3 1 1
github.com/dl-alexandre/gdrv/internal/auth/service_account.go:57.2,57.29 1 1
github.com/dl-alexandre/gdrv/internal/auth/service_account.go:57.29,59.3 1 1
github.com/dl-alexandre/gdrv/internal/auth/service_account.go:60.2,60.28 1 1
github.com/dl-alexandre/gdrv/internal/auth/service_account.go:60.28,62.3 1 1
github.com/dl-alexandre/gdrv/internal/auth/service_account.go:64.2,65.27 2 0
github.com/dl-alexandre/gdrv/internal/auth/service_account.go:65.27,70.3 1 0
github.com/dl-alexandre/gdrv/internal/auth/service_account.go:70.8,72.3 1 0
github.com/dl-alexandre/gdrv/internal/auth/service_account.go:73.2,73.16 1 0
github.com/dl-alexandre/gdrv/internal/auth/service_account.go:73.16,75.3 1 0
github.com/dl-alexandre/gdrv/internal/auth/service_account.go:77.2,78.16 2 0
github.com/dl-alexandre/gdrv/internal/auth/service_account.go:78.16,80.3 1 0
github.com/dl-alexandre/gdrv/internal/auth/service_account.go:82.2,83.27 2 0
github.com/dl-alexandre/gdrv/internal/auth/service_account.go:83.27,85.3 1 0
github.com/dl-alexandre/gdrv/internal/auth/service_account.go:87.2,95.8 1 0
github.com/dl-alexandre/gdrv/internal/auth/service_account.go:99.106,102.2 2 0
github.com/dl-alexandre/gdrv/internal/auth/service_factory.go:30.58,32.2 1 1
github.com/dl-alexandre/gdrv/internal/auth/service_factory.go:34.129,35.17 1 1
github.com/dl-alexandre/gdrv/internal/auth/service_factory.go:36.20,37.42 1 1
github.com/dl-alexandre/gdrv/internal/auth/service_factory.go:38.21,39.43 1 1
github.com/dl-alexandre/gdrv/internal/auth/service_factory.go:40.19,41.41 1 1
github.com/dl-alexandre/gdrv/internal/auth/service_factory.go:42.21,43.43 1 1
github.com/dl-alexandre/gdrv/internal/auth/service_factory.go:44.23,45.42 1 1
github.com/dl-alexandre/gdrv/internal/auth/service_factory.go:46.10,47.62 1 1
github.com/dl-alexandre/gdrv/internal/auth/service_factory.go:51.116,54.2 2 1
github.com/dl-alexandre/gdrv/internal/auth/service_factory.go:56.118,59.2 2 1
github.com/dl-alexandre/gdrv/internal/auth/service_factory.go:61.114,64.2 2 1
github.com/dl-alexandre/gdrv/internal/auth/service_factory.go:66.118,69.2 2 1
github.com/dl-alexandre/gdrv/internal/auth/service_factory.go:71.116,74.2 2 1
github.com/dl-alexandre/gdrv/internal/auth/storage.go:30.60,34.2 1 1
github.com/dl-alexandre/gdrv/internal/auth/storage.go:36.66,40.2 1 1
github.com/dl-alexandre/gdrv/internal/auth/storage.go:42.63,44.16 2 1
github.com/dl-alexandre/gdrv/internal/auth/storage.go:44.16,46.3 1 0
github.com/dl-alexandre/gdrv/internal/auth/storage.go:47.2,47.26 1 1
github.com/dl-alexandre/gdrv/internal/auth/storage.go:50.55,52.2 1 1
github.com/dl-alexandre/gdrv/internal/auth/storage.go:54.40,56.2 1 1
github.com/dl-alexandre/gdrv/internal/auth/storage.go:65.77,68.16 2 1
github.com/dl-alexandre/gdrv/internal/auth/storage.go:68.16,70.3 1 0
github.com/dl-alexandre/gdrv/internal/auth/storage.go:72.2,75.8 1 1
github.com/dl-alexandre/gdrv/internal/auth/storage.go:78.72,80.16 2 1
github.com/dl-alexandre/gdrv/internal/auth/storage.go:80.16,82.3 1 0
github.com/dl-alexandre/gdrv/internal/auth/storage.go:84.2,85.66 2 1
github.com/dl-alexandre/gdrv/internal/auth/storage.go:85.66,87.3 1 0
github.com/dl-alexandre/gdrv/internal/auth/storage.go:89.2,89.48 1 1
github.com/dl-alexandre/gdrv/internal/auth/storage.go:92.69,95.16 3 1
github.com/dl-alexandre/gdrv/internal/auth/storage.go:95.16,97.3 1 1
github.com/dl-alexandre/gdrv/internal/auth/storage.go:99.2,99.29 1 1
github.com/dl-alexandre/gdrv/internal/auth/storage.go:102.61,105.2 2 1
github.com/dl-alexandre/gdrv/internal/auth/storage.go:107.46,109.2 1 1
github.com/dl-alexandre/gdrv/internal/auth/storage.go:111.77,113.2 1 1
github.com/dl-alexandre/gdrv/internal/auth/storage.go:116.74,118.16 2 1
github.com/dl-alexandre/gdrv/internal/auth/storage.go:118.16,120.3 1 0
github.com/dl-alexandre/gdrv/internal/auth/storage.go:122.2,123.16 2 1
github.com/dl-alexandre/gdrv/internal/auth/storage.go:123.16,125.3 1 0
github.com/dl-alexandre/gdrv/internal/auth/storage.go:127.2,128.59 2 1
github.com/dl-alexandre/gdrv/internal/auth/storage.go:128.59,130.3 1 0
github.com/dl-alexandre/gdrv/internal/auth/storage.go:132.2,133.24 2 1
github.com/dl-alexandre/gdrv/internal/auth/storage.go:137.75,139.16 2 1
github.com/dl-alexandre/gdrv/internal/auth/storage.go:139.16,141.3 1 0
github.com/dl-alexandre/gdrv/internal/auth/storage.go:143.2,144.16 2 1
github.com/dl-alexandre/gdrv/internal/auth/storage.go:144.16,146.3 1 0
github.com/dl-alexandre/gdrv/internal/auth/storage.go:148.2,148.39 1 1
github.com/dl-alexandre/gdrv/internal/auth/storage.go:148.39,150.3 1 0
github.com/dl-alexandre/gdrv/internal/auth/storage.go:152.2,156.16 4 1
github.com/dl-alexandre/gdrv/internal/auth/storage.go:156.16,158.3 1 1
github.com/dl-alexandre/gdrv/internal/auth/storage.go:160.2,160.23 1 1
github.com/dl-alexandre/gdrv/internal/auth/storage.go:169.60,173.2 1 1
github.com/dl-alexandre/gdrv/internal/auth/storage.go:175.68,177.66 2 1
github.com/dl-alexandre/gdrv/internal/auth/storage.go:177.66,179.3 1 0
github.com/dl-alexandre/gdrv/internal/auth/storage.go:180.2,180.43 1 1
github.com/dl-alexandre/gdrv/internal/auth/storage.go:183.65,186.16 3 1
github.com/dl-alexandre/gdrv/internal/auth/storage.go:186.16,188.3 1 1
github.com/dl-alexandre/gdrv/internal/auth/storage.go:189.2,189.18 1 1
github.com/dl-alexandre/gdrv/internal/auth/storage.go:192.57,195.2 2 1
github.com/dl-alexandre/gdrv/internal/auth/storage.go:197.42,199.2 1 1
github.com/dl-alexandre/gdrv/internal/auth/storage.go:201.73,203.2 1 1
github.com/dl-alexandre/gdrv/internal/auth/storage.go:206.63,210.51 2 1
github.com/dl-alexandre/gdrv/internal/auth/storage.go:210.51,212.35 2 1
github.com/dl-alexandre/gdrv/internal/auth/storage.go:212.35,214.4 1 1
github.com/dl-alexandre/gdrv/internal/auth/storage.go:218.2,219.42 2 1
github.com/dl-alexandre/gdrv/internal/auth/storage.go:219.42,221.3 1 0
github.com/dl-alexandre/gdrv/internal/auth/storage.go:224.2,224.51 1 1
github.com/dl-alexandre/gdrv/internal/auth/storage.go:224.51,226.3 1 0
github.com/dl-alexandre/gdrv/internal/auth/storage.go:228.2,229.69 2 1
github.com/dl-alexandre/gdrv/internal/auth/storage.go:229.69,231.3 1 0
github.com/dl-alexandre/gdrv/internal/auth/storage.go:233.2,233.17 1 1
github.com/dl-alexandre/gdrv/internal/auth/storage.go:237.52,241.18 3 1
github.com/dl-alexandre/gdrv/internal/auth/storage.go:241.18,246.17 3 0
github.com/dl-alexandre/gdrv/internal/auth/storage.go:246.17,247.26 1 0
github.com/dl-alexandre/gdrv/internal/auth/storage.go:247.26,249.5 1 0
github.com/dl-alexandre/gdrv/internal/auth/storage.go:250.4,250.19 1 0
github.com/dl-alexandre/gdrv/internal/auth/storage.go:253.3,253.57 1 0
github.com/dl-alexandre/gdrv/internal/auth/storage.go:253.57,255.4 1 0
github.com/dl-alexandre/gdrv/internal/auth/storage.go:256.8,260.17 3 1
github.com/dl-alexandre/gdrv/internal/auth/storage.go:260.17,261.26 1 1
github.com/dl-alexandre/gdrv/internal/auth/storage.go:261.26,263.5 1 1
github.com/dl-alexandre/gdrv/internal/auth/storage.go:264.4,264.19 1 0
github.com/dl-alexandre/gdrv/internal/auth/storage.go:267.3,267.33 1 1
github.com/dl-alexandre/gdrv/internal/auth/storage.go:267.33,268.22 1 1
github.com/dl-alexandre/gdrv/internal/auth/storage.go:268.22,271.67 2 1
github.com/dl-alexandre/gdrv/internal/auth/storage.go:271.67,272.49 1 1
github.com/dl-alexandre/gdrv/internal/auth/storage.go:272.49,273.15 1 1
github.com/dl-alexandre/gdrv/internal/auth/storage.go:275.6,277.73 3 1
github.com/dl-alexandre/gdrv/internal/auth/storage.go:277.73,279.7 1 0
github.com/dl-alexandre/gdrv/internal/auth/storage.go:280.6,280.36 1 1
github.com/dl-alexandre/gdrv/internal/auth/storage.go:280.36,283.7 2 1
github.com/dl-alexandre/gdrv/internal/auth/storage.go:289.2,289.22 1 1
github.com/dl-alexandre/gdrv/internal/auth/storage.go:293.58,294.19 1 1
github.com/dl-alexandre/gdrv/internal/auth/storage.go:294.19,296.3 1 1
github.com/dl-alexandre/gdrv/internal/auth/storage.go:298.2,299.39 2 0
github.com/dl-alexandre/gdrv/internal/auth/storage.go:299.39,301.3 1 0
github.com/dl-alexandre/gdrv/internal/auth/storage.go:304.2,304.29 1 0
github.com/dl-alexandre/gdrv/internal/auth/storage.go:304.29,305.19 1 0
github.com/dl-alexandre/gdrv/internal/auth/storage.go:305.19,307.4 1 0
github.com/dl-alexandre/gdrv/internal/auth/storage.go:310.2,312.16 3 0
github.com/dl-alexandre/gdrv/internal/auth/storage.go:312.16,314.3 1 0
github.com/dl-alexandre/gdrv/internal/auth/storage.go:316.2,317.55 2 0
github.com/dl-alexandre/gdrv/internal/auth/storage.go:317.55,319.3 1 0
github.com/dl-alexandre/gdrv/internal/auth/storage.go:321.2,321.47 1 0
github.com/dl-alexandre/gdrv/internal/auth/storage.go:325.63,326.19 1 1
github.com/dl-alexandre/gdrv/internal/auth/storage.go:326.19,328.3 1 1
github.com/dl-alexandre/gdrv/internal/auth/storage.go:330.2,331.16 2 0
github.com/dl-alexandre/gdrv/internal/auth/storage.go:331.16,333.3 1 0
github.com/dl-alexandre/gdrv/internal/auth/storage.go:335.2,336.29 2 0
github.com/dl-alexandre/gdrv/internal/auth/storage.go:336.29,337.19 1 0
github.com/dl-alexandre/gdrv/internal/auth/storage.go:337.19,339.4 1 0
github.com/dl-alexandre/gdrv/internal/auth/storage.go:342.2,343.16 2 0
github.com/dl-alexandre/gdrv/internal/auth/storage.go:343.16,345.3 1 0
github.com/dl-alexandre/gdrv/internal/auth/storage.go:347.2,348.47 2 0
