mode: set
github.com/dl-alexandre/gdrv/internal/admin/manager.go:17.73,22.2 1 0
github.com/dl-alexandre/gdrv/internal/admin/manager.go:35.138,38.6 3 0
github.com/dl-alexandre/gdrv/internal/admin/manager.go:38.6,40.24 2 0
github.com/dl-alexandre/gdrv/internal/admin/manager.go:40.24,42.4 1 0
github.com/dl-alexandre/gdrv/internal/admin/manager.go:43.3,43.26 1 0
github.com/dl-alexandre/gdrv/internal/admin/manager.go:43.26,45.4 1 0
github.com/dl-alexandre/gdrv/internal/admin/manager.go:46.3,46.23 1 0
github.com/dl-alexandre/gdrv/internal/admin/manager.go:46.23,48.4 1 0
github.com/dl-alexandre/gdrv/internal/admin/manager.go:49.3,49.26 1 0
github.com/dl-alexandre/gdrv/internal/admin/manager.go:49.26,51.4 1 0
github.com/dl-alexandre/gdrv/internal/admin/manager.go:52.3,52.22 1 0
github.com/dl-alexandre/gdrv/internal/admin/manager.go:52.22,54.4 1 0
github.com/dl-alexandre/gdrv/internal/admin/manager.go:55.3,55.25 1 0
github.com/dl-alexandre/gdrv/internal/admin/manager.go:55.25,57.4 1 0
github.com/dl-alexandre/gdrv/internal/admin/manager.go:58.3,58.24 1 0
github.com/dl-alexandre/gdrv/internal/admin/manager.go:58.24,60.4 1 0
github.com/dl-alexandre/gdrv/internal/admin/manager.go:62.3,62.94 1 0
github.com/dl-alexandre/gdrv/internal/admin/manager.go:62.94,64.4 1 0
github.com/dl-alexandre/gdrv/internal/admin/manager.go:65.3,65.17 1 0
github.com/dl-alexandre/gdrv/internal/admin/manager.go:65.17,67.4 1 0
github.com/dl-alexandre/gdrv/internal/admin/manager.go:69.3,70.51 2 0
github.com/dl-alexandre/gdrv/internal/admin/manager.go:70.51,75.4 1 0
github.com/dl-alexandre/gdrv/internal/admin/manager.go:76.3,76.35 1 0
github.com/dl-alexandre/gdrv/internal/admin/manager.go:80.130,82.18 2 0
github.com/dl-alexandre/gdrv/internal/admin/manager.go:82.18,84.3 1 0
github.com/dl-alexandre/gdrv/internal/admin/manager.go:85.2,85.92 1 0
github.com/dl-alexandre/gdrv/internal/admin/manager.go:85.92,87.3 1 0
github.com/dl-alexandre/gdrv/internal/admin/manager.go:88.2,88.16 1 0
github.com/dl-alexandre/gdrv/internal/admin/manager.go:88.16,90.3 1 0
github.com/dl-alexandre/gdrv/internal/admin/manager.go:91.2,92.24 2 0
github.com/dl-alexandre/gdrv/internal/admin/manager.go:95.132,104.92 2 0
github.com/dl-alexandre/gdrv/internal/admin/manager.go:104.92,106.3 1 0
github.com/dl-alexandre/gdrv/internal/admin/manager.go:107.2,107.16 1 0
github.com/dl-alexandre/gdrv/internal/admin/manager.go:107.16,109.3 1 0
github.com/dl-alexandre/gdrv/internal/admin/manager.go:110.2,111.24 2 0
github.com/dl-alexandre/gdrv/internal/admin/manager.go:114.103,115.81 1 0
github.com/dl-alexandre/gdrv/internal/admin/manager.go:115.81,117.3 1 0
github.com/dl-alexandre/gdrv/internal/admin/manager.go:118.2,118.12 1 0
github.com/dl-alexandre/gdrv/internal/admin/manager.go:121.148,125.51 3 0
github.com/dl-alexandre/gdrv/internal/admin/manager.go:125.51,127.27 2 0
github.com/dl-alexandre/gdrv/internal/admin/manager.go:127.27,130.4 2 0
github.com/dl-alexandre/gdrv/internal/admin/manager.go:131.3,131.28 1 0
github.com/dl-alexandre/gdrv/internal/admin/manager.go:131.28,134.4 2 0
github.com/dl-alexandre/gdrv/internal/admin/manager.go:136.2,136.26 1 0
github.com/dl-alexandre/gdrv/internal/admin/manager.go:136.26,139.3 2 0
github.com/dl-alexandre/gdrv/internal/admin/manager.go:140.2,140.28 1 0
github.com/dl-alexandre/gdrv/internal/admin/manager.go:140.28,143.3 2 0
github.com/dl-alexandre/gdrv/internal/admin/manager.go:144.2,144.25 1 0
github.com/dl-alexandre/gdrv/internal/admin/manager.go:144.25,146.3 1 0
github.com/dl-alexandre/gdrv/internal/admin/manager.go:148.2,150.92 2 0
github.com/dl-alexandre/gdrv/internal/admin/manager.go:150.92,152.3 1 0
github.com/dl-alexandre/gdrv/internal/admin/manager.go:153.2,153.16 1 0
github.com/dl-alexandre/gdrv/internal/admin/manager.go:153.16,155.3 1 0
github.com/dl-alexandre/gdrv/internal/admin/manager.go:156.2,157.24 2 0
github.com/dl-alexandre/gdrv/internal/admin/manager.go:160.119,164.2 1 0
github.com/dl-alexandre/gdrv/internal/admin/manager.go:166.121,170.2 1 0
github.com/dl-alexandre/gdrv/internal/admin/manager.go:183.141,186.6 3 0
github.com/dl-alexandre/gdrv/internal/admin/manager.go:186.6,188.24 2 0
github.com/dl-alexandre/gdrv/internal/admin/manager.go:188.24,190.4 1 0
github.com/dl-alexandre/gdrv/internal/admin/manager.go:191.3,191.26 1 0
github.com/dl-alexandre/gdrv/internal/admin/manager.go:191.26,193.4 1 0
github.com/dl-alexandre/gdrv/internal/admin/manager.go:194.3,194.23 1 0
github.com/dl-alexandre/gdrv/internal/admin/manager.go:194.23,196.4 1 0
github.com/dl-alexandre/gdrv/internal/admin/manager.go:197.3,197.26 1 0
github.com/dl-alexandre/gdrv/internal/admin/manager.go:197.26,199.4 1 0
github.com/dl-alexandre/gdrv/internal/admin/manager.go:200.3,200.22 1 0
github.com/dl-alexandre/gdrv/internal/admin/manager.go:200.22,202.4 1 0
github.com/dl-alexandre/gdrv/internal/admin/manager.go:203.3,203.25 1 0
github.com/dl-alexandre/gdrv/internal/admin/manager.go:203.25,205.4 1 0
github.com/dl-alexandre/gdrv/internal/admin/manager.go:206.3,206.24 1 0
github.com/dl-alexandre/gdrv/internal/admin/manager.go:206.24,208.4 1 0
github.com/dl-alexandre/gdrv/internal/admin/manager.go:210.3,210.95 1 0
github.com/dl-alexandre/gdrv/internal/admin/manager.go:210.95,212.4 1 0
github.com/dl-alexandre/gdrv/internal/admin/manager.go:213.3,213.17 1 0
github.com/dl-alexandre/gdrv/internal/admin/manager.go:213.17,215.4 1 0
github.com/dl-alexandre/gdrv/internal/admin/manager.go:217.3,218.51 2 0
github.com/dl-alexandre/gdrv/internal/admin/manager.go:218.51,223.4 1 0
github.com/dl-alexandre/gdrv/internal/admin/manager.go:224.3,224.35 1 0
github.com/dl-alexandre/gdrv/internal/admin/manager.go:232.141,234.38 2 0
github.com/dl-alexandre/gdrv/internal/admin/manager.go:234.38,236.3 1 0
github.com/dl-alexandre/gdrv/internal/admin/manager.go:237.2,237.93 1 0
github.com/dl-alexandre/gdrv/internal/admin/manager.go:237.93,239.3 1 0
github.com/dl-alexandre/gdrv/internal/admin/manager.go:240.2,240.16 1 0
github.com/dl-alexandre/gdrv/internal/admin/manager.go:240.16,242.3 1 0
github.com/dl-alexandre/gdrv/internal/admin/manager.go:243.2,244.24 2 0
github.com/dl-alexandre/gdrv/internal/admin/manager.go:247.135,253.93 2 0
github.com/dl-alexandre/gdrv/internal/admin/manager.go:253.93,255.3 1 0
github.com/dl-alexandre/gdrv/internal/admin/manager.go:256.2,256.16 1 0
github.com/dl-alexandre/gdrv/internal/admin/manager.go:256.16,258.3 1 0
github.com/dl-alexandre/gdrv/internal/admin/manager.go:259.2,260.24 2 0
github.com/dl-alexandre/gdrv/internal/admin/manager.go:263.105,264.81 1 0
github.com/dl-alexandre/gdrv/internal/admin/manager.go:264.81,266.3 1 0
github.com/dl-alexandre/gdrv/internal/admin/manager.go:267.2,267.12 1 0
github.com/dl-alexandre/gdrv/internal/admin/manager.go:270.152,274.21 3 0
github.com/dl-alexandre/gdrv/internal/admin/manager.go:274.21,277.3 2 0
github.com/dl-alexandre/gdrv/internal/admin/manager.go:278.2,278.28 1 0
github.com/dl-alexandre/gdrv/internal/admin/manager.go:278.28,281.3 2 0
github.com/dl-alexandre/gdrv/internal/admin/manager.go:282.2,282.25 1 0
github.com/dl-alexandre/gdrv/internal/admin/manager.go:282.25,284.3 1 0
github.com/dl-alexandre/gdrv/internal/admin/manager.go:286.2,288.93 2 0
github.com/dl-alexandre/gdrv/internal/admin/manager.go:288.93,290.3 1 0
github.com/dl-alexandre/gdrv/internal/admin/manager.go:291.2,291.16 1 0
github.com/dl-alexandre/gdrv/internal/admin/manager.go:291.16,293.3 1 0
github.com/dl-alexandre/gdrv/internal/admin/manager.go:294.2,295.24 2 0
github.com/dl-alexandre/gdrv/internal/admin/manager.go:306.161,310.6 3 0
github.com/dl-alexandre/gdrv/internal/admin/manager.go:310.6,312.26 2 0
github.com/dl-alexandre/gdrv/internal/admin/manager.go:312.26,314.4 1 0
github.com/dl-alexandre/gdrv/internal/admin/manager.go:315.3,315.22 1 0
github.com/dl-alexandre/gdrv/internal/admin/manager.go:315.22,317.4 1 0
github.com/dl-alexandre/gdrv/internal/admin/manager.go:318.3,318.23 1 0
github.com/dl-alexandre/gdrv/internal/admin/manager.go:318.23,320.4 1 0
github.com/dl-alexandre/gdrv/internal/admin/manager.go:321.3,321.24 1 0
github.com/dl-alexandre/gdrv/internal/admin/manager.go:321.24,323.4 1 0
github.com/dl-alexandre/gdrv/internal/admin/manager.go:325.3,325.96 1 0
github.com/dl-alexandre/gdrv/internal/admin/manager.go:325.96,327.4 1 0
github.com/dl-alexandre/gdrv/internal/admin/manager.go:328.3,328.17 1 0
github.com/dl-alexandre/gdrv/internal/admin/manager.go:328.17,330.4 1 0
github.com/dl-alexandre/gdrv/internal/admin/manager.go:332.3,333.51 2 0
github.com/dl-alexandre/gdrv/internal/admin/manager.go:333.51,338.4 1 0
github.com/dl-alexandre/gdrv/internal/admin/manager.go:339.3,339.35 1 0
github.com/dl-alexandre/gdrv/internal/admin/manager.go:343.149,348.23 2 0
github.com/dl-alexandre/gdrv/internal/admin/manager.go:348.23,350.3 1 0
github.com/dl-alexandre/gdrv/internal/admin/manager.go:351.2,351.94 1 0
github.com/dl-alexandre/gdrv/internal/admin/manager.go:351.94,353.3 1 0
github.com/dl-alexandre/gdrv/internal/admin/manager.go:354.2,354.16 1 0
github.com/dl-alexandre/gdrv/internal/admin/manager.go:354.16,356.3 1 0
github.com/dl-alexandre/gdrv/internal/admin/manager.go:357.2,358.24 2 0
github.com/dl-alexandre/gdrv/internal/admin/manager.go:361.117,362.81 1 0
github.com/dl-alexandre/gdrv/internal/admin/manager.go:362.81,364.3 1 0
github.com/dl-alexandre/gdrv/internal/admin/manager.go:365.2,365.12 1 0
github.com/dl-alexandre/gdrv/internal/admin/manager.go:368.55,369.40 1 1
github.com/dl-alexandre/gdrv/internal/admin/manager.go:369.40,371.3 1 1
github.com/dl-alexandre/gdrv/internal/admin/manager.go:372.2,373.35 2 1
github.com/dl-alexandre/gdrv/internal/admin/manager.go:373.35,375.3 1 1
github.com/dl-alexandre/gdrv/internal/admin/manager.go:376.2,376.15 1 1
github.com/dl-alexandre/gdrv/internal/admin/manager.go:379.59,380.43 1 1
github.com/dl-alexandre/gdrv/internal/admin/manager.go:380.43,382.3 1 1
github.com/dl-alexandre/gdrv/internal/admin/manager.go:383.2,384.38 2 1
github.com/dl-alexandre/gdrv/internal/admin/manager.go:384.38,386.3 1 1
github.com/dl-alexandre/gdrv/internal/admin/manager.go:387.2,387.15 1 1
github.com/dl-alexandre/gdrv/internal/admin/manager.go:390.50,391.17 1 1
github.com/dl-alexandre/gdrv/internal/admin/manager.go:391.17,393.3 1 1
github.com/dl-alexandre/gdrv/internal/admin/manager.go:394.2,397.22 4 1
github.com/dl-alexandre/gdrv/internal/admin/manager.go:397.22,401.3 3 1
github.com/dl-alexandre/gdrv/internal/admin/manager.go:402.2,411.3 1 1
github.com/dl-alexandre/gdrv/internal/admin/manager.go:414.54,415.18 1 1
github.com/dl-alexandre/gdrv/internal/admin/manager.go:415.18,417.3 1 1
github.com/dl-alexandre/gdrv/internal/admin/manager.go:418.2,419.35 2 1
github.com/dl-alexandre/gdrv/internal/admin/manager.go:419.35,421.3 1 1
github.com/dl-alexandre/gdrv/internal/admin/manager.go:422.2,429.3 1 1
github.com/dl-alexandre/gdrv/internal/admin/manager.go:432.32,434.2 1 0
github.com/dl-alexandre/gdrv/internal/admin/manager.go:436.63,437.46 1 0
github.com/dl-alexandre/gdrv/internal/admin/manager.go:437.46,439.3 1 0
github.com/dl-alexandre/gdrv/internal/admin/manager.go:440.2,441.41 2 0
github.com/dl-alexandre/gdrv/internal/admin/manager.go:441.41,443.3 1 0
github.com/dl-alexandre/gdrv/internal/admin/manager.go:444.2,444.15 1 0
github.com/dl-alexandre/gdrv/internal/admin/manager.go:447.58,448.19 1 0
github.com/dl-alexandre/gdrv/internal/admin/manager.go:448.19,450.3 1 0
github.com/dl-alexandre/gdrv/internal/admin/manager.go:451.2,457.3 1 0
github.com/dl-alexandre/gdrv/internal/config/config.go:70.30,83.2 1 1
github.com/dl-alexandre/gdrv/internal/config/config.go:86.30,91.43 2 0
github.com/dl-alexandre/gdrv/internal/config/config.go:91.43,93.26 1 0
github.com/dl-alexandre/gdrv/internal/config/config.go:93.26,95.4 1 0
github.com/dl-alexandre/gdrv/internal/config/config.go:99.2,102.39 2 0
github.com/dl-alexandre/gdrv/internal/config/config.go:102.39,104.3 1 0
github.com/dl-alexandre/gdrv/internal/config/config.go:106.2,106.17 1 0
github.com/dl-alexandre/gdrv/internal/config/config.go:110.39,112.16 2 1
github.com/dl-alexandre/gdrv/internal/config/config.go:112.16,114.3 1 0
github.com/dl-alexandre/gdrv/internal/config/config.go:116.2,117.16 2 1
github.com/dl-alexandre/gdrv/internal/config/config.go:117.16,119.3 1 0
github.com/dl-alexandre/gdrv/internal/config/config.go:121.2,121.32 1 1
github.com/dl-alexandre/gdrv/internal/config/config.go:125.32,126.60 1 1
github.com/dl-alexandre/gdrv/internal/config/config.go:126.60,128.3 1 1
github.com/dl-alexandre/gdrv/internal/config/config.go:129.2,129.58 1 1
github.com/dl-alexandre/gdrv/internal/config/config.go:129.58,131.3 1 1
github.com/dl-alexandre/gdrv/internal/config/config.go:132.2,132.59 1 1
github.com/dl-alexandre/gdrv/internal/config/config.go:132.59,134.3 1 1
github.com/dl-alexandre/gdrv/internal/config/config.go:135.2,135.54 1 1
github.com/dl-alexandre/gdrv/internal/config/config.go:135.54,136.46 1 1
github.com/dl-alexandre/gdrv/internal/config/config.go:136.46,138.4 1 1
github.com/dl-alexandre/gdrv/internal/config/config.go:140.2,140.65 1 1
github.com/dl-alexandre/gdrv/internal/config/config.go:140.65,142.3 1 1
github.com/dl-alexandre/gdrv/internal/config/config.go:143.2,143.56 1 1
github.com/dl-alexandre/gdrv/internal/config/config.go:143.56,144.50 1 1
github.com/dl-alexandre/gdrv/internal/config/config.go:144.50,146.4 1 1
github.com/dl-alexandre/gdrv/internal/config/config.go:148.2,148.61 1 1
github.com/dl-alexandre/gdrv/internal/config/config.go:148.61,149.48 1 0
github.com/dl-alexandre/gdrv/internal/config/config.go:149.48,151.4 1 0
github.com/dl-alexandre/gdrv/internal/config/config.go:153.2,153.60 1 1
github.com/dl-alexandre/gdrv/internal/config/config.go:153.60,154.50 1 0
github.com/dl-alexandre/gdrv/internal/config/config.go:154.50,156.4 1 0
github.com/dl-alexandre/gdrv/internal/config/config.go:158.2,158.54 1 1
github.com/dl-alexandre/gdrv/internal/config/config.go:158.54,160.3 1 1
github.com/dl-alexandre/gdrv/internal/config/config.go:161.2,161.57 1 1
github.com/dl-alexandre/gdrv/internal/config/config.go:161.57,163.3 1 0
github.com/dl-alexandre/gdrv/internal/config/config.go:167.31,169.37 1 0
github.com/dl-alexandre/gdrv/internal/config/config.go:169.37,171.3 1 0
github.com/dl-alexandre/gdrv/internal/config/config.go:173.2,174.16 2 0
github.com/dl-alexandre/gdrv/internal/config/config.go:174.16,176.3 1 0
github.com/dl-alexandre/gdrv/internal/config/config.go:179.2,180.53 2 0
github.com/dl-alexandre/gdrv/internal/config/config.go:180.53,182.3 1 0
github.com/dl-alexandre/gdrv/internal/config/config.go:185.2,186.16 2 0
github.com/dl-alexandre/gdrv/internal/config/config.go:186.16,188.3 1 0
github.com/dl-alexandre/gdrv/internal/config/config.go:191.2,191.61 1 0
github.com/dl-alexandre/gdrv/internal/config/config.go:191.61,193.3 1 0
github.com/dl-alexandre/gdrv/internal/config/config.go:195.2,195.12 1 0
github.com/dl-alexandre/gdrv/internal/config/config.go:199.35,202.52 1 1
github.com/dl-alexandre/gdrv/internal/config/config.go:202.52,204.3 1 1
github.com/dl-alexandre/gdrv/internal/config/config.go:207.2,209.36 1 1
github.com/dl-alexandre/gdrv/internal/config/config.go:209.36,211.3 1 1
github.com/dl-alexandre/gdrv/internal/config/config.go:214.2,214.20 1 1
github.com/dl-alexandre/gdrv/internal/config/config.go:214.20,216.3 1 1
github.com/dl-alexandre/gdrv/internal/config/config.go:219.2,219.43 1 1
github.com/dl-alexandre/gdrv/internal/config/config.go:219.43,221.3 1 1
github.com/dl-alexandre/gdrv/internal/config/config.go:224.2,224.56 1 1
github.com/dl-alexandre/gdrv/internal/config/config.go:224.56,226.3 1 1
github.com/dl-alexandre/gdrv/internal/config/config.go:229.2,229.53 1 1
github.com/dl-alexandre/gdrv/internal/config/config.go:229.53,231.3 1 1
github.com/dl-alexandre/gdrv/internal/config/config.go:234.2,236.39 3 1
github.com/dl-alexandre/gdrv/internal/config/config.go:236.39,237.26 1 1
github.com/dl-alexandre/gdrv/internal/config/config.go:237.26,239.9 2 1
github.com/dl-alexandre/gdrv/internal/config/config.go:242.2,242.14 1 1
github.com/dl-alexandre/gdrv/internal/config/config.go:242.14,244.3 1 1
github.com/dl-alexandre/gdrv/internal/config/config.go:246.2,246.12 1 1
github.com/dl-alexandre/gdrv/internal/config/config.go:250.46,252.2 1 1
github.com/dl-alexandre/gdrv/internal/config/config.go:255.52,257.2 1 1
github.com/dl-alexandre/gdrv/internal/config/config.go:260.52,262.2 1 1
github.com/dl-alexandre/gdrv/internal/config/config.go:265.38,267.16 2 1
github.com/dl-alexandre/gdrv/internal/config/config.go:267.16,269.3 1 0
github.com/dl-alexandre/gdrv/internal/config/config.go:270.2,270.54 1 1
github.com/dl-alexandre/gdrv/internal/config/config.go:274.37,275.59 1 1
github.com/dl-alexandre/gdrv/internal/config/config.go:275.59,277.3 1 0
github.com/dl-alexandre/gdrv/internal/config/config.go:278.2,279.16 2 1
github.com/dl-alexandre/gdrv/internal/config/config.go:279.16,281.3 1 0
github.com/dl-alexandre/gdrv/internal/config/config.go:283.2,283.55 1 1
github.com/dl-alexandre/gdrv/internal/config/config.go:287.31,290.2 2 1
github.com/dl-alexandre/gdrv/internal/config/config.go:293.75,296.16 2 1
github.com/dl-alexandre/gdrv/internal/config/config.go:297.24,303.4 1 1
github.com/dl-alexandre/gdrv/internal/config/config.go:304.25,320.4 1 1
github.com/dl-alexandre/gdrv/internal/config/config.go:321.21,367.4 1 1
github.com/dl-alexandre/gdrv/internal/config/config.go:371.2,371.24 1 1
github.com/dl-alexandre/gdrv/internal/config/config.go:371.24,373.3 1 1
github.com/dl-alexandre/gdrv/internal/config/config.go:375.2,375.51 1 1
github.com/dl-alexandre/gdrv/internal/config/output.go:39.62,50.2 1 1
github.com/dl-alexandre/gdrv/internal/config/output.go:53.70,59.2 1 1
github.com/dl-alexandre/gdrv/internal/config/output.go:62.80,64.35 2 1
github.com/dl-alexandre/gdrv/internal/config/output.go:64.35,66.3 1 0
github.com/dl-alexandre/gdrv/internal/config/output.go:68.2,78.32 2 1
github.com/dl-alexandre/gdrv/internal/config/output.go:78.32,80.3 1 0
github.com/dl-alexandre/gdrv/internal/config/output.go:82.2,82.18 1 1
github.com/dl-alexandre/gdrv/internal/config/output.go:83.30,84.29 1 1
github.com/dl-alexandre/gdrv/internal/config/output.go:85.31,86.28 1 1
github.com/dl-alexandre/gdrv/internal/config/output.go:87.10,88.63 1 0
github.com/dl-alexandre/gdrv/internal/config/output.go:93.83,106.44 3 1
github.com/dl-alexandre/gdrv/internal/config/output.go:106.44,108.3 1 0
github.com/dl-alexandre/gdrv/internal/config/output.go:111.2,111.15 1 1
github.com/dl-alexandre/gdrv/internal/config/output.go:111.15,113.3 1 0
github.com/dl-alexandre/gdrv/internal/config/output.go:115.2,115.12 1 1
github.com/dl-alexandre/gdrv/internal/config/output.go:119.61,123.2 3 1
github.com/dl-alexandre/gdrv/internal/config/output.go:126.62,128.37 1 1
github.com/dl-alexandre/gdrv/internal/config/output.go:128.37,129.38 1 0
github.com/dl-alexandre/gdrv/internal/config/output.go:129.38,131.4 1 0
github.com/dl-alexandre/gdrv/internal/config/output.go:132.3,132.30 1 0
github.com/dl-alexandre/gdrv/internal/config/output.go:135.2,135.56 1 1
github.com/dl-alexandre/gdrv/internal/config/output.go:135.56,137.3 1 0
github.com/dl-alexandre/gdrv/internal/config/output.go:138.2,138.52 1 1
github.com/dl-alexandre/gdrv/internal/config/output.go:138.52,140.3 1 0
github.com/dl-alexandre/gdrv/internal/config/output.go:142.2,142.26 1 1
github.com/dl-alexandre/gdrv/internal/config/output.go:143.26,144.29 1 1
github.com/dl-alexandre/gdrv/internal/config/output.go:145.24,146.49 1 0
github.com/dl-alexandre/gdrv/internal/config/output.go:147.27,148.35 1 1
github.com/dl-alexandre/gdrv/internal/config/output.go:149.25,150.56 1 0
github.com/dl-alexandre/gdrv/internal/config/output.go:151.29,152.51 1 1
github.com/dl-alexandre/gdrv/internal/config/output.go:152.51,154.4 1 0
github.com/dl-alexandre/gdrv/internal/config/output.go:155.3,155.28 1 1
github.com/dl-alexandre/gdrv/internal/config/output.go:155.28,157.4 1 1
github.com/dl-alexandre/gdrv/internal/config/output.go:158.3,158.25 1 1
github.com/dl-alexandre/gdrv/internal/config/output.go:158.25,160.4 1 1
github.com/dl-alexandre/gdrv/internal/config/output.go:161.3,161.13 1 1
github.com/dl-alexandre/gdrv/internal/config/output.go:162.30,164.33 1 0
github.com/dl-alexandre/gdrv/internal/config/output.go:165.10,174.5 1 0
github.com/dl-alexandre/gdrv/internal/config/output.go:178.75,180.20 2 0
github.com/dl-alexandre/gdrv/internal/config/output.go:180.20,181.15 1 0
github.com/dl-alexandre/gdrv/internal/config/output.go:181.15,183.4 1 0
github.com/dl-alexandre/gdrv/internal/config/output.go:184.3,184.13 1 0
github.com/dl-alexandre/gdrv/internal/config/output.go:187.2,199.27 12 0
github.com/dl-alexandre/gdrv/internal/config/output.go:199.27,201.3 1 0
github.com/dl-alexandre/gdrv/internal/config/output.go:203.2,204.12 2 0
github.com/dl-alexandre/gdrv/internal/config/output.go:208.74,209.21 1 1
github.com/dl-alexandre/gdrv/internal/config/output.go:209.21,210.15 1 0
github.com/dl-alexandre/gdrv/internal/config/output.go:210.15,212.4 1 0
github.com/dl-alexandre/gdrv/internal/config/output.go:213.3,213.13 1 0
github.com/dl-alexandre/gdrv/internal/config/output.go:216.2,230.29 12 1
github.com/dl-alexandre/gdrv/internal/config/output.go:230.29,241.3 3 1
github.com/dl-alexandre/gdrv/internal/config/output.go:243.2,244.12 2 1
github.com/dl-alexandre/gdrv/internal/config/output.go:248.81,249.21 1 1
github.com/dl-alexandre/gdrv/internal/config/output.go:249.21,250.15 1 0
github.com/dl-alexandre/gdrv/internal/config/output.go:250.15,252.4 1 0
github.com/dl-alexandre/gdrv/internal/config/output.go:253.3,253.13 1 0
github.com/dl-alexandre/gdrv/internal/config/output.go:256.2,262.29 6 1
github.com/dl-alexandre/gdrv/internal/config/output.go:262.29,265.24 3 1
github.com/dl-alexandre/gdrv/internal/config/output.go:265.24,267.4 1 1
github.com/dl-alexandre/gdrv/internal/config/output.go:269.3,275.5 1 1
github.com/dl-alexandre/gdrv/internal/config/output.go:278.2,279.12 2 1
github.com/dl-alexandre/gdrv/internal/config/output.go:283.81,290.31 6 0
github.com/dl-alexandre/gdrv/internal/config/output.go:290.31,293.3 2 0
github.com/dl-alexandre/gdrv/internal/config/output.go:295.2,296.12 2 0
github.com/dl-alexandre/gdrv/internal/config/output.go:300.67,301.14 1 1
github.com/dl-alexandre/gdrv/internal/config/output.go:301.14,303.3 1 0
github.com/dl-alexandre/gdrv/internal/config/output.go:307.71,308.15 1 1
github.com/dl-alexandre/gdrv/internal/config/output.go:308.15,310.3 1 1
github.com/dl-alexandre/gdrv/internal/config/output.go:314.69,316.15 1 0
github.com/dl-alexandre/gdrv/internal/config/output.go:316.15,318.3 1 0
github.com/dl-alexandre/gdrv/internal/config/output.go:324.58,326.37 1 1
github.com/dl-alexandre/gdrv/internal/config/output.go:326.37,328.3 1 1
github.com/dl-alexandre/gdrv/internal/config/output.go:330.2,330.16 1 1
github.com/dl-alexandre/gdrv/internal/config/output.go:330.16,332.3 1 1
github.com/dl-alexandre/gdrv/internal/config/output.go:334.2,335.18 2 1
github.com/dl-alexandre/gdrv/internal/config/output.go:335.18,337.3 1 1
github.com/dl-alexandre/gdrv/internal/config/output.go:339.2,340.46 2 1
github.com/dl-alexandre/gdrv/internal/config/output.go:340.46,343.3 2 1
github.com/dl-alexandre/gdrv/internal/config/output.go:345.2,345.76 1 1
github.com/dl-alexandre/gdrv/internal/config/output.go:349.42,350.21 1 1
github.com/dl-alexandre/gdrv/internal/config/output.go:350.21,352.3 1 1
github.com/dl-alexandre/gdrv/internal/config/output.go:354.2,355.16 2 1
github.com/dl-alexandre/gdrv/internal/config/output.go:355.16,357.3 1 0
github.com/dl-alexandre/gdrv/internal/config/output.go:360.2,363.25 3 1
github.com/dl-alexandre/gdrv/internal/config/output.go:363.25,365.3 1 0
github.com/dl-alexandre/gdrv/internal/config/output.go:365.8,365.32 1 1
github.com/dl-alexandre/gdrv/internal/config/output.go:365.32,367.3 1 0
github.com/dl-alexandre/gdrv/internal/config/output.go:367.8,367.34 1 1
github.com/dl-alexandre/gdrv/internal/config/output.go:367.34,369.3 1 0
github.com/dl-alexandre/gdrv/internal/config/output.go:371.2,371.31 1 1
github.com/dl-alexandre/gdrv/internal/config/output.go:375.45,395.43 2 1
github.com/dl-alexandre/gdrv/internal/config/output.go:395.43,397.3 1 1
github.com/dl-alexandre/gdrv/internal/config/output.go:400.2,400.65 1 0
github.com/dl-alexandre/gdrv/internal/config/output.go:400.65,402.3 1 0
github.com/dl-alexandre/gdrv/internal/config/output.go:405.2,406.20 2 0
github.com/dl-alexandre/gdrv/internal/config/output.go:406.20,408.3 1 0
github.com/dl-alexandre/gdrv/internal/config/output.go:410.2,410.17 1 0
github.com/dl-alexandre/gdrv/internal/config/output.go:414.50,416.2 1 1
github.com/dl-alexandre/gdrv/internal/config/output.go:419.59,420.29 1 1
github.com/dl-alexandre/gdrv/internal/config/output.go:420.29,422.3 1 1
github.com/dl-alexandre/gdrv/internal/config/output.go:423.2,423.23 1 1
github.com/dl-alexandre/gdrv/internal/config/output.go:423.23,425.3 1 1
github.com/dl-alexandre/gdrv/internal/config/output.go:426.2,426.27 1 1
github.com/dl-alexandre/gdrv/internal/config/output.go:426.27,428.3 1 1
github.com/dl-alexandre/gdrv/internal/config/output.go:429.2,429.12 1 1
github.com/dl-alexandre/gdrv/internal/config/output.go:433.50,434.22 1 1
github.com/dl-alexandre/gdrv/internal/config/output.go:434.22,436.3 1 1
github.com/dl-alexandre/gdrv/internal/config/output.go:437.2,437.17 1 1
github.com/dl-alexandre/gdrv/internal/config/output.go:437.17,439.3 1 1
github.com/dl-alexandre/gdrv/internal/config/output.go:440.2,440.29 1 1
github.com/dl-alexandre/gdrv/internal/api/client.go:29.105,30.19 1 1
github.com/dl-alexandre/gdrv/internal/api/client.go:30.19,32.3 1 0
github.com/dl-alexandre/gdrv/internal/api/client.go:33.2,39.3 1 1
github.com/dl-alexandre/gdrv/internal/api/client.go:43.109,52.2 1 1
github.com/dl-alexandre/gdrv/internal/api/client.go:55.98,58.2 2 1
github.com/dl-alexandre/gdrv/internal/api/client.go:61.102,64.2 2 1
github.com/dl-alexandre/gdrv/internal/api/client.go:67.130,82.60 6 1
github.com/dl-alexandre/gdrv/internal/api/client.go:82.60,83.18 1 1
github.com/dl-alexandre/gdrv/internal/api/client.go:83.18,88.4 1 1
github.com/dl-alexandre/gdrv/internal/api/client.go:90.3,91.21 2 1
github.com/dl-alexandre/gdrv/internal/api/client.go:91.21,98.4 3 1
github.com/dl-alexandre/gdrv/internal/api/client.go:100.3,100.28 1 1
github.com/dl-alexandre/gdrv/internal/api/client.go:100.28,108.4 3 1
github.com/dl-alexandre/gdrv/internal/api/client.go:110.3,110.34 1 1
github.com/dl-alexandre/gdrv/internal/api/client.go:110.34,117.11 3 1
github.com/dl-alexandre/gdrv/internal/api/client.go:118.22,119.29 1 1
github.com/dl-alexandre/gdrv/internal/api/client.go:120.29,120.29 0 1
github.com/dl-alexandre/gdrv/internal/api/client.go:125.2,132.62 3 1
github.com/dl-alexandre/gdrv/internal/api/client.go:136.34,137.46 1 1
github.com/dl-alexandre/gdrv/internal/api/client.go:137.46,138.22 1 1
github.com/dl-alexandre/gdrv/internal/api/client.go:139.32,140.15 1 1
github.com/dl-alexandre/gdrv/internal/api/client.go:143.2,143.14 1 1
github.com/dl-alexandre/gdrv/internal/api/client.go:147.86,149.46 1 1
github.com/dl-alexandre/gdrv/internal/api/client.go:149.46,151.23 2 1
github.com/dl-alexandre/gdrv/internal/api/client.go:151.23,153.60 1 1
github.com/dl-alexandre/gdrv/internal/api/client.go:153.60,156.70 2 1
github.com/dl-alexandre/gdrv/internal/api/client.go:156.70,158.6 1 0
github.com/dl-alexandre/gdrv/internal/api/client.go:159.5,159.17 1 1
github.com/dl-alexandre/gdrv/internal/api/client.go:166.2,169.67 2 1
github.com/dl-alexandre/gdrv/internal/api/client.go:169.67,171.3 1 1
github.com/dl-alexandre/gdrv/internal/api/client.go:174.2,179.15 4 1
github.com/dl-alexandre/gdrv/internal/api/client.go:179.15,181.3 1 0
github.com/dl-alexandre/gdrv/internal/api/client.go:183.2,183.14 1 1
github.com/dl-alexandre/gdrv/internal/api/client.go:187.90,189.2 1 1
github.com/dl-alexandre/gdrv/internal/api/client.go:192.43,194.2 1 0
github.com/dl-alexandre/gdrv/internal/api/client.go:197.53,199.2 1 1
github.com/dl-alexandre/gdrv/internal/api/operations.go:42.100,48.2 1 0
github.com/dl-alexandre/gdrv/internal/api/operations.go:51.138,54.34 2 0
github.com/dl-alexandre/gdrv/internal/api/operations.go:54.34,55.10 1 0
github.com/dl-alexandre/gdrv/internal/api/operations.go:56.21,57.25 1 0
github.com/dl-alexandre/gdrv/internal/api/operations.go:58.11,58.11 0 0
github.com/dl-alexandre/gdrv/internal/api/operations.go:61.3,62.17 2 0
github.com/dl-alexandre/gdrv/internal/api/operations.go:62.17,64.31 1 0
github.com/dl-alexandre/gdrv/internal/api/operations.go:64.31,73.5 1 0
github.com/dl-alexandre/gdrv/internal/api/operations.go:74.4,74.19 1 0
github.com/dl-alexandre/gdrv/internal/api/operations.go:77.3,77.14 1 0
github.com/dl-alexandre/gdrv/internal/api/operations.go:77.14,79.4 1 0
github.com/dl-alexandre/gdrv/internal/api/operations.go:81.3,81.29 1 0
github.com/dl-alexandre/gdrv/internal/api/operations.go:84.2,88.11 1 0
github.com/dl-alexandre/gdrv/internal/api/operations.go:91.96,98.2 1 0
github.com/dl-alexandre/gdrv/internal/api/operations.go:100.41,102.45 1 1
github.com/dl-alexandre/gdrv/internal/api/operations.go:102.45,104.3 1 1
github.com/dl-alexandre/gdrv/internal/api/operations.go:105.2,105.14 1 1
github.com/dl-alexandre/gdrv/internal/api/operations.go:109.47,110.45 1 1
github.com/dl-alexandre/gdrv/internal/api/operations.go:110.45,111.31 1 1
github.com/dl-alexandre/gdrv/internal/api/operations.go:112.34,113.20 1 1
github.com/dl-alexandre/gdrv/internal/api/operations.go:114.60,115.22 1 1
github.com/dl-alexandre/gdrv/internal/api/operations.go:116.11,117.18 1 1
github.com/dl-alexandre/gdrv/internal/api/operations.go:120.2,120.18 1 1
github.com/dl-alexandre/gdrv/internal/api/operations.go:124.100,126.16 2 0
github.com/dl-alexandre/gdrv/internal/api/operations.go:126.16,128.3 1 0
github.com/dl-alexandre/gdrv/internal/api/operations.go:130.2,131.16 2 0
github.com/dl-alexandre/gdrv/internal/api/operations.go:131.16,133.3 1 0
github.com/dl-alexandre/gdrv/internal/api/operations.go:134.2,136.38 2 0
github.com/dl-alexandre/gdrv/internal/api/operations.go:136.38,138.3 1 0
github.com/dl-alexandre/gdrv/internal/api/operations.go:140.2,141.12 2 0
github.com/dl-alexandre/gdrv/internal/api/request_shaper.go:14.54,16.2 1 1
github.com/dl-alexandre/gdrv/internal/api/request_shaper.go:19.112,24.18 3 1
github.com/dl-alexandre/gdrv/internal/api/request_shaper.go:24.18,26.3 1 1
github.com/dl-alexandre/gdrv/internal/api/request_shaper.go:28.2,28.13 1 1
github.com/dl-alexandre/gdrv/internal/api/request_shaper.go:32.115,37.23 2 1
github.com/dl-alexandre/gdrv/internal/api/request_shaper.go:37.23,39.3 1 1
github.com/dl-alexandre/gdrv/internal/api/request_shaper.go:39.8,41.3 1 1
github.com/dl-alexandre/gdrv/internal/api/request_shaper.go:43.2,43.13 1 1
github.com/dl-alexandre/gdrv/internal/api/request_shaper.go:47.121,52.18 3 1
github.com/dl-alexandre/gdrv/internal/api/request_shaper.go:52.18,54.3 1 1
github.com/dl-alexandre/gdrv/internal/api/request_shaper.go:56.2,56.13 1 1
github.com/dl-alexandre/gdrv/internal/api/request_shaper.go:60.121,66.18 4 1
github.com/dl-alexandre/gdrv/internal/api/request_shaper.go:66.18,68.3 1 1
github.com/dl-alexandre/gdrv/internal/api/request_shaper.go:70.2,70.13 1 1
github.com/dl-alexandre/gdrv/internal/api/request_shaper.go:74.121,78.18 3 1
github.com/dl-alexandre/gdrv/internal/api/request_shaper.go:78.18,80.3 1 1
github.com/dl-alexandre/gdrv/internal/api/request_shaper.go:82.2,82.13 1 1
github.com/dl-alexandre/gdrv/internal/api/request_shaper.go:86.115,91.18 4 1
github.com/dl-alexandre/gdrv/internal/api/request_shaper.go:91.18,93.3 1 1
github.com/dl-alexandre/gdrv/internal/api/request_shaper.go:95.2,95.13 1 1
github.com/dl-alexandre/gdrv/internal/api/request_shaper.go:99.133,103.18 3 1
github.com/dl-alexandre/gdrv/internal/api/request_shaper.go:103.18,105.3 1 1
github.com/dl-alexandre/gdrv/internal/api/request_shaper.go:107.2,107.13 1 1
github.com/dl-alexandre/gdrv/internal/api/request_shaper.go:111.139,115.18 3 1
github.com/dl-alexandre/gdrv/internal/api/request_shaper.go:115.18,117.3 1 1
github.com/dl-alexandre/gdrv/internal/api/request_shaper.go:119.2,119.13 1 1
github.com/dl-alexandre/gdrv/internal/api/request_shaper.go:123.139,127.18 3 1
github.com/dl-alexandre/gdrv/internal/api/request_shaper.go:127.18,129.3 1 0
github.com/dl-alexandre/gdrv/internal/api/request_shaper.go:131.2,131.13 1 1
github.com/dl-alexandre/gdrv/internal/api/request_shaper.go:135.139,139.18 3 1
github.com/dl-alexandre/gdrv/internal/api/request_shaper.go:139.18,141.3 1 0
github.com/dl-alexandre/gdrv/internal/api/request_shaper.go:143.2,143.13 1 1
github.com/dl-alexandre/gdrv/internal/api/request_shaper.go:147.127,149.18 2 1
github.com/dl-alexandre/gdrv/internal/api/request_shaper.go:149.18,151.3 1 1
github.com/dl-alexandre/gdrv/internal/api/request_shaper.go:153.2,153.13 1 1
github.com/dl-alexandre/gdrv/internal/api/request_shaper.go:157.124,159.18 2 0
github.com/dl-alexandre/gdrv/internal/api/request_shaper.go:159.18,161.3 1 0
github.com/dl-alexandre/gdrv/internal/api/request_shaper.go:163.2,163.13 1 0
github.com/dl-alexandre/gdrv/internal/api/request_shaper.go:167.133,169.18 2 0
github.com/dl-alexandre/gdrv/internal/api/request_shaper.go:169.18,171.3 1 0
github.com/dl-alexandre/gdrv/internal/api/request_shaper.go:173.2,173.13 1 0
github.com/dl-alexandre/gdrv/internal/api/request_shaper.go:177.118,180.2 1 1
github.com/dl-alexandre/gdrv/internal/api/resource_keys.go:27.50,32.2 2 1
github.com/dl-alexandre/gdrv/internal/api/resource_keys.go:35.62,38.2 2 0
github.com/dl-alexandre/gdrv/internal/api/resource_keys.go:41.73,50.33 4 1
github.com/dl-alexandre/gdrv/internal/api/resource_keys.go:50.33,52.3 1 0
github.com/dl-alexandre/gdrv/internal/api/resource_keys.go:56.67,61.9 4 1
github.com/dl-alexandre/gdrv/internal/api/resource_keys.go:61.9,63.3 1 1
github.com/dl-alexandre/gdrv/internal/api/resource_keys.go:64.2,64.32 1 1
github.com/dl-alexandre/gdrv/internal/api/resource_keys.go:68.67,73.29 4 1
github.com/dl-alexandre/gdrv/internal/api/resource_keys.go:73.29,74.35 1 1
github.com/dl-alexandre/gdrv/internal/api/resource_keys.go:74.35,76.4 1 1
github.com/dl-alexandre/gdrv/internal/api/resource_keys.go:79.2,79.21 1 1
github.com/dl-alexandre/gdrv/internal/api/resource_keys.go:79.21,81.3 1 1
github.com/dl-alexandre/gdrv/internal/api/resource_keys.go:82.2,82.33 1 1
github.com/dl-alexandre/gdrv/internal/api/resource_keys.go:86.78,88.58 1 1
github.com/dl-alexandre/gdrv/internal/api/resource_keys.go:88.58,90.3 1 1
github.com/dl-alexandre/gdrv/internal/api/resource_keys.go:97.2,102.24 5 1
github.com/dl-alexandre/gdrv/internal/api/resource_keys.go:102.24,105.25 2 1
github.com/dl-alexandre/gdrv/internal/api/resource_keys.go:105.25,109.26 3 1
github.com/dl-alexandre/gdrv/internal/api/resource_keys.go:109.26,111.5 1 1
github.com/dl-alexandre/gdrv/internal/api/resource_keys.go:115.2,116.29 2 1
github.com/dl-alexandre/gdrv/internal/api/resource_keys.go:116.29,118.3 1 1
github.com/dl-alexandre/gdrv/internal/api/resource_keys.go:120.2,120.50 1 1
github.com/dl-alexandre/gdrv/internal/api/resource_keys.go:124.56,129.33 4 1
github.com/dl-alexandre/gdrv/internal/api/resource_keys.go:129.33,131.3 1 0
github.com/dl-alexandre/gdrv/internal/api/resource_keys.go:135.38,140.33 4 1
github.com/dl-alexandre/gdrv/internal/api/resource_keys.go:140.33,142.3 1 0
github.com/dl-alexandre/gdrv/internal/api/resource_keys.go:146.80,147.23 1 0
github.com/dl-alexandre/gdrv/internal/api/resource_keys.go:147.23,149.3 1 0
github.com/dl-alexandre/gdrv/internal/api/resource_keys.go:152.43,153.18 1 0
github.com/dl-alexandre/gdrv/internal/api/resource_keys.go:153.18,155.3 1 0
github.com/dl-alexandre/gdrv/internal/api/resource_keys.go:157.2,158.16 2 0
github.com/dl-alexandre/gdrv/internal/api/resource_keys.go:158.16,159.25 1 0
github.com/dl-alexandre/gdrv/internal/api/resource_keys.go:159.25,161.4 1 0
github.com/dl-alexandre/gdrv/internal/api/resource_keys.go:162.3,162.13 1 0
github.com/dl-alexandre/gdrv/internal/api/resource_keys.go:165.2,167.39 3 0
github.com/dl-alexandre/gdrv/internal/api/resource_keys.go:170.43,171.18 1 1
github.com/dl-alexandre/gdrv/internal/api/resource_keys.go:171.18,173.3 1 1
github.com/dl-alexandre/gdrv/internal/api/resource_keys.go:175.2,176.16 2 0
github.com/dl-alexandre/gdrv/internal/api/resource_keys.go:176.16,178.3 1 0
github.com/dl-alexandre/gdrv/internal/api/resource_keys.go:180.2,180.64 1 0
github.com/dl-alexandre/gdrv/internal/api/resource_keys.go:180.64,182.3 1 0
github.com/dl-alexandre/gdrv/internal/api/resource_keys.go:183.2,183.41 1 0
github.com/dl-alexandre/gdrv/internal/api/resource_keys.go:194.41,196.2 1 1
github.com/dl-alexandre/gdrv/internal/api/resource_keys.go:199.35,201.2 1 1
github.com/dl-alexandre/gdrv/internal/docs/manager.go:17.69,22.2 1 0
github.com/dl-alexandre/gdrv/internal/docs/manager.go:24.126,26.89 2 0
github.com/dl-alexandre/gdrv/internal/docs/manager.go:26.89,28.3 1 0
github.com/dl-alexandre/gdrv/internal/docs/manager.go:29.2,29.16 1 0
github.com/dl-alexandre/gdrv/internal/docs/manager.go:29.16,31.3 1 0
github.com/dl-alexandre/gdrv/internal/docs/manager.go:32.2,36.8 1 0
github.com/dl-alexandre/gdrv/internal/docs/manager.go:39.131,41.89 2 0
github.com/dl-alexandre/gdrv/internal/docs/manager.go:41.89,43.3 1 0
github.com/dl-alexandre/gdrv/internal/docs/manager.go:44.2,44.16 1 0
github.com/dl-alexandre/gdrv/internal/docs/manager.go:44.16,46.3 1 0
github.com/dl-alexandre/gdrv/internal/docs/manager.go:47.2,54.8 2 0
github.com/dl-alexandre/gdrv/internal/docs/manager.go:57.169,61.111 2 0
github.com/dl-alexandre/gdrv/internal/docs/manager.go:61.111,63.3 1 0
github.com/dl-alexandre/gdrv/internal/docs/manager.go:64.2,64.16 1 0
github.com/dl-alexandre/gdrv/internal/docs/manager.go:64.16,66.3 1 0
github.com/dl-alexandre/gdrv/internal/docs/manager.go:67.2,68.46 2 0
github.com/dl-alexandre/gdrv/internal/docs/manager.go:68.46,70.3 1 0
github.com/dl-alexandre/gdrv/internal/docs/manager.go:71.2,71.49 1 0
github.com/dl-alexandre/gdrv/internal/docs/manager.go:71.49,73.3 1 0
github.com/dl-alexandre/gdrv/internal/docs/manager.go:74.2,77.8 1 0
github.com/dl-alexandre/gdrv/internal/docs/manager.go:80.50,81.40 1 1
github.com/dl-alexandre/gdrv/internal/docs/manager.go:81.40,83.3 1 1
github.com/dl-alexandre/gdrv/internal/docs/manager.go:84.2,85.39 2 1
github.com/dl-alexandre/gdrv/internal/docs/manager.go:85.39,87.3 1 1
github.com/dl-alexandre/gdrv/internal/docs/manager.go:88.2,88.22 1 1
github.com/dl-alexandre/gdrv/internal/docs/manager.go:91.85,92.20 1 1
github.com/dl-alexandre/gdrv/internal/docs/manager.go:92.20,94.3 1 0
github.com/dl-alexandre/gdrv/internal/docs/manager.go:95.2,95.67 1 1
github.com/dl-alexandre/gdrv/internal/docs/manager.go:95.67,96.55 1 1
github.com/dl-alexandre/gdrv/internal/docs/manager.go:96.55,97.65 1 1
github.com/dl-alexandre/gdrv/internal/docs/manager.go:97.65,99.5 1 1
github.com/dl-alexandre/gdrv/internal/docs/manager.go:102.2,102.60 1 1
github.com/dl-alexandre/gdrv/internal/docs/manager.go:102.60,103.47 1 1
github.com/dl-alexandre/gdrv/internal/docs/manager.go:103.47,104.29 1 1
github.com/dl-alexandre/gdrv/internal/docs/manager.go:104.29,105.41 1 1
github.com/dl-alexandre/gdrv/internal/docs/manager.go:105.41,106.29 1 1
github.com/dl-alexandre/gdrv/internal/docs/manager.go:106.29,107.45 1 1
github.com/dl-alexandre/gdrv/internal/docs/manager.go:107.45,109.8 1 1
github.com/dl-alexandre/gdrv/internal/docs/manager.go:111.6,111.28 1 1
github.com/dl-alexandre/gdrv/internal/docs/manager.go:114.4,114.26 1 1
github.com/dl-alexandre/gdrv/internal/docs/manager.go:117.2,117.33 1 1
github.com/dl-alexandre/gdrv/internal/docs/manager.go:117.33,119.3 1 1
github.com/dl-alexandre/gdrv/internal/docs/manager.go:122.34,123.16 1 1
github.com/dl-alexandre/gdrv/internal/docs/manager.go:123.16,125.3 1 1
github.com/dl-alexandre/gdrv/internal/docs/manager.go:126.2,126.34 1 1
github.com/dl-alexandre/gdrv/internal/drives/manager.go:19.46,24.2 1 1
github.com/dl-alexandre/gdrv/internal/drives/manager.go:78.128,82.18 3 0
github.com/dl-alexandre/gdrv/internal/drives/manager.go:82.18,84.3 1 0
github.com/dl-alexandre/gdrv/internal/drives/manager.go:85.2,85.21 1 0
github.com/dl-alexandre/gdrv/internal/drives/manager.go:85.21,87.3 1 0
github.com/dl-alexandre/gdrv/internal/drives/manager.go:89.2,89.94 1 0
github.com/dl-alexandre/gdrv/internal/drives/manager.go:89.94,91.3 1 0
github.com/dl-alexandre/gdrv/internal/drives/manager.go:92.2,92.16 1 0
github.com/dl-alexandre/gdrv/internal/drives/manager.go:92.16,94.3 1 0
github.com/dl-alexandre/gdrv/internal/drives/manager.go:96.2,97.34 2 0
github.com/dl-alexandre/gdrv/internal/drives/manager.go:97.34,99.3 1 0
github.com/dl-alexandre/gdrv/internal/drives/manager.go:101.2,104.8 1 0
github.com/dl-alexandre/gdrv/internal/drives/manager.go:108.127,112.18 2 0
github.com/dl-alexandre/gdrv/internal/drives/manager.go:112.18,114.3 1 0
github.com/dl-alexandre/gdrv/internal/drives/manager.go:116.2,116.90 1 0
github.com/dl-alexandre/gdrv/internal/drives/manager.go:116.90,118.3 1 0
github.com/dl-alexandre/gdrv/internal/drives/manager.go:119.2,119.16 1 0
github.com/dl-alexandre/gdrv/internal/drives/manager.go:119.16,121.3 1 0
github.com/dl-alexandre/gdrv/internal/drives/manager.go:123.2,123.43 1 0
github.com/dl-alexandre/gdrv/internal/drives/manager.go:128.57,131.2 1 0
github.com/dl-alexandre/gdrv/internal/drives/manager.go:134.57,148.27 2 1
github.com/dl-alexandre/gdrv/internal/drives/manager.go:148.27,169.3 1 1
github.com/dl-alexandre/gdrv/internal/drives/manager.go:172.2,172.27 1 1
github.com/dl-alexandre/gdrv/internal/drives/manager.go:172.27,179.3 1 1
github.com/dl-alexandre/gdrv/internal/drives/manager.go:181.2,181.11 1 1
github.com/dl-alexandre/gdrv/internal/export/formats.go:88.50,90.2 1 1
github.com/dl-alexandre/gdrv/internal/export/formats.go:93.67,97.38 2 1
github.com/dl-alexandre/gdrv/internal/export/formats.go:97.38,99.3 1 1
github.com/dl-alexandre/gdrv/internal/export/formats.go:102.2,103.9 2 1
github.com/dl-alexandre/gdrv/internal/export/formats.go:103.9,109.3 1 1
github.com/dl-alexandre/gdrv/internal/export/formats.go:111.2,111.22 1 1
github.com/dl-alexandre/gdrv/internal/export/formats.go:115.67,116.44 1 1
github.com/dl-alexandre/gdrv/internal/export/formats.go:116.44,121.3 1 1
github.com/dl-alexandre/gdrv/internal/export/formats.go:123.2,124.9 2 1
github.com/dl-alexandre/gdrv/internal/export/formats.go:124.9,129.3 1 1
github.com/dl-alexandre/gdrv/internal/export/formats.go:131.2,131.21 1 1
github.com/dl-alexandre/gdrv/internal/export/formats.go:135.72,136.44 1 1
github.com/dl-alexandre/gdrv/internal/export/formats.go:136.44,141.3 1 1
github.com/dl-alexandre/gdrv/internal/export/formats.go:143.2,144.9 2 1
github.com/dl-alexandre/gdrv/internal/export/formats.go:144.9,149.3 1 0
github.com/dl-alexandre/gdrv/internal/export/formats.go:152.2,152.42 1 1
github.com/dl-alexandre/gdrv/internal/export/formats.go:152.42,153.31 1 1
github.com/dl-alexandre/gdrv/internal/export/formats.go:153.31,155.4 1 1
github.com/dl-alexandre/gdrv/internal/export/formats.go:158.2,163.11 1 1
github.com/dl-alexandre/gdrv/internal/export/formats.go:167.40,169.36 2 1
github.com/dl-alexandre/gdrv/internal/export/formats.go:169.36,171.3 1 1
github.com/dl-alexandre/gdrv/internal/export/formats.go:172.2,172.19 1 1
github.com/dl-alexandre/gdrv/internal/export/formats.go:176.67,177.35 1 1
github.com/dl-alexandre/gdrv/internal/export/formats.go:178.33,179.33 1 1
github.com/dl-alexandre/gdrv/internal/export/formats.go:180.40,181.35 1 1
github.com/dl-alexandre/gdrv/internal/export/formats.go:182.41,183.35 1 1
github.com/dl-alexandre/gdrv/internal/export/formats.go:184.17,185.36 1 1
github.com/dl-alexandre/gdrv/internal/export/formats.go:186.14,187.33 1 1
github.com/dl-alexandre/gdrv/internal/export/formats.go:188.16,189.35 1 1
github.com/dl-alexandre/gdrv/internal/export/formats.go:190.10,194.12 1 1
github.com/dl-alexandre/gdrv/internal/auth/device_code.go:49.63,53.2 1 1
github.com/dl-alexandre/gdrv/internal/auth/device_code.go:56.94,62.16 5 1
github.com/dl-alexandre/gdrv/internal/auth/device_code.go:62.16,64.3 1 0
github.com/dl-alexandre/gdrv/internal/auth/device_code.go:65.2,69.16 4 1
github.com/dl-alexandre/gdrv/internal/auth/device_code.go:69.16,71.3 1 0
github.com/dl-alexandre/gdrv/internal/auth/device_code.go:72.2,74.38 2 1
github.com/dl-alexandre/gdrv/internal/auth/device_code.go:74.38,77.3 2 1
github.com/dl-alexandre/gdrv/internal/auth/device_code.go:79.2,80.71 2 0
github.com/dl-alexandre/gdrv/internal/auth/device_code.go:80.71,82.3 1 0
github.com/dl-alexandre/gdrv/internal/auth/device_code.go:84.2,85.25 2 0
github.com/dl-alexandre/gdrv/internal/auth/device_code.go:89.88,90.23 1 0
github.com/dl-alexandre/gdrv/internal/auth/device_code.go:90.23,92.3 1 0
github.com/dl-alexandre/gdrv/internal/auth/device_code.go:94.2,95.30 2 0
github.com/dl-alexandre/gdrv/internal/auth/device_code.go:95.30,97.3 1 0
github.com/dl-alexandre/gdrv/internal/auth/device_code.go:99.2,105.6 5 0
github.com/dl-alexandre/gdrv/internal/auth/device_code.go:105.6,106.10 1 0
github.com/dl-alexandre/gdrv/internal/auth/device_code.go:107.21,108.25 1 0
github.com/dl-alexandre/gdrv/internal/auth/device_code.go:109.19,110.32 1 0
github.com/dl-alexandre/gdrv/internal/auth/device_code.go:110.32,112.5 1 0
github.com/dl-alexandre/gdrv/internal/auth/device_code.go:114.4,115.18 2 0
github.com/dl-alexandre/gdrv/internal/auth/device_code.go:115.18,118.51 1 0
github.com/dl-alexandre/gdrv/internal/auth/device_code.go:118.51,119.14 1 0
github.com/dl-alexandre/gdrv/internal/auth/device_code.go:121.5,121.20 1 0
github.com/dl-alexandre/gdrv/internal/auth/device_code.go:124.4,124.20 1 0
github.com/dl-alexandre/gdrv/internal/auth/device_code.go:124.20,126.5 1 0
github.com/dl-alexandre/gdrv/internal/auth/device_code.go:132.105,140.16 7 1
github.com/dl-alexandre/gdrv/internal/auth/device_code.go:140.16,142.3 1 0
github.com/dl-alexandre/gdrv/internal/auth/device_code.go:143.2,146.16 3 1
github.com/dl-alexandre/gdrv/internal/auth/device_code.go:146.16,148.3 1 0
github.com/dl-alexandre/gdrv/internal/auth/device_code.go:149.2,152.70 3 1
github.com/dl-alexandre/gdrv/internal/auth/device_code.go:152.70,154.3 1 0
github.com/dl-alexandre/gdrv/internal/auth/device_code.go:157.2,157.27 1 1
github.com/dl-alexandre/gdrv/internal/auth/device_code.go:157.27,158.26 1 1
github.com/dl-alexandre/gdrv/internal/auth/device_code.go:159.32,160.51 1 0
github.com/dl-alexandre/gdrv/internal/auth/device_code.go:161.20,162.39 1 0
github.com/dl-alexandre/gdrv/internal/auth/device_code.go:163.24,164.53 1 0
github.com/dl-alexandre/gdrv/internal/auth/device_code.go:165.24,166.55 1 0
github.com/dl-alexandre/gdrv/internal/auth/device_code.go:167.11,168.62 1 1
github.com/dl-alexandre/gdrv/internal/auth/device_code.go:173.2,173.33 1 0
github.com/dl-alexandre/gdrv/internal/auth/device_code.go:173.33,184.3 3 0
github.com/dl-alexandre/gdrv/internal/auth/device_code.go:186.2,186.17 1 0
github.com/dl-alexandre/gdrv/internal/auth/device_code.go:190.111,191.26 1 0
github.com/dl-alexandre/gdrv/internal/auth/device_code.go:191.26,193.3 1 0
github.com/dl-alexandre/gdrv/internal/auth/device_code.go:195.2,199.16 3 0
github.com/dl-alexandre/gdrv/internal/auth/device_code.go:199.16,201.3 1 0
github.com/dl-alexandre/gdrv/internal/auth/device_code.go:204.2,210.46 6 0
github.com/dl-alexandre/gdrv/internal/auth/device_code.go:210.46,213.3 2 0
github.com/dl-alexandre/gdrv/internal/auth/device_code.go:215.2,219.16 3 0
github.com/dl-alexandre/gdrv/internal/auth/device_code.go:219.16,221.3 1 0
github.com/dl-alexandre/gdrv/internal/auth/device_code.go:224.2,224.58 1 0
github.com/dl-alexandre/gdrv/internal/auth/device_code.go:224.58,226.3 1 0
github.com/dl-alexandre/gdrv/internal/auth/device_code.go:228.2,228.19 1 0
github.com/dl-alexandre/gdrv/internal/auth/keyring_wrapper.go:9.61,11.2 1 0
github.com/dl-alexandre/gdrv/internal/auth/keyring_wrapper.go:13.63,15.2 1 0
github.com/dl-alexandre/gdrv/internal/auth/keyring_wrapper.go:17.55,19.2 1 0
github.com/dl-alexandre/gdrv/internal/auth/manager.go:45.44,47.2 1 1
github.com/dl-alexandre/gdrv/internal/auth/manager.go:56.76,62.25 2 1
github.com/dl-alexandre/gdrv/internal/auth/manager.go:62.25,68.3 4 1
github.com/dl-alexandre/gdrv/internal/auth/manager.go:68.8,68.64 1 1
github.com/dl-alexandre/gdrv/internal/auth/manager.go:68.64,71.17 2 1
github.com/dl-alexandre/gdrv/internal/auth/manager.go:71.17,76.4 3 0
github.com/dl-alexandre/gdrv/internal/auth/manager.go:76.9,79.32 3 1
github.com/dl-alexandre/gdrv/internal/auth/manager.go:79.32,81.5 1 1
github.com/dl-alexandre/gdrv/internal/auth/manager.go:83.3,83.25 1 1
github.com/dl-alexandre/gdrv/internal/auth/manager.go:84.8,89.3 3 0
github.com/dl-alexandre/gdrv/internal/auth/manager.go:91.2,91.12 1 1
github.com/dl-alexandre/gdrv/internal/auth/manager.go:95.35,98.16 3 1
github.com/dl-alexandre/gdrv/internal/auth/manager.go:98.16,100.3 1 1
github.com/dl-alexandre/gdrv/internal/auth/manager.go:101.2,102.13 2 0
github.com/dl-alexandre/gdrv/internal/auth/manager.go:106.82,114.2 1 0
github.com/dl-alexandre/gdrv/internal/auth/manager.go:117.51,119.2 1 0
github.com/dl-alexandre/gdrv/internal/auth/manager.go:122.79,124.16 2 0
github.com/dl-alexandre/gdrv/internal/auth/manager.go:124.16,126.3 1 0
github.com/dl-alexandre/gdrv/internal/auth/manager.go:128.2,129.16 2 0
github.com/dl-alexandre/gdrv/internal/auth/manager.go:129.16,131.3 1 0
github.com/dl-alexandre/gdrv/internal/auth/manager.go:133.2,142.8 1 0
github.com/dl-alexandre/gdrv/internal/auth/manager.go:146.83,148.26 2 0
github.com/dl-alexandre/gdrv/internal/auth/manager.go:148.26,150.3 1 0
github.com/dl-alexandre/gdrv/internal/auth/manager.go:151.2,166.16 5 0
github.com/dl-alexandre/gdrv/internal/auth/manager.go:166.16,168.3 1 0
github.com/dl-alexandre/gdrv/internal/auth/manager.go:170.2,170.50 1 0
github.com/dl-alexandre/gdrv/internal/auth/manager.go:170.50,172.3 1 0
github.com/dl-alexandre/gdrv/internal/auth/manager.go:174.2,188.52 3 0
github.com/dl-alexandre/gdrv/internal/auth/manager.go:188.52,191.3 1 0
github.com/dl-alexandre/gdrv/internal/auth/manager.go:193.2,193.12 1 0
github.com/dl-alexandre/gdrv/internal/auth/manager.go:197.59,198.59 1 0
github.com/dl-alexandre/gdrv/internal/auth/manager.go:198.59,200.3 1 0
github.com/dl-alexandre/gdrv/internal/auth/manager.go:203.2,203.57 1 0
github.com/dl-alexandre/gdrv/internal/auth/manager.go:203.57,206.3 1 0
github.com/dl-alexandre/gdrv/internal/auth/manager.go:208.2,208.12 1 0
github.com/dl-alexandre/gdrv/internal/auth/manager.go:212.63,214.2 1 1
github.com/dl-alexandre/gdrv/internal/auth/manager.go:217.113,218.39 1 0
github.com/dl-alexandre/gdrv/internal/auth/manager.go:218.39,220.3 1 0
github.com/dl-alexandre/gdrv/internal/auth/manager.go:221.2,221.26 1 0
github.com/dl-alexandre/gdrv/internal/auth/manager.go:221.26,223.3 1 0
github.com/dl-alexandre/gdrv/internal/auth/manager.go:225.2,233.16 4 0
github.com/dl-alexandre/gdrv/internal/auth/manager.go:233.16,235.3 1 0
github.com/dl-alexandre/gdrv/internal/auth/manager.go:237.2,244.8 1 0
github.com/dl-alexandre/gdrv/internal/auth/manager.go:248.104,250.16 2 0
github.com/dl-alexandre/gdrv/internal/auth/manager.go:250.16,253.3 1 0
github.com/dl-alexandre/gdrv/internal/auth/manager.go:255.2,255.92 1 0
github.com/dl-alexandre/gdrv/internal/auth/manager.go:255.92,256.41 1 0
github.com/dl-alexandre/gdrv/internal/auth/manager.go:256.41,259.4 1 0
github.com/dl-alexandre/gdrv/internal/auth/manager.go:260.3,260.20 1 0
github.com/dl-alexandre/gdrv/internal/auth/manager.go:263.2,263.27 1 0
github.com/dl-alexandre/gdrv/internal/auth/manager.go:263.27,265.17 2 0
github.com/dl-alexandre/gdrv/internal/auth/manager.go:265.17,268.4 1 0
github.com/dl-alexandre/gdrv/internal/auth/manager.go:269.3,269.62 1 0
github.com/dl-alexandre/gdrv/internal/auth/manager.go:269.62,271.4 1 0
github.com/dl-alexandre/gdrv/internal/auth/manager.go:272.3,272.23 1 0
github.com/dl-alexandre/gdrv/internal/auth/manager.go:275.2,275.19 1 0
github.com/dl-alexandre/gdrv/internal/auth/manager.go:279.93,285.26 2 0
github.com/dl-alexandre/gdrv/internal/auth/manager.go:285.26,287.3 1 0
github.com/dl-alexandre/gdrv/internal/auth/manager.go:288.2,288.39 1 0
github.com/dl-alexandre/gdrv/internal/auth/manager.go:288.39,290.3 1 0
github.com/dl-alexandre/gdrv/internal/auth/manager.go:291.2,291.41 1 0
github.com/dl-alexandre/gdrv/internal/auth/manager.go:295.91,297.16 2 0
github.com/dl-alexandre/gdrv/internal/auth/manager.go:297.16,299.3 1 0
github.com/dl-alexandre/gdrv/internal/auth/manager.go:301.2,302.16 2 0
github.com/dl-alexandre/gdrv/internal/auth/manager.go:302.16,303.21 1 0
github.com/dl-alexandre/gdrv/internal/auth/manager.go:303.21,305.18 2 0
github.com/dl-alexandre/gdrv/internal/auth/manager.go:305.18,307.5 1 0
github.com/dl-alexandre/gdrv/internal/auth/manager.go:308.4,308.28 1 0
github.com/dl-alexandre/gdrv/internal/auth/manager.go:308.28,309.53 1 0
github.com/dl-alexandre/gdrv/internal/auth/manager.go:309.53,311.6 1 0
github.com/dl-alexandre/gdrv/internal/auth/manager.go:313.9,315.4 1 0
github.com/dl-alexandre/gdrv/internal/auth/manager.go:318.2,319.54 2 0
github.com/dl-alexandre/gdrv/internal/auth/manager.go:319.54,321.3 1 0
github.com/dl-alexandre/gdrv/internal/auth/manager.go:323.2,323.21 1 0
github.com/dl-alexandre/gdrv/internal/auth/manager.go:326.65,328.16 2 0
github.com/dl-alexandre/gdrv/internal/auth/manager.go:328.16,331.3 2 0
github.com/dl-alexandre/gdrv/internal/auth/manager.go:332.2,332.50 1 0
github.com/dl-alexandre/gdrv/internal/auth/manager.go:332.50,334.3 1 0
github.com/dl-alexandre/gdrv/internal/auth/manager.go:335.2,335.12 1 0
github.com/dl-alexandre/gdrv/internal/auth/manager.go:338.72,341.16 3 0
github.com/dl-alexandre/gdrv/internal/auth/manager.go:341.16,343.48 2 0
github.com/dl-alexandre/gdrv/internal/auth/manager.go:343.48,345.4 1 0
github.com/dl-alexandre/gdrv/internal/auth/manager.go:348.2,349.16 2 0
github.com/dl-alexandre/gdrv/internal/auth/manager.go:349.16,351.3 1 0
github.com/dl-alexandre/gdrv/internal/auth/manager.go:352.2,352.19 1 0
github.com/dl-alexandre/gdrv/internal/auth/manager.go:352.19,353.60 1 0
github.com/dl-alexandre/gdrv/internal/auth/manager.go:353.60,359.4 1 0
github.com/dl-alexandre/gdrv/internal/auth/manager.go:360.3,360.22 1 0
github.com/dl-alexandre/gdrv/internal/auth/manager.go:363.2,363.16 1 0
github.com/dl-alexandre/gdrv/internal/auth/manager.go:363.16,365.33 2 0
github.com/dl-alexandre/gdrv/internal/auth/manager.go:365.33,371.4 1 0
github.com/dl-alexandre/gdrv/internal/auth/manager.go:374.2,374.21 1 0
github.com/dl-alexandre/gdrv/internal/auth/manager.go:377.88,380.16 3 0
github.com/dl-alexandre/gdrv/internal/auth/manager.go:380.16,381.25 1 0
github.com/dl-alexandre/gdrv/internal/auth/manager.go:381.25,383.4 1 0
github.com/dl-alexandre/gdrv/internal/auth/manager.go:384.3,384.20 1 0
github.com/dl-alexandre/gdrv/internal/auth/manager.go:386.2,386.32 1 0
github.com/dl-alexandre/gdrv/internal/auth/manager.go:386.32,387.72 1 0
github.com/dl-alexandre/gdrv/internal/auth/manager.go:387.72,388.12 1 0
github.com/dl-alexandre/gdrv/internal/auth/manager.go:390.3,392.17 3 0
github.com/dl-alexandre/gdrv/internal/auth/manager.go:392.17,393.12 1 0
github.com/dl-alexandre/gdrv/internal/auth/manager.go:395.3,395.93 1 0
github.com/dl-alexandre/gdrv/internal/auth/manager.go:395.93,397.4 1 0
github.com/dl-alexandre/gdrv/internal/auth/manager.go:399.2,399.19 1 0
github.com/dl-alexandre/gdrv/internal/auth/manager.go:402.67,405.16 3 0
github.com/dl-alexandre/gdrv/internal/auth/manager.go:405.16,406.25 1 0
github.com/dl-alexandre/gdrv/internal/auth/manager.go:406.25,408.4 1 0
github.com/dl-alexandre/gdrv/internal/auth/manager.go:409.3,409.17 1 0
github.com/dl-alexandre/gdrv/internal/auth/manager.go:412.2,414.32 3 0
github.com/dl-alexandre/gdrv/internal/auth/manager.go:414.32,415.72 1 0
github.com/dl-alexandre/gdrv/internal/auth/manager.go:415.72,416.12 1 0
github.com/dl-alexandre/gdrv/internal/auth/manager.go:418.3,419.17 2 0
github.com/dl-alexandre/gdrv/internal/auth/manager.go:419.17,420.12 1 0
github.com/dl-alexandre/gdrv/internal/auth/manager.go:422.3,424.17 3 0
github.com/dl-alexandre/gdrv/internal/auth/manager.go:424.17,425.12 1 0
github.com/dl-alexandre/gdrv/internal/auth/manager.go:427.3,427.30 1 0
github.com/dl-alexandre/gdrv/internal/auth/manager.go:427.30,428.12 1 0
github.com/dl-alexandre/gdrv/internal/auth/manager.go:430.3,430.61 1 0
github.com/dl-alexandre/gdrv/internal/auth/manager.go:430.61,433.4 2 0
github.com/dl-alexandre/gdrv/internal/auth/manager.go:435.2,435.25 1 0
github.com/dl-alexandre/gdrv/internal/auth/manager.go:438.71,439.58 1 0
github.com/dl-alexandre/gdrv/internal/auth/manager.go:439.58,441.3 1 0
github.com/dl-alexandre/gdrv/internal/auth/manager.go:442.2,442.42 1 0
github.com/dl-alexandre/gdrv/internal/auth/manager.go:442.42,444.3 1 0
github.com/dl-alexandre/gdrv/internal/auth/manager.go:445.2,445.11 1 0
github.com/dl-alexandre/gdrv/internal/auth/manager.go:448.53,449.20 1 0
github.com/dl-alexandre/gdrv/internal/auth/manager.go:449.20,451.3 1 0
github.com/dl-alexandre/gdrv/internal/auth/manager.go:452.2,455.23 4 0
github.com/dl-alexandre/gdrv/internal/auth/manager.go:455.23,457.3 1 0
github.com/dl-alexandre/gdrv/internal/auth/manager.go:458.2,458.23 1 0
github.com/dl-alexandre/gdrv/internal/auth/manager.go:461.49,462.16 1 0
github.com/dl-alexandre/gdrv/internal/auth/manager.go:462.16,464.3 1 0
github.com/dl-alexandre/gdrv/internal/auth/manager.go:465.2,465.48 1 0
github.com/dl-alexandre/gdrv/internal/auth/manager.go:471.85,473.33 2 1
github.com/dl-alexandre/gdrv/internal/auth/manager.go:473.33,475.3 1 1
github.com/dl-alexandre/gdrv/internal/auth/manager.go:476.2,476.31 1 1
github.com/dl-alexandre/gdrv/internal/auth/manager.go:476.31,477.21 1 1
github.com/dl-alexandre/gdrv/internal/auth/manager.go:477.21,480.4 1 1
github.com/dl-alexandre/gdrv/internal/auth/manager.go:482.2,482.12 1 1
github.com/dl-alexandre/gdrv/internal/auth/manager.go:486.37,488.2 1 0
github.com/dl-alexandre/gdrv/internal/auth/manager.go:491.38,493.2 1 0
github.com/dl-alexandre/gdrv/internal/auth/manager.go:495.72,497.2 1 0
github.com/dl-alexandre/gdrv/internal/auth/manager.go:499.70,501.16 2 0
github.com/dl-alexandre/gdrv/internal/auth/manager.go:501.16,503.3 1 0
github.com/dl-alexandre/gdrv/internal/auth/manager.go:504.2,504.26 1 0
github.com/dl-alexandre/gdrv/internal/auth/manager.go:505.24,506.31 1 0
github.com/dl-alexandre/gdrv/internal/auth/manager.go:507.24,508.68 1 0
github.com/dl-alexandre/gdrv/internal/auth/manager.go:509.20,510.69 1 0
github.com/dl-alexandre/gdrv/internal/auth/manager.go:511.10,512.31 1 0
github.com/dl-alexandre/gdrv/internal/auth/manager.go:516.75,518.16 2 0
github.com/dl-alexandre/gdrv/internal/auth/manager.go:518.16,520.3 1 0
github.com/dl-alexandre/gdrv/internal/auth/manager.go:521.2,523.16 3 0
github.com/dl-alexandre/gdrv/internal/auth/manager.go:523.16,525.3 1 0
github.com/dl-alexandre/gdrv/internal/auth/manager.go:526.2,526.18 1 0
github.com/dl-alexandre/gdrv/internal/auth/manager.go:530.46,532.2 1 0
github.com/dl-alexandre/gdrv/internal/auth/manager.go:535.46,537.2 1 0
github.com/dl-alexandre/gdrv/internal/auth/manager.go:540.64,556.41 2 0
github.com/dl-alexandre/gdrv/internal/auth/manager.go:556.41,558.3 1 0
github.com/dl-alexandre/gdrv/internal/auth/manager.go:560.2,560.34 1 0
github.com/dl-alexandre/gdrv/internal/auth/manager.go:564.92,567.2 2 0
github.com/dl-alexandre/gdrv/internal/auth/manager.go:569.55,571.2 1 0
github.com/dl-alexandre/gdrv/internal/auth/manager.go:573.108,575.2 1 0
github.com/dl-alexandre/gdrv/internal/auth/manager.go:577.104,579.2 1 0
github.com/dl-alexandre/gdrv/internal/auth/manager.go:581.108,583.2 1 0
github.com/dl-alexandre/gdrv/internal/auth/manager.go:585.106,587.2 1 0
github.com/dl-alexandre/gdrv/internal/auth/manager.go:589.61,590.17 1 1
github.com/dl-alexandre/gdrv/internal/auth/manager.go:591.20,592.35 1 1
github.com/dl-alexandre/gdrv/internal/auth/manager.go:593.21,594.37 1 1
github.com/dl-alexandre/gdrv/internal/auth/manager.go:595.19,596.35 1 1
github.com/dl-alexandre/gdrv/internal/auth/manager.go:597.21,598.37 1 1
github.com/dl-alexandre/gdrv/internal/auth/manager.go:599.23,600.81 1 1
github.com/dl-alexandre/gdrv/internal/auth/manager.go:601.10,602.13 1 1
github.com/dl-alexandre/gdrv/internal/auth/manager.go:606.94,608.24 2 0
github.com/dl-alexandre/gdrv/internal/auth/manager.go:608.24,610.3 1 0
github.com/dl-alexandre/gdrv/internal/auth/manager.go:611.2,611.42 1 0
github.com/dl-alexandre/gdrv/internal/auth/metadata.go:22.53,24.2 1 1
github.com/dl-alexandre/gdrv/internal/auth/metadata.go:26.73,27.83 1 1
github.com/dl-alexandre/gdrv/internal/auth/metadata.go:27.83,29.3 1 0
github.com/dl-alexandre/gdrv/internal/auth/metadata.go:30.2,31.16 2 1
github.com/dl-alexandre/gdrv/internal/auth/metadata.go:31.16,33.3 1 0
github.com/dl-alexandre/gdrv/internal/auth/metadata.go:34.2,34.67 1 1
github.com/dl-alexandre/gdrv/internal/auth/metadata.go:37.55,39.16 2 1
github.com/dl-alexandre/gdrv/internal/auth/metadata.go:39.16,41.3 1 0
github.com/dl-alexandre/gdrv/internal/auth/metadata.go:42.2,43.56 2 1
github.com/dl-alexandre/gdrv/internal/auth/metadata.go:43.56,45.3 1 0
github.com/dl-alexandre/gdrv/internal/auth/metadata.go:46.2,46.23 1 1
github.com/dl-alexandre/gdrv/internal/auth/metadata.go:49.33,51.2 1 1
github.com/dl-alexandre/gdrv/internal/auth/oauth.go:26.62,28.16 2 0
github.com/dl-alexandre/gdrv/internal/auth/oauth.go:28.16,30.3 1 0
github.com/dl-alexandre/gdrv/internal/auth/oauth.go:32.2,33.16 2 0
github.com/dl-alexandre/gdrv/internal/auth/oauth.go:33.16,36.3 2 0
github.com/dl-alexandre/gdrv/internal/auth/oauth.go:38.2,44.8 1 0
github.com/dl-alexandre/gdrv/internal/auth/oauth.go:48.41,50.2 1 0
github.com/dl-alexandre/gdrv/internal/auth/oauth.go:53.62,58.12 4 0
github.com/dl-alexandre/gdrv/internal/auth/oauth.go:58.12,59.67 1 0
github.com/dl-alexandre/gdrv/internal/auth/oauth.go:59.67,61.4 1 0
github.com/dl-alexandre/gdrv/internal/auth/oauth.go:64.2,64.12 1 0
github.com/dl-alexandre/gdrv/internal/auth/oauth.go:64.12,67.3 2 0
github.com/dl-alexandre/gdrv/internal/auth/oauth.go:71.76,72.43 1 0
github.com/dl-alexandre/gdrv/internal/auth/oauth.go:72.43,76.3 3 0
github.com/dl-alexandre/gdrv/internal/auth/oauth.go:78.2,79.16 2 0
github.com/dl-alexandre/gdrv/internal/auth/oauth.go:79.16,84.3 4 0
github.com/dl-alexandre/gdrv/internal/auth/oauth.go:86.2,88.114 3 0
github.com/dl-alexandre/gdrv/internal/auth/oauth.go:92.72,93.9 1 0
github.com/dl-alexandre/gdrv/internal/auth/oauth.go:94.28,95.19 1 0
github.com/dl-alexandre/gdrv/internal/auth/oauth.go:96.26,97.17 1 0
github.com/dl-alexandre/gdrv/internal/auth/oauth.go:98.29,99.52 1 0
github.com/dl-alexandre/gdrv/internal/auth/oauth.go:104.96,106.16 2 0
github.com/dl-alexandre/gdrv/internal/auth/oauth.go:106.16,108.3 1 0
github.com/dl-alexandre/gdrv/internal/auth/oauth.go:110.2,116.8 1 0
github.com/dl-alexandre/gdrv/internal/auth/oauth.go:120.29,121.23 1 0
github.com/dl-alexandre/gdrv/internal/auth/oauth.go:121.23,123.3 1 0
github.com/dl-alexandre/gdrv/internal/auth/oauth.go:126.38,128.40 2 0
github.com/dl-alexandre/gdrv/internal/auth/oauth.go:128.40,130.3 1 0
github.com/dl-alexandre/gdrv/internal/auth/oauth.go:131.2,131.50 1 0
github.com/dl-alexandre/gdrv/internal/auth/oauth.go:135.129,136.26 1 0
github.com/dl-alexandre/gdrv/internal/auth/oauth.go:136.26,138.3 1 0
github.com/dl-alexandre/gdrv/internal/auth/oauth.go:140.2,141.16 2 0
github.com/dl-alexandre/gdrv/internal/auth/oauth.go:141.16,143.3 1 0
github.com/dl-alexandre/gdrv/internal/auth/oauth.go:144.2,152.45 6 0
github.com/dl-alexandre/gdrv/internal/auth/oauth.go:152.45,154.3 1 0
github.com/dl-alexandre/gdrv/internal/auth/oauth.go:156.2,157.16 2 0
github.com/dl-alexandre/gdrv/internal/auth/oauth.go:157.16,159.3 1 0
github.com/dl-alexandre/gdrv/internal/auth/oauth.go:161.2,162.16 2 0
github.com/dl-alexandre/gdrv/internal/auth/oauth.go:162.16,164.3 1 0
github.com/dl-alexandre/gdrv/internal/auth/oauth.go:166.2,166.58 1 0
github.com/dl-alexandre/gdrv/internal/auth/oauth.go:166.58,168.3 1 0
github.com/dl-alexandre/gdrv/internal/auth/oauth.go:170.2,170.19 1 0
github.com/dl-alexandre/gdrv/internal/auth/service_account.go:31.148,32.23 1 0
github.com/dl-alexandre/gdrv/internal/auth/service_account.go:32.23,34.3 1 0
github.com/dl-alexandre/gdrv/internal/auth/service_account.go:35.2,35.48 1 0
github.com/dl-alexandre/gdrv/internal/auth/service_account.go:35.48,37.3 1 0
github.com/dl-alexandre/gdrv/internal/auth/service_account.go:38.2,38.22 1 0
github.com/dl-alexandre/gdrv/internal/auth/service_account.go:38.22,40.3 1 0
github.com/dl-alexandre/gdrv/internal/auth/service_account.go:41.2,41.70 1 0
github.com/dl-alexandre/gdrv/internal/auth/service_account.go:41.70,43.3 1 0
github.com/dl-alexandre/gdrv/internal/auth/service_account.go:44.2,45.16 2 0
github.com/dl-alexandre/gdrv/internal/auth/service_account.go:45.16,47.3 1 0
github.com/dl-alexandre/gdrv/internal/auth/service_account.go:50.2,51.56 2 0
github.com/dl-alexandre/gdrv/internal/auth/service_account.go:51.56,53.3 1 0
github.com/dl-alexandre/gdrv/internal/auth/service_account.go:54.2,54.37 1 0
github.com/dl-alexandre/gdrv/internal/auth/service_account.go:54.37,56.3 1 0
github.com/dl-alexandre/gdrv/internal/auth/service_account.go:57.2,57.29 1 0
github.com/dl-alexandre/gdrv/internal/auth/service_account.go:57.29,59.3 1 0
github.com/dl-alexandre/gdrv/internal/auth/service_account.go:60.2,60.28 1 0
github.com/dl-alexandre/gdrv/internal/auth/service_account.go:60.28,62.3 1 0
github.com/dl-alexandre/gdrv/internal/auth/service_account.go:64.2,65.27 2 0
github.com/dl-alexandre/gdrv/internal/auth/service_account.go:65.27,70.3 1 0
github.com/dl-alexandre/gdrv/internal/auth/service_account.go:70.8,72.3 1 0
github.com/dl-alexandre/gdrv/internal/auth/service_account.go:73.2,73.16 1 0
github.com/dl-alexandre/gdrv/internal/auth/service_account.go:73.16,75.3 1 0
github.com/dl-alexandre/gdrv/internal/auth/service_account.go:77.2,78.16 2 0
github.com/dl-alexandre/gdrv/internal/auth/service_account.go:78.16,80.3 1 0
github.com/dl-alexandre/gdrv/internal/auth/service_account.go:82.2,83.27 2 0
github.com/dl-alexandre/gdrv/internal/auth/service_account.go:83.27,85.3 1 0
github.com/dl-alexandre/gdrv/internal/auth/service_account.go:87.2,95.8 1 0
github.com/dl-alexandre/gdrv/internal/auth/service_account.go:99.106,102.2 2 0
github.com/dl-alexandre/gdrv/internal/auth/service_factory.go:30.58,32.2 1 0
github.com/dl-alexandre/gdrv/internal/auth/service_factory.go:34.129,35.17 1 0
github.com/dl-alexandre/gdrv/internal/auth/service_factory.go:36.20,37.42 1 0
github.com/dl-alexandre/gdrv/internal/auth/service_factory.go:38.21,39.43 1 0
github.com/dl-alexandre/gdrv/internal/auth/service_factory.go:40.19,41.41 1 0
github.com/dl-alexandre/gdrv/internal/auth/service_factory.go:42.21,43.43 1 0
github.com/dl-alexandre/gdrv/internal/auth/service_factory.go:44.23,45.42 1 0
github.com/dl-alexandre/gdrv/internal/auth/service_factory.go:46.10,47.62 1 0
github.com/dl-alexandre/gdrv/internal/auth/service_factory.go:51.116,54.2 2 0
github.com/dl-alexandre/gdrv/internal/auth/service_factory.go:56.118,59.2 2 0
github.com/dl-alexandre/gdrv/internal/auth/service_factory.go:61.114,64.2 2 0
github.com/dl-alexandre/gdrv/internal/auth/service_factory.go:66.118,69.2 2 0
github.com/dl-alexandre/gdrv/internal/auth/service_factory.go:71.116,74.2 2 0
github.com/dl-alexandre/gdrv/internal/auth/storage.go:30.60,34.2 1 0
github.com/dl-alexandre/gdrv/internal/auth/storage.go:36.66,40.2 1 0
github.com/dl-alexandre/gdrv/internal/auth/storage.go:42.63,44.16 2 0
github.com/dl-alexandre/gdrv/internal/auth/storage.go:44.16,46.3 1 0
github.com/dl-alexandre/gdrv/internal/auth/storage.go:47.2,47.26 1 0
github.com/dl-alexandre/gdrv/internal/auth/storage.go:50.55,52.2 1 0
github.com/dl-alexandre/gdrv/internal/auth/storage.go:54.40,56.2 1 0
github.com/dl-alexandre/gdrv/internal/auth/storage.go:65.77,68.16 2 1
github.com/dl-alexandre/gdrv/internal/auth/storage.go:68.16,70.3 1 0
github.com/dl-alexandre/gdrv/internal/auth/storage.go:72.2,75.8 1 1
github.com/dl-alexandre/gdrv/internal/auth/storage.go:78.72,80.16 2 1
github.com/dl-alexandre/gdrv/internal/auth/storage.go:80.16,82.3 1 0
github.com/dl-alexandre/gdrv/internal/auth/storage.go:84.2,85.66 2 1
github.com/dl-alexandre/gdrv/internal/auth/storage.go:85.66,87.3 1 0
github.com/dl-alexandre/gdrv/internal/auth/storage.go:89.2,89.48 1 1
github.com/dl-alexandre/gdrv/internal/auth/storage.go:92.69,95.16 3 1
github.com/dl-alexandre/gdrv/internal/auth/storage.go:95.16,97.3 1 0
github.com/dl-alexandre/gdrv/internal/auth/storage.go:99.2,99.29 1 1
github.com/dl-alexandre/gdrv/internal/auth/storage.go:102.61,105.2 2 1
github.com/dl-alexandre/gdrv/internal/auth/storage.go:107.46,109.2 1 0
github.com/dl-alexandre/gdrv/internal/auth/storage.go:111.77,113.2 1 1
github.com/dl-alexandre/gdrv/internal/auth/storage.go:116.74,118.16 2 1
github.com/dl-alexandre/gdrv/internal/auth/storage.go:118.16,120.3 1 0
github.com/dl-alexandre/gdrv/internal/auth/storage.go:122.2,123.16 2 1
github.com/dl-alexandre/gdrv/internal/auth/storage.go:123.16,125.3 1 0
github.com/dl-alexandre/gdrv/internal/auth/storage.go:127.2,128.59 2 1
github.com/dl-alexandre/gdrv/internal/auth/storage.go:128.59,130.3 1 0
github.com/dl-alexandre/gdrv/internal/auth/storage.go:132.2,133.24 2 1
github.com/dl-alexandre/gdrv/internal/auth/storage.go:137.75,139.16 2 1
github.com/dl-alexandre/gdrv/internal/auth/storage.go:139.16,141.3 1 0
github.com/dl-alexandre/gdrv/internal/auth/storage.go:143.2,144.16 2 1
github.com/dl-alexandre/gdrv/internal/auth/storage.go:144.16,146.3 1 0
github.com/dl-alexandre/gdrv/internal/auth/storage.go:148.2,148.39 1 1
github.com/dl-alexandre/gdrv/internal/auth/storage.go:148.39,150.3 1 0
github.com/dl-alexandre/gdrv/internal/auth/storage.go:152.2,156.16 4 1
github.com/dl-alexandre/gdrv/internal/auth/storage.go:156.16,158.3 1 0
github.com/dl-alexandre/gdrv/internal/auth/storage.go:160.2,160.23 1 1
github.com/dl-alexandre/gdrv/internal/auth/storage.go:169.60,173.2 1 1
github.com/dl-alexandre/gdrv/internal/auth/storage.go:175.68,177.66 2 1
github.com/dl-alexandre/gdrv/internal/auth/storage.go:177.66,179.3 1 0
github.com/dl-alexandre/gdrv/internal/auth/storage.go:180.2,180.43 1 1
github.com/dl-alexandre/gdrv/internal/auth/storage.go:183.65,186.16 3 1
github.com/dl-alexandre/gdrv/internal/auth/storage.go:186.16,188.3 1 0
github.com/dl-alexandre/gdrv/internal/auth/storage.go:189.2,189.18 1 1
github.com/dl-alexandre/gdrv/internal/auth/storage.go:192.57,195.2 2 1
github.com/dl-alexandre/gdrv/internal/auth/storage.go:197.42,199.2 1 0
github.com/dl-alexandre/gdrv/internal/auth/storage.go:201.73,203.2 1 1
github.com/dl-alexandre/gdrv/internal/auth/storage.go:206.63,210.51 2 1
github.com/dl-alexandre/gdrv/internal/auth/storage.go:210.51,212.35 2 1
github.com/dl-alexandre/gdrv/internal/auth/storage.go:212.35,214.4 1 1
github.com/dl-alexandre/gdrv/internal/auth/storage.go:218.2,219.42 2 1
github.com/dl-alexandre/gdrv/internal/auth/storage.go:219.42,221.3 1 0
github.com/dl-alexandre/gdrv/internal/auth/storage.go:224.2,224.51 1 1
github.com/dl-alexandre/gdrv/internal/auth/storage.go:224.51,226.3 1 0
github.com/dl-alexandre/gdrv/internal/auth/storage.go:228.2,229.69 2 1
github.com/dl-alexandre/gdrv/internal/auth/storage.go:229.69,231.3 1 0
github.com/dl-alexandre/gdrv/internal/auth/storage.go:233.2,233.17 1 1
github.com/dl-alexandre/gdrv/internal/auth/storage.go:237.52,241.18 3 1
github.com/dl-alexandre/gdrv/internal/auth/storage.go:241.18,246.17 3 0
github.com/dl-alexandre/gdrv/internal/auth/storage.go:246.17,247.26 1 0
github.com/dl-alexandre/gdrv/internal/auth/storage.go:247.26,249.5 1 0
github.com/dl-alexandre/gdrv/internal/auth/storage.go:250.4,250.19 1 0
github.com/dl-alexandre/gdrv/internal/auth/storage.go:253.3,253.57 1 0
github.com/dl-alexandre/gdrv/internal/auth/storage.go:253.57,255.4 1 0
github.com/dl-alexandre/gdrv/internal/auth/storage.go:256.8,260.17 3 1
github.com/dl-alexandre/gdrv/internal/auth/storage.go:260.17,261.26 1 1
github.com/dl-alexandre/gdrv/internal/auth/storage.go:261.26,263.5 1 1
github.com/dl-alexandre/gdrv/internal/auth/storage.go:264.4,264.19 1 0
github.com/dl-alexandre/gdrv/internal/auth/storage.go:267.3,267.33 1 1
github.com/dl-alexandre/gdrv/internal/auth/storage.go:267.33,268.22 1 1
github.com/dl-alexandre/gdrv/internal/auth/storage.go:268.22,271.67 2 1
github.com/dl-alexandre/gdrv/internal/auth/storage.go:271.67,272.49 1 1
github.com/dl-alexandre/gdrv/internal/auth/storage.go:272.49,273.15 1 0
github.com/dl-alexandre/gdrv/internal/auth/storage.go:275.6,277.73 3 1
github.com/dl-alexandre/gdrv/internal/auth/storage.go:277.73,279.7 1 0
github.com/dl-alexandre/gdrv/internal/auth/storage.go:280.6,280.36 1 1
github.com/dl-alexandre/gdrv/internal/auth/storage.go:280.36,283.7 2 1
github.com/dl-alexandre/gdrv/internal/auth/storage.go:289.2,289.22 1 1
github.com/dl-alexandre/gdrv/internal/auth/storage.go:293.58,294.19 1 0
github.com/dl-alexandre/gdrv/internal/auth/storage.go:294.19,296.3 1 0
github.com/dl-alexandre/gdrv/internal/auth/storage.go:298.2,299.39 2 0
github.com/dl-alexandre/gdrv/internal/auth/storage.go:299.39,301.3 1 0
github.com/dl-alexandre/gdrv/internal/auth/storage.go:304.2,304.29 1 0
github.com/dl-alexandre/gdrv/internal/auth/storage.go:304.29,305.19 1 0
github.com/dl-alexandre/gdrv/internal/auth/storage.go:305.19,307.4 1 0
github.com/dl-alexandre/gdrv/internal/auth/storage.go:310.2,312.16 3 0
github.com/dl-alexandre/gdrv/internal/auth/storage.go:312.16,314.3 1 0
github.com/dl-alexandre/gdrv/internal/auth/storage.go:316.2,317.55 2 0
github.com/dl-alexandre/gdrv/internal/auth/storage.go:317.55,319.3 1 0
github.com/dl-alexandre/gdrv/internal/auth/storage.go:321.2,321.47 1 0
github.com/dl-alexandre/gdrv/internal/auth/storage.go:325.63,326.19 1 0
github.com/dl-alexandre/gdrv/internal/auth/storage.go:326.19,328.3 1 0
github.com/dl-alexandre/gdrv/internal/auth/storage.go:330.2,331.16 2 0
github.com/dl-alexandre/gdrv/internal/auth/storage.go:331.16,333.3 1 0
github.com/dl-alexandre/gdrv/internal/auth/storage.go:335.2,336.29 2 0
github.com/dl-alexandre/gdrv/internal/auth/storage.go:336.29,337.19 1 0
github.com/dl-alexandre/gdrv/internal/auth/storage.go:337.19,339.4 1 0
github.com/dl-alexandre/gdrv/internal/auth/storage.go:342.2,343.16 2 0
github.com/dl-alexandre/gdrv/internal/auth/storage.go:343.16,345.3 1 0
github.com/dl-alexandre/gdrv/internal/auth/storage.go:347.2,348.47 2 0
github.com/dl-alexandre/gdrv/internal/files/manager.go:27.46,32.2 1 1
github.com/dl-alexandre/gdrv/internal/files/manager.go:70.141,72.16 2 0
github.com/dl-alexandre/gdrv/internal/files/manager.go:72.16,75.3 1 0
github.com/dl-alexandre/gdrv/internal/files/manager.go:76.2,79.16 3 0
github.com/dl-alexandre/gdrv/internal/files/manager.go:79.16,81.3 1 0
github.com/dl-alexandre/gdrv/internal/files/manager.go:83.2,84.16 2 0
github.com/dl-alexandre/gdrv/internal/files/manager.go:84.16,86.3 1 0
github.com/dl-alexandre/gdrv/internal/files/manager.go:88.2,91.25 2 0
github.com/dl-alexandre/gdrv/internal/files/manager.go:91.25,94.3 2 0
github.com/dl-alexandre/gdrv/internal/files/manager.go:95.2,95.25 1 0
github.com/dl-alexandre/gdrv/internal/files/manager.go:95.25,97.3 1 0
github.com/dl-alexandre/gdrv/internal/files/manager.go:100.2,104.20 3 0
github.com/dl-alexandre/gdrv/internal/files/manager.go:105.16,106.66 1 0
github.com/dl-alexandre/gdrv/internal/files/manager.go:107.19,108.69 1 0
github.com/dl-alexandre/gdrv/internal/files/manager.go:109.19,110.82 1 0
github.com/dl-alexandre/gdrv/internal/files/manager.go:113.2,113.16 1 0
github.com/dl-alexandre/gdrv/internal/files/manager.go:113.16,115.3 1 0
github.com/dl-alexandre/gdrv/internal/files/manager.go:118.2,118.30 1 0
github.com/dl-alexandre/gdrv/internal/files/manager.go:118.30,120.3 1 0
github.com/dl-alexandre/gdrv/internal/files/manager.go:122.2,122.38 1 0
github.com/dl-alexandre/gdrv/internal/files/manager.go:125.170,129.16 3 0
github.com/dl-alexandre/gdrv/internal/files/manager.go:129.16,132.3 1 0
github.com/dl-alexandre/gdrv/internal/files/manager.go:133.2,136.21 3 0
github.com/dl-alexandre/gdrv/internal/files/manager.go:136.21,138.3 1 0
github.com/dl-alexandre/gdrv/internal/files/manager.go:139.2,139.25 1 0
github.com/dl-alexandre/gdrv/internal/files/manager.go:139.25,141.3 1 0
github.com/dl-alexandre/gdrv/internal/files/manager.go:143.2,145.23 3 0
github.com/dl-alexandre/gdrv/internal/files/manager.go:145.23,147.3 1 0
github.com/dl-alexandre/gdrv/internal/files/manager.go:149.2,149.89 1 0
github.com/dl-alexandre/gdrv/internal/files/manager.go:149.89,151.3 1 0
github.com/dl-alexandre/gdrv/internal/files/manager.go:152.2,152.16 1 0
github.com/dl-alexandre/gdrv/internal/files/manager.go:152.16,154.3 1 0
github.com/dl-alexandre/gdrv/internal/files/manager.go:156.2,156.30 1 0
github.com/dl-alexandre/gdrv/internal/files/manager.go:156.30,158.3 1 0
github.com/dl-alexandre/gdrv/internal/files/manager.go:160.2,160.38 1 0
github.com/dl-alexandre/gdrv/internal/files/manager.go:163.64,165.46 1 1
github.com/dl-alexandre/gdrv/internal/files/manager.go:165.46,167.3 1 1
github.com/dl-alexandre/gdrv/internal/files/manager.go:170.2,170.81 1 1
github.com/dl-alexandre/gdrv/internal/files/manager.go:170.81,172.3 1 1
github.com/dl-alexandre/gdrv/internal/files/manager.go:174.2,174.17 1 1
github.com/dl-alexandre/gdrv/internal/files/manager.go:177.164,181.81 3 0
github.com/dl-alexandre/gdrv/internal/files/manager.go:181.81,183.3 1 0
github.com/dl-alexandre/gdrv/internal/files/manager.go:186.167,190.81 3 0
github.com/dl-alexandre/gdrv/internal/files/manager.go:190.81,192.3 1 0
github.com/dl-alexandre/gdrv/internal/files/manager.go:195.179,198.57 3 0
github.com/dl-alexandre/gdrv/internal/files/manager.go:198.58,201.3 0 0
github.com/dl-alexandre/gdrv/internal/files/manager.go:203.2,203.81 1 0
github.com/dl-alexandre/gdrv/internal/files/manager.go:203.81,205.3 1 0
github.com/dl-alexandre/gdrv/internal/files/manager.go:209.122,215.16 4 0
github.com/dl-alexandre/gdrv/internal/files/manager.go:215.16,217.3 1 0
github.com/dl-alexandre/gdrv/internal/files/manager.go:220.2,220.64 1 0
github.com/dl-alexandre/gdrv/internal/files/manager.go:220.64,225.3 1 0
github.com/dl-alexandre/gdrv/internal/files/manager.go:227.2,228.22 2 0
github.com/dl-alexandre/gdrv/internal/files/manager.go:228.22,229.80 1 0
github.com/dl-alexandre/gdrv/internal/files/manager.go:229.80,231.4 1 0
github.com/dl-alexandre/gdrv/internal/files/manager.go:231.9,233.4 1 0
github.com/dl-alexandre/gdrv/internal/files/manager.go:236.2,237.16 2 0
github.com/dl-alexandre/gdrv/internal/files/manager.go:237.16,240.3 1 0
github.com/dl-alexandre/gdrv/internal/files/manager.go:241.2,244.46 2 0
github.com/dl-alexandre/gdrv/internal/files/manager.go:244.46,246.3 1 0
github.com/dl-alexandre/gdrv/internal/files/manager.go:248.2,248.53 1 0
github.com/dl-alexandre/gdrv/internal/files/manager.go:251.122,257.16 4 0
github.com/dl-alexandre/gdrv/internal/files/manager.go:257.16,258.47 1 0
github.com/dl-alexandre/gdrv/internal/files/manager.go:258.47,263.4 1 0
github.com/dl-alexandre/gdrv/internal/files/manager.go:264.3,265.53 1 0
github.com/dl-alexandre/gdrv/internal/files/manager.go:267.2,270.12 3 0
github.com/dl-alexandre/gdrv/internal/files/manager.go:273.165,275.20 2 0
github.com/dl-alexandre/gdrv/internal/files/manager.go:275.20,277.3 1 0
github.com/dl-alexandre/gdrv/internal/files/manager.go:281.2,281.45 1 0
github.com/dl-alexandre/gdrv/internal/files/manager.go:281.45,290.32 2 0
github.com/dl-alexandre/gdrv/internal/files/manager.go:290.32,292.4 1 0
github.com/dl-alexandre/gdrv/internal/files/manager.go:294.3,294.47 1 0
github.com/dl-alexandre/gdrv/internal/files/manager.go:298.2,300.18 3 0
github.com/dl-alexandre/gdrv/internal/files/manager.go:300.18,302.3 1 0
github.com/dl-alexandre/gdrv/internal/files/manager.go:304.2,305.16 2 0
github.com/dl-alexandre/gdrv/internal/files/manager.go:305.16,306.47 1 0
github.com/dl-alexandre/gdrv/internal/files/manager.go:306.47,308.26 1 0
github.com/dl-alexandre/gdrv/internal/files/manager.go:308.26,309.37 1 0
github.com/dl-alexandre/gdrv/internal/files/manager.go:309.37,310.47 1 0
[...]
github.com/dl-alexandre/gdrv/internal/sync/scanner/remote.go:155.4,168.37 4 0
github.com/dl-alexandre/gdrv/internal/sync/scanner/remote.go:168.37,170.5 1 0
github.com/dl-alexandre/gdrv/internal/sync/scanner/remote.go:173.3,173.20 1 0
github.com/dl-alexandre/gdrv/internal/sync/scanner/remote.go:173.20,174.9 1 0
github.com/dl-alexandre/gdrv/internal/sync/scanner/remote.go:177.3,177.37 1 0
github.com/dl-alexandre/gdrv/internal/sync/scanner/remote.go:177.37,179.4 1 0
github.com/dl-alexandre/gdrv/internal/sync/scanner/remote.go:180.3,180.33 1 0
github.com/dl-alexandre/gdrv/internal/sync/scanner/remote.go:180.33,181.9 1 0
github.com/dl-alexandre/gdrv/internal/sync/scanner/remote.go:183.3,183.35 1 0
github.com/dl-alexandre/gdrv/internal/sync/scanner/remote.go:186.2,186.19 1 0
github.com/dl-alexandre/gdrv/internal/sync/scanner/remote.go:186.19,188.17 2 0
github.com/dl-alexandre/gdrv/internal/sync/scanner/remote.go:188.17,190.4 1 0
github.com/dl-alexandre/gdrv/internal/sync/scanner/remote.go:191.3,191.42 1 0
github.com/dl-alexandre/gdrv/internal/sync/scanner/remote.go:194.2,194.38 1 0
github.com/dl-alexandre/gdrv/internal/sync/scanner/remote.go:197.110,200.26 3 0
github.com/dl-alexandre/gdrv/internal/sync/scanner/remote.go:200.26,202.3 1 0
github.com/dl-alexandre/gdrv/internal/sync/scanner/remote.go:204.2,204.99 1 0
github.com/dl-alexandre/gdrv/internal/sync/scanner/remote.go:204.99,206.3 1 0
github.com/dl-alexandre/gdrv/internal/sync/scanner/remote.go:207.2,207.16 1 0
github.com/dl-alexandre/gdrv/internal/sync/scanner/remote.go:207.16,209.3 1 0
github.com/dl-alexandre/gdrv/internal/sync/scanner/remote.go:210.2,210.35 1 0
github.com/dl-alexandre/gdrv/internal/sync/scanner/remote.go:218.134,225.6 6 0
github.com/dl-alexandre/gdrv/internal/sync/scanner/remote.go:225.6,226.92 1 0
github.com/dl-alexandre/gdrv/internal/sync/scanner/remote.go:226.92,228.4 1 0
github.com/dl-alexandre/gdrv/internal/sync/scanner/remote.go:229.3,229.17 1 0
github.com/dl-alexandre/gdrv/internal/sync/scanner/remote.go:229.17,231.4 1 0
github.com/dl-alexandre/gdrv/internal/sync/scanner/remote.go:232.3,232.32 1 0
github.com/dl-alexandre/gdrv/internal/sync/scanner/remote.go:232.32,244.27 3 0
github.com/dl-alexandre/gdrv/internal/sync/scanner/remote.go:244.27,246.5 1 0
github.com/dl-alexandre/gdrv/internal/sync/scanner/remote.go:248.3,248.31 1 0
github.com/dl-alexandre/gdrv/internal/sync/scanner/remote.go:248.31,249.9 1 0
github.com/dl-alexandre/gdrv/internal/sync/scanner/remote.go:251.3,251.44 1 0
github.com/dl-alexandre/gdrv/internal/sync/scanner/remote.go:253.2,253.21 1 0
github.com/dl-alexandre/gdrv/internal/sync/scanner/remote.go:262.213,263.24 1 0
github.com/dl-alexandre/gdrv/internal/sync/scanner/remote.go:263.24,265.3 1 0
github.com/dl-alexandre/gdrv/internal/sync/scanner/remote.go:266.2,266.20 1 0
github.com/dl-alexandre/gdrv/internal/sync/scanner/remote.go:266.20,268.3 1 0
github.com/dl-alexandre/gdrv/internal/sync/scanner/remote.go:269.2,269.48 1 0
github.com/dl-alexandre/gdrv/internal/sync/scanner/remote.go:269.48,271.3 1 0
github.com/dl-alexandre/gdrv/internal/sync/scanner/remote.go:272.2,272.16 1 0
github.com/dl-alexandre/gdrv/internal/sync/scanner/remote.go:272.16,274.3 1 0
github.com/dl-alexandre/gdrv/internal/sync/scanner/remote.go:275.2,276.16 2 0
github.com/dl-alexandre/gdrv/internal/sync/scanner/remote.go:276.16,278.3 1 0
github.com/dl-alexandre/gdrv/internal/sync/scanner/remote.go:279.2,279.28 1 0
github.com/dl-alexandre/gdrv/internal/sync/scanner/remote.go:279.28,281.3 1 0
github.com/dl-alexandre/gdrv/internal/sync/scanner/remote.go:282.2,283.23 2 0
github.com/dl-alexandre/gdrv/internal/sync/scanner/remote.go:283.23,285.3 1 0
github.com/dl-alexandre/gdrv/internal/sync/scanner/remote.go:286.2,287.22 2 0
github.com/dl-alexandre/gdrv/internal/sync/scanner/remote.go:287.22,289.3 1 0
github.com/dl-alexandre/gdrv/internal/sync/scanner/remote.go:290.2,291.23 2 0
github.com/dl-alexandre/gdrv/internal/sync/scanner/remote.go:294.154,295.35 1 0
github.com/dl-alexandre/gdrv/internal/sync/scanner/remote.go:295.35,297.3 1 0
github.com/dl-alexandre/gdrv/internal/sync/scanner/remote.go:298.2,302.89 5 0
github.com/dl-alexandre/gdrv/internal/sync/scanner/remote.go:302.89,304.3 1 0
github.com/dl-alexandre/gdrv/internal/sync/scanner/remote.go:305.2,305.16 1 0
github.com/dl-alexandre/gdrv/internal/sync/scanner/remote.go:305.16,307.3 1 0
github.com/dl-alexandre/gdrv/internal/sync/scanner/remote.go:308.2,308.30 1 0
github.com/dl-alexandre/gdrv/internal/sync/scanner/remote.go:308.30,310.3 1 0
github.com/dl-alexandre/gdrv/internal/sync/scanner/remote.go:311.2,317.18 3 0
github.com/dl-alexandre/gdrv/internal/sync/scanner/remote.go:320.105,321.20 1 0
github.com/dl-alexandre/gdrv/internal/sync/scanner/remote.go:321.20,323.3 1 0
github.com/dl-alexandre/gdrv/internal/sync/scanner/remote.go:324.2,325.38 2 0
github.com/dl-alexandre/gdrv/internal/sync/scanner/remote.go:325.38,326.60 1 0
github.com/dl-alexandre/gdrv/internal/sync/scanner/remote.go:326.60,328.4 1 0
github.com/dl-alexandre/gdrv/internal/sync/scanner/remote.go:330.2,330.27 1 0
github.com/dl-alexandre/gdrv/internal/sync/scanner/remote.go:330.27,331.56 1 0
github.com/dl-alexandre/gdrv/internal/sync/scanner/remote.go:331.56,333.4 1 0
github.com/dl-alexandre/gdrv/internal/sync/scanner/remote.go:337.112,341.34 4 0
github.com/dl-alexandre/gdrv/internal/sync/scanner/remote.go:341.34,342.40 1 0
github.com/dl-alexandre/gdrv/internal/sync/scanner/remote.go:342.40,347.4 4 0
github.com/dl-alexandre/gdrv/internal/sync/scanner/remote.go:349.2,349.34 1 0
github.com/dl-alexandre/gdrv/internal/sync/scanner/remote.go:349.34,351.3 1 0
github.com/dl-alexandre/gdrv/internal/sync/scanner/remote.go:352.2,352.38 1 0
github.com/dl-alexandre/gdrv/internal/sync/scanner/remote.go:352.38,353.42 1 0
github.com/dl-alexandre/gdrv/internal/sync/scanner/remote.go:353.42,355.4 1 0
github.com/dl-alexandre/gdrv/internal/sync/conflict/resolver.go:18.89,22.37 3 0
github.com/dl-alexandre/gdrv/internal/sync/conflict/resolver.go:22.37,23.17 1 0
github.com/dl-alexandre/gdrv/internal/sync/conflict/resolver.go:24.24,25.60 1 0
github.com/dl-alexandre/gdrv/internal/sync/conflict/resolver.go:26.25,27.61 1 0
github.com/dl-alexandre/gdrv/internal/sync/conflict/resolver.go:28.25,30.10 2 0
github.com/dl-alexandre/gdrv/internal/sync/conflict/resolver.go:30.10,32.5 1 0
github.com/dl-alexandre/gdrv/internal/sync/conflict/resolver.go:32.10,34.5 1 0
github.com/dl-alexandre/gdrv/internal/sync/conflict/resolver.go:35.11,36.43 1 0
github.com/dl-alexandre/gdrv/internal/sync/conflict/resolver.go:40.2,40.27 1 0
github.com/dl-alexandre/gdrv/internal/sync/conflict/resolver.go:43.61,44.23 1 0
github.com/dl-alexandre/gdrv/internal/sync/conflict/resolver.go:45.33,52.5 1 0
github.com/dl-alexandre/gdrv/internal/sync/conflict/resolver.go:53.47,59.5 1 0
github.com/dl-alexandre/gdrv/internal/sync/conflict/resolver.go:60.47,66.5 1 0
github.com/dl-alexandre/gdrv/internal/sync/conflict/resolver.go:67.33,81.4 1 0
github.com/dl-alexandre/gdrv/internal/sync/conflict/resolver.go:83.2,83.12 1 0
github.com/dl-alexandre/gdrv/internal/sync/conflict/resolver.go:86.62,87.23 1 0
github.com/dl-alexandre/gdrv/internal/sync/conflict/resolver.go:88.33,95.5 1 0
github.com/dl-alexandre/gdrv/internal/sync/conflict/resolver.go:96.47,102.5 1 0
github.com/dl-alexandre/gdrv/internal/sync/conflict/resolver.go:103.47,109.5 1 0
github.com/dl-alexandre/gdrv/internal/sync/conflict/resolver.go:110.33,124.4 1 0
github.com/dl-alexandre/gdrv/internal/sync/conflict/resolver.go:126.2,126.12 1 0
github.com/dl-alexandre/gdrv/internal/sync/conflict/resolver.go:129.70,130.99 1 0
github.com/dl-alexandre/gdrv/internal/sync/conflict/resolver.go:130.99,132.3 1 0
github.com/dl-alexandre/gdrv/internal/sync/conflict/resolver.go:133.2,163.22 4 0
github.com/dl-alexandre/gdrv/internal/sync/conflict/resolver.go:166.48,170.2 3 0
github.com/dl-alexandre/gdrv/internal/testing/helpers.go:12.36,14.2 1 0
github.com/dl-alexandre/gdrv/internal/testing/helpers.go:17.49,26.2 1 0
github.com/dl-alexandre/gdrv/internal/testing/helpers.go:29.75,33.2 3 0
github.com/dl-alexandre/gdrv/internal/testing/helpers.go:36.79,40.2 3 0
github.com/dl-alexandre/gdrv/internal/testing/helpers.go:43.54,50.2 1 0
github.com/dl-alexandre/gdrv/internal/testing/helpers.go:53.46,59.2 1 0
github.com/dl-alexandre/gdrv/internal/testing/helpers.go:62.98,73.2 1 0
github.com/dl-alexandre/gdrv/internal/testing/helpers.go:76.73,83.2 1 0
github.com/dl-alexandre/gdrv/internal/testing/helpers.go:86.72,88.16 2 0
github.com/dl-alexandre/gdrv/internal/testing/helpers.go:88.16,89.26 1 0
github.com/dl-alexandre/gdrv/internal/testing/helpers.go:89.26,91.4 1 0
github.com/dl-alexandre/gdrv/internal/testing/helpers.go:91.9,93.4 1 0
github.com/dl-alexandre/gdrv/internal/testing/helpers.go:98.70,100.16 2 0
github.com/dl-alexandre/gdrv/internal/testing/helpers.go:100.16,101.26 1 0
github.com/dl-alexandre/gdrv/internal/testing/helpers.go:101.26,103.4 1 0
github.com/dl-alexandre/gdrv/internal/testing/helpers.go:103.9,105.4 1 0
github.com/dl-alexandre/gdrv/internal/testing/helpers.go:110.82,112.17 2 0
github.com/dl-alexandre/gdrv/internal/testing/helpers.go:112.17,113.26 1 0
github.com/dl-alexandre/gdrv/internal/testing/helpers.go:113.26,115.4 1 0
github.com/dl-alexandre/gdrv/internal/testing/helpers.go:115.9,117.4 1 0
github.com/dl-alexandre/gdrv/internal/testing/helpers.go:122.79,124.18 2 0
github.com/dl-alexandre/gdrv/internal/testing/helpers.go:124.18,125.26 1 0
github.com/dl-alexandre/gdrv/internal/testing/helpers.go:125.26,127.4 1 0
github.com/dl-alexandre/gdrv/internal/testing/helpers.go:127.9,129.4 1 0
github.com/dl-alexandre/gdrv/internal/testing/helpers.go:134.76,136.18 2 0
github.com/dl-alexandre/gdrv/internal/testing/helpers.go:136.18,137.26 1 0
github.com/dl-alexandre/gdrv/internal/testing/helpers.go:137.26,139.4 1 0
github.com/dl-alexandre/gdrv/internal/testing/helpers.go:139.9,141.4 1 0
github.com/dl-alexandre/gdrv/internal/sync/exclude/patterns.go:12.33,26.2 1 0
github.com/dl-alexandre/gdrv/internal/sync/exclude/patterns.go:28.38,30.29 2 0
github.com/dl-alexandre/gdrv/internal/sync/exclude/patterns.go:30.29,32.14 2 0
github.com/dl-alexandre/gdrv/internal/sync/exclude/patterns.go:32.14,33.12 1 0
github.com/dl-alexandre/gdrv/internal/sync/exclude/patterns.go:35.3,35.29 1 0
github.com/dl-alexandre/gdrv/internal/sync/exclude/patterns.go:37.2,37.35 1 0
github.com/dl-alexandre/gdrv/internal/sync/exclude/patterns.go:40.63,41.14 1 0
github.com/dl-alexandre/gdrv/internal/sync/exclude/patterns.go:41.14,43.3 1 0
github.com/dl-alexandre/gdrv/internal/sync/exclude/patterns.go:44.2,45.31 2 0
github.com/dl-alexandre/gdrv/internal/sync/exclude/patterns.go:45.31,47.14 2 0
github.com/dl-alexandre/gdrv/internal/sync/exclude/patterns.go:47.14,48.12 1 0
github.com/dl-alexandre/gdrv/internal/sync/exclude/patterns.go:50.3,50.32 1 0
github.com/dl-alexandre/gdrv/internal/sync/exclude/patterns.go:50.32,52.75 2 0
github.com/dl-alexandre/gdrv/internal/sync/exclude/patterns.go:52.75,54.5 1 0
github.com/dl-alexandre/gdrv/internal/sync/exclude/patterns.go:55.4,55.12 1 0
github.com/dl-alexandre/gdrv/internal/sync/exclude/patterns.go:57.3,57.37 1 0
github.com/dl-alexandre/gdrv/internal/sync/exclude/patterns.go:57.37,58.43 1 0
github.com/dl-alexandre/gdrv/internal/sync/exclude/patterns.go:58.43,60.5 1 0
github.com/dl-alexandre/gdrv/internal/sync/exclude/patterns.go:61.4,62.40 2 0
github.com/dl-alexandre/gdrv/internal/sync/exclude/patterns.go:62.40,64.5 1 0
github.com/dl-alexandre/gdrv/internal/sync/exclude/patterns.go:65.4,65.12 1 0
github.com/dl-alexandre/gdrv/internal/sync/exclude/patterns.go:67.3,67.56 1 0
github.com/dl-alexandre/gdrv/internal/sync/exclude/patterns.go:67.56,69.4 1 0
github.com/dl-alexandre/gdrv/internal/sync/exclude/patterns.go:70.3,70.40 1 0
github.com/dl-alexandre/gdrv/internal/sync/exclude/patterns.go:70.40,72.4 1 0
github.com/dl-alexandre/gdrv/internal/sync/exclude/patterns.go:74.2,74.14 1 0
github.com/dl-alexandre/gdrv/internal/folders/manager.go:22.46,27.2 1 1
github.com/dl-alexandre/gdrv/internal/folders/manager.go:30.133,31.20 1 0
github.com/dl-alexandre/gdrv/internal/folders/manager.go:31.20,33.3 1 0
github.com/dl-alexandre/gdrv/internal/folders/manager.go:35.2,39.20 2 0
github.com/dl-alexandre/gdrv/internal/folders/manager.go:39.20,41.3 1 0
github.com/dl-alexandre/gdrv/internal/folders/manager.go:43.2,47.89 4 0
github.com/dl-alexandre/gdrv/internal/folders/manager.go:47.89,49.3 1 0
github.com/dl-alexandre/gdrv/internal/folders/manager.go:50.2,50.16 1 0
github.com/dl-alexandre/gdrv/internal/folders/manager.go:50.16,52.3 1 0
github.com/dl-alexandre/gdrv/internal/folders/manager.go:54.2,54.38 1 0
github.com/dl-alexandre/gdrv/internal/folders/manager.go:58.155,67.18 6 0
github.com/dl-alexandre/gdrv/internal/folders/manager.go:67.18,69.3 1 0
github.com/dl-alexandre/gdrv/internal/folders/manager.go:70.2,70.21 1 0
github.com/dl-alexandre/gdrv/internal/folders/manager.go:70.21,72.3 1 0
github.com/dl-alexandre/gdrv/internal/folders/manager.go:74.2,74.93 1 0
github.com/dl-alexandre/gdrv/internal/folders/manager.go:74.93,76.3 1 0
github.com/dl-alexandre/gdrv/internal/folders/manager.go:77.2,77.16 1 0
github.com/dl-alexandre/gdrv/internal/folders/manager.go:77.16,79.3 1 0
github.com/dl-alexandre/gdrv/internal/folders/manager.go:81.2,82.33 2 0
github.com/dl-alexandre/gdrv/internal/folders/manager.go:82.33,84.3 1 0
github.com/dl-alexandre/gdrv/internal/folders/manager.go:86.2,90.8 1 0
github.com/dl-alexandre/gdrv/internal/folders/manager.go:94.116,96.2 1 0
github.com/dl-alexandre/gdrv/internal/folders/manager.go:105.185,110.16 3 0
github.com/dl-alexandre/gdrv/internal/folders/manager.go:110.16,112.3 1 0
github.com/dl-alexandre/gdrv/internal/folders/manager.go:115.2,116.15 2 0
github.com/dl-alexandre/gdrv/internal/folders/manager.go:116.15,118.17 2 0
github.com/dl-alexandre/gdrv/internal/folders/manager.go:118.17,120.4 1 0
github.com/dl-alexandre/gdrv/internal/folders/manager.go:124.2,124.36 1 0
github.com/dl-alexandre/gdrv/internal/folders/manager.go:124.36,126.16 2 0
github.com/dl-alexandre/gdrv/internal/folders/manager.go:126.16,128.92 1 0
github.com/dl-alexandre/gdrv/internal/folders/manager.go:128.92,130.5 1 0
github.com/dl-alexandre/gdrv/internal/folders/manager.go:132.3,132.13 1 0
github.com/dl-alexandre/gdrv/internal/folders/manager.go:136.2,136.26 1 0
github.com/dl-alexandre/gdrv/internal/folders/manager.go:136.26,137.36 1 0
github.com/dl-alexandre/gdrv/internal/folders/manager.go:137.36,142.18 2 0
github.com/dl-alexandre/gdrv/internal/folders/manager.go:142.18,144.5 1 0
github.com/dl-alexandre/gdrv/internal/folders/manager.go:145.4,145.18 1 0
github.com/dl-alexandre/gdrv/internal/folders/manager.go:145.18,147.5 1 0
github.com/dl-alexandre/gdrv/internal/folders/manager.go:148.9,153.18 2 0
github.com/dl-alexandre/gdrv/internal/folders/manager.go:153.18,155.5 1 0
github.com/dl-alexandre/gdrv/internal/folders/manager.go:156.4,156.18 1 0
github.com/dl-alexandre/gdrv/internal/folders/manager.go:156.18,158.5 1 0
github.com/dl-alexandre/gdrv/internal/folders/manager.go:162.2,162.15 1 0
github.com/dl-alexandre/gdrv/internal/folders/manager.go:162.15,164.91 1 0
github.com/dl-alexandre/gdrv/internal/folders/manager.go:164.91,166.4 1 0
github.com/dl-alexandre/gdrv/internal/folders/manager.go:169.2,172.83 3 0
github.com/dl-alexandre/gdrv/internal/folders/manager.go:172.83,174.3 1 0
github.com/dl-alexandre/gdrv/internal/folders/manager.go:175.2,175.12 1 0
github.com/dl-alexandre/gdrv/internal/folders/manager.go:178.177,180.6 2 0
github.com/dl-alexandre/gdrv/internal/folders/manager.go:180.6,182.17 2 0
github.com/dl-alexandre/gdrv/internal/folders/manager.go:182.17,184.4 1 0
github.com/dl-alexandre/gdrv/internal/folders/manager.go:186.3,186.37 1 0
github.com/dl-alexandre/gdrv/internal/folders/manager.go:186.37,187.45 1 0
github.com/dl-alexandre/gdrv/internal/folders/manager.go:187.45,188.92 1 0
github.com/dl-alexandre/gdrv/internal/folders/manager.go:188.92,190.6 1 0
github.com/dl-alexandre/gdrv/internal/folders/manager.go:194.4,194.38 1 0
github.com/dl-alexandre/gdrv/internal/folders/manager.go:194.38,196.13 2 0
github.com/dl-alexandre/gdrv/internal/folders/manager.go:200.4,211.87 4 0
github.com/dl-alexandre/gdrv/internal/folders/manager.go:211.87,213.5 1 0
github.com/dl-alexandre/gdrv/internal/folders/manager.go:214.4,214.18 1 0
github.com/dl-alexandre/gdrv/internal/folders/manager.go:214.18,216.5 1 0
github.com/dl-alexandre/gdrv/internal/folders/manager.go:219.3,219.33 1 0
github.com/dl-alexandre/gdrv/internal/folders/manager.go:219.33,220.9 1 0
github.com/dl-alexandre/gdrv/internal/folders/manager.go:222.3,222.35 1 0
github.com/dl-alexandre/gdrv/internal/folders/manager.go:224.2,224.12 1 0
github.com/dl-alexandre/gdrv/internal/folders/manager.go:227.114,230.6 3 0
github.com/dl-alexandre/gdrv/internal/folders/manager.go:230.6,232.17 2 0
github.com/dl-alexandre/gdrv/internal/folders/manager.go:232.17,234.4 1 0
github.com/dl-alexandre/gdrv/internal/folders/manager.go:236.3,236.37 1 0
github.com/dl-alexandre/gdrv/internal/folders/manager.go:236.37,238.45 2 0
github.com/dl-alexandre/gdrv/internal/folders/manager.go:238.45,240.19 2 0
github.com/dl-alexandre/gdrv/internal/folders/manager.go:240.19,242.6 1 0
github.com/dl-alexandre/gdrv/internal/folders/manager.go:243.5,243.22 1 0
github.com/dl-alexandre/gdrv/internal/folders/manager.go:247.3,247.33 1 0
github.com/dl-alexandre/gdrv/internal/folders/manager.go:247.33,248.9 1 0
github.com/dl-alexandre/gdrv/internal/folders/manager.go:250.3,250.35 1 0
github.com/dl-alexandre/gdrv/internal/folders/manager.go:252.2,252.19 1 0
github.com/dl-alexandre/gdrv/internal/folders/manager.go:256.138,264.90 5 0
github.com/dl-alexandre/gdrv/internal/folders/manager.go:264.90,266.3 1 0
github.com/dl-alexandre/gdrv/internal/folders/manager.go:267.2,267.16 1 0
github.com/dl-alexandre/gdrv/internal/folders/manager.go:267.16,269.3 1 0
github.com/dl-alexandre/gdrv/internal/folders/manager.go:271.2,272.36 2 0
github.com/dl-alexandre/gdrv/internal/folders/manager.go:272.36,273.12 1 0
github.com/dl-alexandre/gdrv/internal/folders/manager.go:273.12,275.4 1 0
github.com/dl-alexandre/gdrv/internal/folders/manager.go:276.3,276.21 1 0
github.com/dl-alexandre/gdrv/internal/folders/manager.go:279.2,283.25 5 0
github.com/dl-alexandre/gdrv/internal/folders/manager.go:283.25,285.3 1 0
github.com/dl-alexandre/gdrv/internal/folders/manager.go:287.2,287.89 1 0
github.com/dl-alexandre/gdrv/internal/folders/manager.go:287.89,289.3 1 0
github.com/dl-alexandre/gdrv/internal/folders/manager.go:290.2,290.16 1 0
github.com/dl-alexandre/gdrv/internal/folders/manager.go:290.16,292.3 1 0
github.com/dl-alexandre/gdrv/internal/folders/manager.go:294.2,294.38 1 0
github.com/dl-alexandre/gdrv/internal/folders/manager.go:298.132,303.18 4 0
github.com/dl-alexandre/gdrv/internal/folders/manager.go:303.18,305.3 1 0
github.com/dl-alexandre/gdrv/internal/folders/manager.go:305.8,307.3 1 0
github.com/dl-alexandre/gdrv/internal/folders/manager.go:309.2,309.89 1 0
github.com/dl-alexandre/gdrv/internal/folders/manager.go:309.89,311.3 1 0
github.com/dl-alexandre/gdrv/internal/folders/manager.go:312.2,312.16 1 0
github.com/dl-alexandre/gdrv/internal/folders/manager.go:312.16,314.3 1 0
github.com/dl-alexandre/gdrv/internal/folders/manager.go:316.2,316.38 1 0
github.com/dl-alexandre/gdrv/internal/folders/manager.go:320.136,327.89 5 0
github.com/dl-alexandre/gdrv/internal/folders/manager.go:327.89,329.3 1 0
github.com/dl-alexandre/gdrv/internal/folders/manager.go:330.2,330.16 1 0
github.com/dl-alexandre/gdrv/internal/folders/manager.go:330.16,332.3 1 0
github.com/dl-alexandre/gdrv/internal/folders/manager.go:334.2,334.38 1 0
github.com/dl-alexandre/gdrv/internal/folders/manager.go:337.55,350.27 2 1
github.com/dl-alexandre/gdrv/internal/folders/manager.go:350.27,359.3 1 1
github.com/dl-alexandre/gdrv/internal/folders/manager.go:360.2,360.13 1 1
