mode: set
github.com/dl-alexandre/gdrv/internal/admin/manager.go:17.73,22.2 1 0
github.com/dl-alexandre/gdrv/internal/admin/manager.go:35.138,38.6 3 0
github.com/dl-alexandre/gdrv/internal/admin/manager.go:38.6,40.24 2 0
github.com/dl-alexandre/gdrv/internal/admin/manager.go:40.24,42.4 1 0
github.com/dl-alexandre/gdrv/internal/admin/manager.go:43.3,43.26 1 0
github.com/dl-alexandre/gdrv/internal/admin/manager.go:43.26,45.4 1 0
github.com/dl-alexandre/gdrv/internal/admin/manager.go:46.3,46.23 1 0
github.com/dl-alexandre/gdrv/internal/admin/manager.go:46.23,48.4 1 0
github.com/dl-alexandre/gdrv/internal/admin/manager.go:49.3,49.26 1 0
github.com/dl-alexandre/gdrv/internal/admin/manager.go:49.26,51.4 1 0
github.com/dl-alexandre/gdrv/internal/admin/manager.go:52.3,52.22 1 0
github.com/dl-alexandre/gdrv/internal/admin/manager.go:52.22,54.4 1 0
github.com/dl-alexandre/gdrv/internal/admin/manager.go:55.3,55.25 1 0
github.com/dl-alexandre/gdrv/internal/admin/manager.go:55.25,57.4 1 0
github.com/dl-alexandre/gdrv/internal/admin/manager.go:58.3,58.24 1 0
github.com/dl-alexandre/gdrv/internal/admin/manager.go:58.24,60.4 1 0
github.com/dl-alexandre/gdrv/internal/admin/manager.go:62.3,62.94 1 0
github.com/dl-alexandre/gdrv/internal/admin/manager.go:62.94,64.4 1 0
github.com/dl-alexandre/gdrv/internal/admin/manager.go:65.3,65.17 1 0
github.com/dl-alexandre/gdrv/internal/admin/manager.go:65.17,67.4 1 0
github.com/dl-alexandre/gdrv/internal/admin/manager.go:69.3,70.51 2 0
github.com/dl-alexandre/gdrv/internal/admin/manager.go:70.51,75.4 1 0
github.com/dl-alexandre/gdrv/internal/admin/manager.go:76.3,76.35 1 0
github.com/dl-alexandre/gdrv/internal/admin/manager.go:80.130,82.18 2 0
github.com/dl-alexandre/gdrv/internal/admin/manager.go:82.18,84.3 1 0
github.com/dl-alexandre/gdrv/internal/admin/manager.go:85.2,85.92 1 0
github.com/dl-alexandre/gdrv/internal/admin/manager.go:85.92,87.3 1 0
github.com/dl-alexandre/gdrv/internal/admin/manager.go:88.2,88.16 1 0
github.com/dl-alexandre/gdrv/internal/admin/manager.go:88.16,90.3 1 0
github.com/dl-alexandre/gdrv/internal/admin/manager.go:91.2,92.24 2 0
github.com/dl-alexandre/gdrv/internal/admin/manager.go:95.132,104.92 2 0
github.com/dl-alexandre/gdrv/internal/admin/manager.go:104.92,106.3 1 0
github.com/dl-alexandre/gdrv/internal/admin/manager.go:107.2,107.16 1 0
github.com/dl-alexandre/gdrv/internal/admin/manager.go:107.16,109.3 1 0
github.com/dl-alexandre/gdrv/internal/admin/manager.go:110.2,111.24 2 0
github.com/dl-alexandre/gdrv/internal/admin/manager.go:114.103,115.81 1 0
github.com/dl-alexandre/gdrv/internal/admin/manager.go:115.81,117.3 1 0
github.com/dl-alexandre/gdrv/internal/admin/manager.go:118.2,118.12 1 0
github.com/dl-alexandre/gdrv/internal/admin/manager.go:121.148,125.51 3 0
github.com/dl-alexandre/gdrv/internal/admin/manager.go:125.51,127.27 2 0
github.com/dl-alexandre/gdrv/internal/admin/manager.go:127.27,130.4 2 0
github.com/dl-alexandre/gdrv/internal/admin/manager.go:131.3,131.28 1 0
github.com/dl-alexandre/gdrv/internal/admin/manager.go:131.28,134.4 2 0
github.com/dl-alexandre/gdrv/internal/admin/manager.go:136.2,136.26 1 0
github.com/dl-alexandre/gdrv/internal/admin/manager.go:136.26,139.3 2 0
github.com/dl-alexandre/gdrv/internal/admin/manager.go:140.2,140.28 1 0
github.com/dl-alexandre/gdrv/internal/admin/manager.go:140.28,143.3 2 0
github.com/dl-alexandre/gdrv/internal/admin/manager.go:144.2,144.25 1 0
github.com/dl-alexandre/gdrv/internal/admin/manager.go:144.25,146.3 1 0
github.com/dl-alexandre/gdrv/internal/admin/manager.go:148.2,150.92 2 0
github.com/dl-alexandre/gdrv/internal/admin/manager.go:150.92,152.3 1 0
github.com/dl-alexandre/gdrv/internal/admin/manager.go:153.2,153.16 1 0
github.com/dl-alexandre/gdrv/internal/admin/manager.go:153.16,155.3 1 0
github.com/dl-alexandre/gdrv/internal/admin/manager.go:156.2,157.24 2 0
github.com/dl-alexandre/gdrv/internal/admin/manager.go:160.119,164.2 1 0
github.com/dl-alexandre/gdrv/internal/admin/manager.go:166.121,170.2 1 0
github.com/dl-alexandre/gdrv/internal/admin/manager.go:183.141,186.6 3 0
github.com/dl-alexandre/gdrv/internal/admin/manager.go:186.6,188.24 2 0
github.com/dl-alexandre/gdrv/internal/admin/manager.go:188.24,190.4 1 0
github.com/dl-alexandre/gdrv/internal/admin/manager.go:191.3,191.26 1 0
github.com/dl-alexandre/gdrv/internal/admin/manager.go:191.26,193.4 1 0
github.com/dl-alexandre/gdrv/internal/admin/manager.go:194.3,194.23 1 0
github.com/dl-alexandre/gdrv/internal/admin/manager.go:194.23,196.4 1 0
github.com/dl-alexandre/gdrv/internal/admin/manager.go:197.3,197.26 1 0
github.com/dl-alexandre/gdrv/internal/admin/manager.go:197.26,199.4 1 0
github.com/dl-alexandre/gdrv/internal/admin/manager.go:200.3,200.22 1 0
github.com/dl-alexandre/gdrv/internal/admin/manager.go:200.22,202.4 1 0
github.com/dl-alexandre/gdrv/internal/admin/manager.go:203.3,203.25 1 0
github.com/dl-alexandre/gdrv/internal/admin/manager.go:203.25,205.4 1 0
github.com/dl-alexandre/gdrv/internal/admin/manager.go:206.3,206.24 1 0
github.com/dl-alexandre/gdrv/internal/admin/manager.go:206.24,208.4 1 0
github.com/dl-alexandre/gdrv/internal/admin/manager.go:210.3,210.95 1 0
github.com/dl-alexandre/gdrv/internal/admin/manager.go:210.95,212.4 1 0
github.com/dl-alexandre/gdrv/internal/admin/manager.go:213.3,213.17 1 0
github.com/dl-alexandre/gdrv/internal/admin/manager.go:213.17,215.4 1 0
github.com/dl-alexandre/gdrv/internal/admin/manager.go:217.3,218.51 2 0
github.com/dl-alexandre/gdrv/internal/admin/manager.go:218.51,223.4 1 0
github.com/dl-alexandre/gdrv/internal/admin/manager.go:224.3,224.35 1 0
github.com/dl-alexandre/gdrv/internal/admin/manager.go:232.141,234.38 2 0
github.com/dl-alexandre/gdrv/internal/admin/manager.go:234.38,236.3 1 0
github.com/dl-alexandre/gdrv/internal/admin/manager.go:237.2,237.93 1 0
github.com/dl-alexandre/gdrv/internal/admin/manager.go:237.93,239.3 1 0
github.com/dl-alexandre/gdrv/internal/admin/manager.go:240.2,240.16 1 0
github.com/dl-alexandre/gdrv/internal/admin/manager.go:240.16,242.3 1 0
github.com/dl-alexandre/gdrv/internal/admin/manager.go:243.2,244.24 2 0
github.com/dl-alexandre/gdrv/internal/admin/manager.go:247.135,253.93 2 0
github.com/dl-alexandre/gdrv/internal/admin/manager.go:253.93,255.3 1 0
github.com/dl-alexandre/gdrv/internal/admin/manager.go:256.2,256.16 1 0
github.com/dl-alexandre/gdrv/internal/admin/manager.go:256.16,258.3 1 0
github.com/dl-alexandre/gdrv/internal/admin/manager.go:259.2,260.24 2 0
github.com/dl-alexandre/gdrv/internal/admin/manager.go:263.105,264.81 1 0
github.com/dl-alexandre/gdrv/internal/admin/manager.go:264.81,266.3 1 0
github.com/dl-alexandre/gdrv/internal/admin/manager.go:267.2,267.12 1 0
github.com/dl-alexandre/gdrv/internal/admin/manager.go:270.152,274.21 3 0
github.com/dl-alexandre/gdrv/internal/admin/manager.go:274.21,277.3 2 0
github.com/dl-alexandre/gdrv/internal/admin/manager.go:278.2,278.28 1 0
github.com/dl-alexandre/gdrv/internal/admin/manager.go:278.28,281.3 2 0
github.com/dl-alexandre/gdrv/internal/admin/manager.go:282.2,282.25 1 0
github.com/dl-alexandre/gdrv/internal/admin/manager.go:282.25,284.3 1 0
github.com/dl-alexandre/gdrv/internal/admin/manager.go:286.2,288.93 2 0
github.com/dl-alexandre/gdrv/internal/admin/manager.go:288.93,290.3 1 0
github.com/dl-alexandre/gdrv/internal/admin/manager.go:291.2,291.16 1 0
github.com/dl-alexandre/gdrv/internal/admin/manager.go:291.16,293.3 1 0
github.com/dl-alexandre/gdrv/internal/admin/manager.go:294.2,295.24 2 0
github.com/dl-alexandre/gdrv/internal/admin/manager.go:306.161,310.6 3 0
github.com/dl-alexandre/gdrv/internal/admin/manager.go:310.6,312.26 2 0
github.com/dl-alexandre/gdrv/internal/admin/manager.go:312.26,314.4 1 0
github.com/dl-alexandre/gdrv/internal/admin/manager.go:315.3,315.22 1 0
github.com/dl-alexandre/gdrv/internal/admin/manager.go:315.22,317.4 1 0
github.com/dl-alexandre/gdrv/internal/admin/manager.go:318.3,318.23 1 0
github.com/dl-alexandre/gdrv/internal/admin/manager.go:318.23,320.4 1 0
github.com/dl-alexandre/gdrv/internal/admin/manager.go:321.3,321.24 1 0
github.com/dl-alexandre/gdrv/internal/admin/manager.go:321.24,323.4 1 0
github.com/dl-alexandre/gdrv/internal/admin/manager.go:325.3,325.96 1 0
github.com/dl-alexandre/gdrv/internal/admin/manager.go:325.96,327.4 1 0
github.com/dl-alexandre/gdrv/internal/admin/manager.go:328.3,328.17 1 0
github.com/dl-alexandre/gdrv/internal/admin/manager.go:328.17,330.4 1 0
github.com/dl-alexandre/gdrv/internal/admin/manager.go:332.3,333.51 2 0
github.com/dl-alexandre/gdrv/internal/admin/manager.go:333.51,338.4 1 0
github.com/dl-alexandre/gdrv/internal/admin/manager.go:339.3,339.35 1 0
github.com/dl-alexandre/gdrv/internal/admin/manager.go:343.149,348.23 2 0
github.com/dl-alexandre/gdrv/internal/admin/manager.go:348.23,350.3 1 0
github.com/dl-alexandre/gdrv/internal/admin/manager.go:351.2,351.94 1 0
github.com/dl-alexandre/gdrv/internal/admin/manager.go:351.94,353.3 1 0
github.com/dl-alexandre/gdrv/internal/admin/manager.go:354.2,354.16 1 0
github.com/dl-alexandre/gdrv/internal/admin/manager.go:354.16,356.3 1 0
github.com/dl-alexandre/gdrv/internal/admin/manager.go:357.2,358.24 2 0
github.com/dl-alexandre/gdrv/internal/admin/manager.go:361.117,362.81 1 0
github.com/dl-alexandre/gdrv/internal/admin/manager.go:362.81,364.3 1 0
github.com/dl-alexandre/gdrv/internal/admin/manager.go:365.2,365.12 1 0
github.com/dl-alexandre/gdrv/internal/admin/manager.go:368.55,369.40 1 1
github.com/dl-alexandre/gdrv/internal/admin/manager.go:369.40,371.3 1 1
github.com/dl-alexandre/gdrv/internal/admin/manager.go:372.2,373.35 2 1
github.com/dl-alexandre/gdrv/internal/admin/manager.go:373.35,375.3 1 1
github.com/dl-alexandre/gdrv/internal/admin/manager.go:376.2,376.15 1 1
github.com/dl-alexandre/gdrv/internal/admin/manager.go:379.59,380.43 1 1
github.com/dl-alexandre/gdrv/internal/admin/manager.go:380.43,382.3 1 1
github.com/dl-alexandre/gdrv/internal/admin/manager.go:383.2,384.38 2 1
github.com/dl-alexandre/gdrv/internal/admin/manager.go:384.38,386.3 1 1
github.com/dl-alexandre/gdrv/internal/admin/manager.go:387.2,387.15 1 1
github.com/dl-alexandre/gdrv/internal/admin/manager.go:390.50,391.17 1 1
github.com/dl-alexandre/gdrv/internal/admin/manager.go:391.17,393.3 1 1
github.com/dl-alexandre/gdrv/internal/admin/manager.go:394.2,397.22 4 1
github.com/dl-alexandre/gdrv/internal/admin/manager.go:397.22,401.3 3 1
github.com/dl-alexandre/gdrv/internal/admin/manager.go:402.2,411.3 1 1
github.com/dl-alexandre/gdrv/internal/admin/manager.go:414.54,415.18 1 1
github.com/dl-alexandre/gdrv/internal/admin/manager.go:415.18,417.3 1 1
github.com/dl-alexandre/gdrv/internal/admin/manager.go:418.2,419.35 2 1
github.com/dl-alexandre/gdrv/internal/admin/manager.go:419.35,421.3 1 1
github.com/dl-alexandre/gdrv/internal/admin/manager.go:422.2,429.3 1 1
github.com/dl-alexandre/gdrv/internal/admin/manager.go:432.32,434.2 1 0
github.com/dl-alexandre/gdrv/internal/admin/manager.go:436.63,437.46 1 0
github.com/dl-alexandre/gdrv/internal/admin/manager.go:437.46,439.3 1 0
github.com/dl-alexandre/gdrv/internal/admin/manager.go:440.2,441.41 2 0
github.com/dl-alexandre/gdrv/internal/admin/manager.go:441.41,443.3 1 0
github.com/dl-alexandre/gdrv/internal/admin/manager.go:444.2,444.15 1 0
github.com/dl-alexandre/gdrv/internal/admin/manager.go:447.58,448.19 1 0
github.com/dl-alexandre/gdrv/internal/admin/manager.go:448.19,450.3 1 0
github.com/dl-alexandre/gdrv/internal/admin/manager.go:451.2,457.3 1 0
