mode: atomic
github.com/dl-alexandre/gdrv/internal/ai/manager.go:22.85,24.16 2 0
github.com/dl-alexandre/gdrv/internal/ai/manager.go:24.16,26.3 1 0
github.com/dl-alexandre/gdrv/internal/ai/manager.go:28.2,29.16 2 0
github.com/dl-alexandre/gdrv/internal/ai/manager.go:29.16,32.3 2 0
github.com/dl-alexandre/gdrv/internal/ai/manager.go:34.2,37.8 1 0
github.com/dl-alexandre/gdrv/internal/ai/manager.go:41.33,43.24 2 0
github.com/dl-alexandre/gdrv/internal/ai/manager.go:43.24,45.3 1 0
github.com/dl-alexandre/gdrv/internal/ai/manager.go:46.2,46.26 1 0
github.com/dl-alexandre/gdrv/internal/ai/manager.go:46.26,48.3 1 0
github.com/dl-alexandre/gdrv/internal/ai/manager.go:49.2,49.19 1 0
github.com/dl-alexandre/gdrv/internal/ai/manager.go:49.19,51.3 1 0
github.com/dl-alexandre/gdrv/internal/ai/manager.go:52.2,52.17 1 0
github.com/dl-alexandre/gdrv/internal/ai/manager.go:56.152,64.6 4 0
github.com/dl-alexandre/gdrv/internal/ai/manager.go:64.6,66.27 2 0
github.com/dl-alexandre/gdrv/internal/ai/manager.go:66.27,67.9 1 0
github.com/dl-alexandre/gdrv/internal/ai/manager.go:69.3,69.17 1 0
github.com/dl-alexandre/gdrv/internal/ai/manager.go:69.17,71.4 1 0
github.com/dl-alexandre/gdrv/internal/ai/manager.go:72.3,72.47 1 0
github.com/dl-alexandre/gdrv/internal/ai/manager.go:75.2,77.8 1 0
github.com/dl-alexandre/gdrv/internal/ai/manager.go:81.121,87.16 3 0
github.com/dl-alexandre/gdrv/internal/ai/manager.go:87.16,89.3 1 0
github.com/dl-alexandre/gdrv/internal/ai/manager.go:91.2,92.20 2 0
github.com/dl-alexandre/gdrv/internal/ai/manager.go:96.175,117.16 3 0
github.com/dl-alexandre/gdrv/internal/ai/manager.go:117.16,119.3 1 0
github.com/dl-alexandre/gdrv/internal/ai/manager.go:121.2,121.50 1 0
github.com/dl-alexandre/gdrv/internal/ai/manager.go:125.179,129.12 3 0
github.com/dl-alexandre/gdrv/internal/ai/manager.go:129.12,153.17 5 0
github.com/dl-alexandre/gdrv/internal/ai/manager.go:153.17,156.4 2 0
github.com/dl-alexandre/gdrv/internal/ai/manager.go:158.3,158.7 1 0
github.com/dl-alexandre/gdrv/internal/ai/manager.go:158.7,160.21 2 0
github.com/dl-alexandre/gdrv/internal/ai/manager.go:160.21,162.5 1 0
github.com/dl-alexandre/gdrv/internal/ai/manager.go:163.4,163.18 1 0
github.com/dl-alexandre/gdrv/internal/ai/manager.go:163.18,166.5 2 0
github.com/dl-alexandre/gdrv/internal/ai/manager.go:168.4,168.46 1 0
github.com/dl-alexandre/gdrv/internal/ai/manager.go:168.46,169.50 1 0
github.com/dl-alexandre/gdrv/internal/ai/manager.go:169.50,170.44 1 0
github.com/dl-alexandre/gdrv/internal/ai/manager.go:170.44,175.7 1 0
github.com/dl-alexandre/gdrv/internal/ai/manager.go:181.2,181.29 1 0
github.com/dl-alexandre/gdrv/internal/ai/manager.go:184.68,191.2 1 0
github.com/dl-alexandre/gdrv/internal/ai/manager.go:193.122,195.44 2 0
github.com/dl-alexandre/gdrv/internal/ai/manager.go:195.44,197.48 2 0
github.com/dl-alexandre/gdrv/internal/ai/manager.go:197.48,198.36 1 0
github.com/dl-alexandre/gdrv/internal/ai/manager.go:198.36,200.5 1 0
github.com/dl-alexandre/gdrv/internal/ai/manager.go:202.3,206.5 1 0
github.com/dl-alexandre/gdrv/internal/ai/manager.go:209.2,210.31 2 0
github.com/dl-alexandre/gdrv/internal/ai/manager.go:210.31,216.3 1 0
github.com/dl-alexandre/gdrv/internal/ai/manager.go:218.2,221.3 1 0
github.com/dl-alexandre/gdrv/internal/chat/grpc_errors.go:15.110,16.16 1 0
github.com/dl-alexandre/gdrv/internal/chat/grpc_errors.go:16.16,18.3 1 0
github.com/dl-alexandre/gdrv/internal/chat/grpc_errors.go:20.2,21.9 2 0
github.com/dl-alexandre/gdrv/internal/chat/grpc_errors.go:21.9,24.50 1 0
github.com/dl-alexandre/gdrv/internal/chat/grpc_errors.go:24.50,31.4 1 0
github.com/dl-alexandre/gdrv/internal/chat/grpc_errors.go:33.3,38.12 1 0
github.com/dl-alexandre/gdrv/internal/chat/grpc_errors.go:41.2,44.19 3 0
github.com/dl-alexandre/gdrv/internal/chat/grpc_errors.go:45.16,46.13 1 0
github.com/dl-alexandre/gdrv/internal/chat/grpc_errors.go:47.22,49.19 2 0
github.com/dl-alexandre/gdrv/internal/chat/grpc_errors.go:50.30,52.19 2 0
github.com/dl-alexandre/gdrv/internal/chat/grpc_errors.go:53.29,54.38 1 0
github.com/dl-alexandre/gdrv/internal/chat/grpc_errors.go:55.22,56.35 1 0
github.com/dl-alexandre/gdrv/internal/chat/grpc_errors.go:57.30,58.39 1 0
github.com/dl-alexandre/gdrv/internal/chat/grpc_errors.go:59.31,61.19 2 0
github.com/dl-alexandre/gdrv/internal/chat/grpc_errors.go:62.29,63.34 1 0
github.com/dl-alexandre/gdrv/internal/chat/grpc_errors.go:64.25,66.19 2 0
github.com/dl-alexandre/gdrv/internal/chat/grpc_errors.go:67.27,68.38 1 0
github.com/dl-alexandre/gdrv/internal/chat/grpc_errors.go:69.10,71.42 2 0
github.com/dl-alexandre/gdrv/internal/chat/grpc_errors.go:75.2,82.43 2 0
github.com/dl-alexandre/gdrv/internal/chat/grpc_errors.go:86.43,87.16 1 0
github.com/dl-alexandre/gdrv/internal/chat/grpc_errors.go:87.16,89.3 1 0
github.com/dl-alexandre/gdrv/internal/chat/grpc_errors.go:91.2,92.9 2 0
github.com/dl-alexandre/gdrv/internal/chat/grpc_errors.go:92.9,94.3 1 0
github.com/dl-alexandre/gdrv/internal/chat/grpc_errors.go:96.2,96.19 1 0
github.com/dl-alexandre/gdrv/internal/chat/grpc_errors.go:100.21,101.14 1 0
github.com/dl-alexandre/gdrv/internal/chat/grpc_errors.go:102.10,103.15 1 0
github.com/dl-alexandre/gdrv/internal/chat/grpc_errors.go:108.46,109.14 1 0
github.com/dl-alexandre/gdrv/internal/chat/grpc_errors.go:110.16,111.27 1 0
github.com/dl-alexandre/gdrv/internal/chat/grpc_errors.go:112.22,113.32 1 0
github.com/dl-alexandre/gdrv/internal/chat/grpc_errors.go:114.30,115.36 1 0
github.com/dl-alexandre/gdrv/internal/chat/grpc_errors.go:116.29,117.31 1 0
github.com/dl-alexandre/gdrv/internal/chat/grpc_errors.go:118.29,119.35 1 0
github.com/dl-alexandre/gdrv/internal/chat/grpc_errors.go:120.31,121.31 1 0
github.com/dl-alexandre/gdrv/internal/chat/grpc_errors.go:122.10,123.27 1 0
github.com/dl-alexandre/gdrv/internal/chat/manager.go:19.69,24.2 1 0
github.com/dl-alexandre/gdrv/internal/chat/manager.go:27.152,29.18 2 0
github.com/dl-alexandre/gdrv/internal/chat/manager.go:29.18,31.3 1 0
github.com/dl-alexandre/gdrv/internal/chat/manager.go:32.2,32.21 1 0
github.com/dl-alexandre/gdrv/internal/chat/manager.go:32.21,34.3 1 0
github.com/dl-alexandre/gdrv/internal/chat/manager.go:36.2,36.102 1 0
github.com/dl-alexandre/gdrv/internal/chat/manager.go:36.102,38.3 1 0
github.com/dl-alexandre/gdrv/internal/chat/manager.go:39.2,39.16 1 0
github.com/dl-alexandre/gdrv/internal/chat/manager.go:39.16,41.3 1 0
github.com/dl-alexandre/gdrv/internal/chat/manager.go:43.2,44.34 2 0
github.com/dl-alexandre/gdrv/internal/chat/manager.go:44.34,46.3 1 0
github.com/dl-alexandre/gdrv/internal/chat/manager.go:48.2,51.8 1 0
github.com/dl-alexandre/gdrv/internal/chat/manager.go:55.121,59.89 3 0
github.com/dl-alexandre/gdrv/internal/chat/manager.go:59.89,61.3 1 0
github.com/dl-alexandre/gdrv/internal/chat/manager.go:62.2,62.16 1 0
github.com/dl-alexandre/gdrv/internal/chat/manager.go:62.16,64.3 1 0
github.com/dl-alexandre/gdrv/internal/chat/manager.go:66.2,67.20 2 0
github.com/dl-alexandre/gdrv/internal/chat/manager.go:71.179,78.21 2 0
github.com/dl-alexandre/gdrv/internal/chat/manager.go:78.21,80.3 1 0
github.com/dl-alexandre/gdrv/internal/chat/manager.go:82.2,84.89 2 0
github.com/dl-alexandre/gdrv/internal/chat/manager.go:84.89,86.3 1 0
github.com/dl-alexandre/gdrv/internal/chat/manager.go:87.2,87.16 1 0
github.com/dl-alexandre/gdrv/internal/chat/manager.go:87.16,89.3 1 0
github.com/dl-alexandre/gdrv/internal/chat/manager.go:91.2,95.8 1 0
github.com/dl-alexandre/gdrv/internal/chat/manager.go:99.104,103.84 3 0
github.com/dl-alexandre/gdrv/internal/chat/manager.go:103.84,105.3 1 0
github.com/dl-alexandre/gdrv/internal/chat/manager.go:106.2,106.12 1 0
github.com/dl-alexandre/gdrv/internal/chat/manager.go:110.180,113.18 3 0
github.com/dl-alexandre/gdrv/internal/chat/manager.go:113.18,115.3 1 0
github.com/dl-alexandre/gdrv/internal/chat/manager.go:116.2,116.21 1 0
github.com/dl-alexandre/gdrv/internal/chat/manager.go:116.21,118.3 1 0
github.com/dl-alexandre/gdrv/internal/chat/manager.go:119.2,119.18 1 0
github.com/dl-alexandre/gdrv/internal/chat/manager.go:119.18,121.3 1 0
github.com/dl-alexandre/gdrv/internal/chat/manager.go:123.2,123.104 1 0
github.com/dl-alexandre/gdrv/internal/chat/manager.go:123.104,125.3 1 0
github.com/dl-alexandre/gdrv/internal/chat/manager.go:126.2,126.16 1 0
github.com/dl-alexandre/gdrv/internal/chat/manager.go:126.16,128.3 1 0
github.com/dl-alexandre/gdrv/internal/chat/manager.go:130.2,131.38 2 0
github.com/dl-alexandre/gdrv/internal/chat/manager.go:131.38,133.3 1 0
github.com/dl-alexandre/gdrv/internal/chat/manager.go:135.2,138.8 1 0
github.com/dl-alexandre/gdrv/internal/chat/manager.go:142.136,146.91 3 0
github.com/dl-alexandre/gdrv/internal/chat/manager.go:146.91,148.3 1 0
github.com/dl-alexandre/gdrv/internal/chat/manager.go:149.2,149.16 1 0
github.com/dl-alexandre/gdrv/internal/chat/manager.go:149.16,151.3 1 0
github.com/dl-alexandre/gdrv/internal/chat/manager.go:153.2,154.18 2 0
github.com/dl-alexandre/gdrv/internal/chat/manager.go:158.158,165.20 3 0
github.com/dl-alexandre/gdrv/internal/chat/manager.go:165.20,169.3 1 0
github.com/dl-alexandre/gdrv/internal/chat/manager.go:171.2,173.91 2 0
github.com/dl-alexandre/gdrv/internal/chat/manager.go:173.91,175.3 1 0
github.com/dl-alexandre/gdrv/internal/chat/manager.go:176.2,176.16 1 0
github.com/dl-alexandre/gdrv/internal/chat/manager.go:176.16,178.3 1 0
github.com/dl-alexandre/gdrv/internal/chat/manager.go:180.2,186.8 1 0
github.com/dl-alexandre/gdrv/internal/chat/manager.go:190.145,199.91 5 0
github.com/dl-alexandre/gdrv/internal/chat/manager.go:199.91,201.3 1 0
github.com/dl-alexandre/gdrv/internal/chat/manager.go:202.2,202.16 1 0
github.com/dl-alexandre/gdrv/internal/chat/manager.go:202.16,204.3 1 0
github.com/dl-alexandre/gdrv/internal/chat/manager.go:206.2,207.18 2 0
github.com/dl-alexandre/gdrv/internal/chat/manager.go:211.117,215.84 3 0
github.com/dl-alexandre/gdrv/internal/chat/manager.go:215.84,217.3 1 0
github.com/dl-alexandre/gdrv/internal/chat/manager.go:218.2,218.12 1 0
github.com/dl-alexandre/gdrv/internal/chat/manager.go:222.170,225.18 3 0
github.com/dl-alexandre/gdrv/internal/chat/manager.go:225.18,227.3 1 0
github.com/dl-alexandre/gdrv/internal/chat/manager.go:228.2,228.21 1 0
github.com/dl-alexandre/gdrv/internal/chat/manager.go:228.21,230.3 1 0
github.com/dl-alexandre/gdrv/internal/chat/manager.go:232.2,232.107 1 0
github.com/dl-alexandre/gdrv/internal/chat/manager.go:232.107,234.3 1 0
github.com/dl-alexandre/gdrv/internal/chat/manager.go:235.2,235.16 1 0
github.com/dl-alexandre/gdrv/internal/chat/manager.go:235.16,237.3 1 0
github.com/dl-alexandre/gdrv/internal/chat/manager.go:239.2,240.48 2 0
github.com/dl-alexandre/gdrv/internal/chat/manager.go:240.48,242.3 1 0
github.com/dl-alexandre/gdrv/internal/chat/manager.go:244.2,247.8 1 0
github.com/dl-alexandre/gdrv/internal/chat/manager.go:251.133,255.94 3 0
github.com/dl-alexandre/gdrv/internal/chat/manager.go:255.94,257.3 1 0
github.com/dl-alexandre/gdrv/internal/chat/manager.go:258.2,258.16 1 0
github.com/dl-alexandre/gdrv/internal/chat/manager.go:258.16,260.3 1 0
github.com/dl-alexandre/gdrv/internal/chat/manager.go:262.2,263.21 2 0
github.com/dl-alexandre/gdrv/internal/chat/manager.go:267.139,282.94 5 0
github.com/dl-alexandre/gdrv/internal/chat/manager.go:282.94,284.3 1 0
github.com/dl-alexandre/gdrv/internal/chat/manager.go:285.2,285.16 1 0
github.com/dl-alexandre/gdrv/internal/chat/manager.go:285.16,287.3 1 0
github.com/dl-alexandre/gdrv/internal/chat/manager.go:289.2,290.21 2 0
github.com/dl-alexandre/gdrv/internal/chat/manager.go:294.115,298.89 3 0
github.com/dl-alexandre/gdrv/internal/chat/manager.go:298.89,300.3 1 0
github.com/dl-alexandre/gdrv/internal/chat/manager.go:301.2,301.12 1 0
github.com/dl-alexandre/gdrv/internal/chat/manager.go:306.45,307.19 1 0
github.com/dl-alexandre/gdrv/internal/chat/manager.go:307.19,309.3 1 0
github.com/dl-alexandre/gdrv/internal/chat/manager.go:311.2,311.50 1 0
github.com/dl-alexandre/gdrv/internal/chat/manager.go:311.50,313.3 1 0
github.com/dl-alexandre/gdrv/internal/chat/manager.go:314.2,314.42 1 0
github.com/dl-alexandre/gdrv/internal/chat/manager.go:317.58,318.21 1 0
github.com/dl-alexandre/gdrv/internal/chat/manager.go:318.21,320.3 1 0
github.com/dl-alexandre/gdrv/internal/chat/manager.go:322.2,322.54 1 0
github.com/dl-alexandre/gdrv/internal/chat/manager.go:322.54,324.3 1 0
github.com/dl-alexandre/gdrv/internal/chat/manager.go:325.2,326.56 2 0
github.com/dl-alexandre/gdrv/internal/chat/manager.go:329.56,330.20 1 0
github.com/dl-alexandre/gdrv/internal/chat/manager.go:330.20,332.3 1 0
github.com/dl-alexandre/gdrv/internal/chat/manager.go:334.2,334.52 1 0
github.com/dl-alexandre/gdrv/internal/chat/manager.go:334.52,336.3 1 0
github.com/dl-alexandre/gdrv/internal/chat/manager.go:337.2,338.54 2 0
github.com/dl-alexandre/gdrv/internal/chat/manager.go:341.50,342.14 1 0
github.com/dl-alexandre/gdrv/internal/chat/manager.go:342.14,344.3 1 0
github.com/dl-alexandre/gdrv/internal/chat/manager.go:345.2,354.3 1 0
github.com/dl-alexandre/gdrv/internal/chat/manager.go:357.56,358.14 1 0
github.com/dl-alexandre/gdrv/internal/chat/manager.go:358.14,360.3 1 0
github.com/dl-alexandre/gdrv/internal/chat/manager.go:362.2,372.21 2 0
github.com/dl-alexandre/gdrv/internal/chat/manager.go:372.21,373.33 1 0
github.com/dl-alexandre/gdrv/internal/chat/manager.go:373.33,375.4 1 0
github.com/dl-alexandre/gdrv/internal/chat/manager.go:378.2,378.12 1 0
github.com/dl-alexandre/gdrv/internal/chat/manager.go:381.61,382.14 1 0
github.com/dl-alexandre/gdrv/internal/chat/manager.go:382.14,384.3 1 0
github.com/dl-alexandre/gdrv/internal/chat/manager.go:386.2,395.21 2 0
github.com/dl-alexandre/gdrv/internal/chat/manager.go:395.21,396.33 1 0
github.com/dl-alexandre/gdrv/internal/chat/manager.go:396.33,398.4 1 0
github.com/dl-alexandre/gdrv/internal/chat/manager.go:401.2,401.15 1 0
github.com/dl-alexandre/gdrv/internal/chat/manager.go:404.54,405.40 1 0
github.com/dl-alexandre/gdrv/internal/chat/manager.go:405.40,407.3 1 0
github.com/dl-alexandre/gdrv/internal/chat/manager.go:409.2,410.39 2 0
github.com/dl-alexandre/gdrv/internal/chat/manager.go:410.39,411.22 1 0
github.com/dl-alexandre/gdrv/internal/chat/manager.go:411.22,413.4 1 0
github.com/dl-alexandre/gdrv/internal/chat/manager.go:415.2,415.20 1 0
github.com/dl-alexandre/gdrv/internal/cloudlogging/manager.go:22.85,24.16 2 0
github.com/dl-alexandre/gdrv/internal/cloudlogging/manager.go:24.16,26.3 1 0
github.com/dl-alexandre/gdrv/internal/cloudlogging/manager.go:28.2,29.16 2 0
github.com/dl-alexandre/gdrv/internal/cloudlogging/manager.go:29.16,32.3 2 0
github.com/dl-alexandre/gdrv/internal/cloudlogging/manager.go:34.2,35.16 2 0
github.com/dl-alexandre/gdrv/internal/cloudlogging/manager.go:35.16,39.3 3 0
github.com/dl-alexandre/gdrv/internal/cloudlogging/manager.go:41.2,45.8 1 0
github.com/dl-alexandre/gdrv/internal/cloudlogging/manager.go:49.33,51.21 2 0
github.com/dl-alexandre/gdrv/internal/cloudlogging/manager.go:51.21,53.3 1 0
github.com/dl-alexandre/gdrv/internal/cloudlogging/manager.go:54.2,54.27 1 0
github.com/dl-alexandre/gdrv/internal/cloudlogging/manager.go:54.27,55.64 1 0
github.com/dl-alexandre/gdrv/internal/cloudlogging/manager.go:55.64,57.4 1 0
github.com/dl-alexandre/gdrv/internal/cloudlogging/manager.go:59.2,59.28 1 0
github.com/dl-alexandre/gdrv/internal/cloudlogging/manager.go:59.28,60.65 1 0
github.com/dl-alexandre/gdrv/internal/cloudlogging/manager.go:60.65,62.4 1 0
github.com/dl-alexandre/gdrv/internal/cloudlogging/manager.go:64.2,64.12 1 0
github.com/dl-alexandre/gdrv/internal/cloudlogging/manager.go:68.177,80.6 5 0
github.com/dl-alexandre/gdrv/internal/cloudlogging/manager.go:80.6,82.27 2 0
github.com/dl-alexandre/gdrv/internal/cloudlogging/manager.go:82.27,83.9 1 0
github.com/dl-alexandre/gdrv/internal/cloudlogging/manager.go:85.3,85.17 1 0
github.com/dl-alexandre/gdrv/internal/cloudlogging/manager.go:85.17,87.4 1 0
github.com/dl-alexandre/gdrv/internal/cloudlogging/manager.go:88.3,88.52 1 0
github.com/dl-alexandre/gdrv/internal/cloudlogging/manager.go:91.2,93.8 1 0
github.com/dl-alexandre/gdrv/internal/cloudlogging/manager.go:97.128,105.6 4 0
github.com/dl-alexandre/gdrv/internal/cloudlogging/manager.go:105.6,107.27 2 0
github.com/dl-alexandre/gdrv/internal/cloudlogging/manager.go:107.27,108.9 1 0
github.com/dl-alexandre/gdrv/internal/cloudlogging/manager.go:110.3,110.17 1 0
github.com/dl-alexandre/gdrv/internal/cloudlogging/manager.go:110.17,112.4 1 0
github.com/dl-alexandre/gdrv/internal/cloudlogging/manager.go:113.3,113.27 1 0
github.com/dl-alexandre/gdrv/internal/cloudlogging/manager.go:116.2,116.18 1 0
github.com/dl-alexandre/gdrv/internal/cloudlogging/manager.go:120.102,125.53 2 0
github.com/dl-alexandre/gdrv/internal/cloudlogging/manager.go:125.53,127.3 1 0
github.com/dl-alexandre/gdrv/internal/cloudlogging/manager.go:129.2,129.12 1 0
github.com/dl-alexandre/gdrv/internal/cloudlogging/manager.go:133.148,141.6 4 0
github.com/dl-alexandre/gdrv/internal/cloudlogging/manager.go:141.6,143.27 2 0
github.com/dl-alexandre/gdrv/internal/cloudlogging/manager.go:143.27,144.9 1 0
github.com/dl-alexandre/gdrv/internal/cloudlogging/manager.go:146.3,146.17 1 0
github.com/dl-alexandre/gdrv/internal/cloudlogging/manager.go:146.17,148.4 1 0
github.com/dl-alexandre/gdrv/internal/cloudlogging/manager.go:149.3,149.46 1 0
github.com/dl-alexandre/gdrv/internal/cloudlogging/manager.go:152.2,154.8 1 0
github.com/dl-alexandre/gdrv/internal/cloudlogging/manager.go:158.119,164.16 3 0
github.com/dl-alexandre/gdrv/internal/cloudlogging/manager.go:164.16,166.3 1 0
github.com/dl-alexandre/gdrv/internal/cloudlogging/manager.go:168.2,169.19 2 0
github.com/dl-alexandre/gdrv/internal/cloudlogging/manager.go:173.152,181.6 4 0
github.com/dl-alexandre/gdrv/internal/cloudlogging/manager.go:181.6,183.27 2 0
github.com/dl-alexandre/gdrv/internal/cloudlogging/manager.go:183.27,184.9 1 0
github.com/dl-alexandre/gdrv/internal/cloudlogging/manager.go:186.3,186.17 1 0
github.com/dl-alexandre/gdrv/internal/cloudlogging/manager.go:186.17,188.4 1 0
github.com/dl-alexandre/gdrv/internal/cloudlogging/manager.go:189.3,189.54 1 0
github.com/dl-alexandre/gdrv/internal/cloudlogging/manager.go:192.2,194.8 1 0
github.com/dl-alexandre/gdrv/internal/cloudlogging/manager.go:198.125,204.16 3 0
github.com/dl-alexandre/gdrv/internal/cloudlogging/manager.go:204.16,206.3 1 0
github.com/dl-alexandre/gdrv/internal/cloudlogging/manager.go:208.2,209.21 2 0
github.com/dl-alexandre/gdrv/internal/cloudlogging/manager.go:212.64,219.28 2 0
github.com/dl-alexandre/gdrv/internal/cloudlogging/manager.go:219.28,221.3 1 0
github.com/dl-alexandre/gdrv/internal/cloudlogging/manager.go:223.2,223.41 1 0
github.com/dl-alexandre/gdrv/internal/cloudlogging/manager.go:224.39,225.38 1 0
github.com/dl-alexandre/gdrv/internal/cloudlogging/manager.go:226.39,227.46 1 0
github.com/dl-alexandre/gdrv/internal/cloudlogging/manager.go:228.40,230.28 1 0
github.com/dl-alexandre/gdrv/internal/cloudlogging/manager.go:233.2,233.27 1 0
github.com/dl-alexandre/gdrv/internal/cloudlogging/manager.go:233.27,238.3 1 0
github.com/dl-alexandre/gdrv/internal/cloudlogging/manager.go:240.2,240.10 1 0
github.com/dl-alexandre/gdrv/internal/cloudlogging/manager.go:243.60,251.2 1 0
github.com/dl-alexandre/gdrv/internal/cloudlogging/manager.go:253.68,259.2 1 0
github.com/dl-alexandre/gdrv/cmd/gdrv/main.go:11.13,13.2 1 0
github.com/dl-alexandre/gdrv/cmd/gdrv/main.go:15.16,29.16 4 1
github.com/dl-alexandre/gdrv/cmd/gdrv/main.go:29.16,31.3 1 0
github.com/dl-alexandre/gdrv/cmd/gdrv/main.go:32.2,32.10 1 1
github.com/dl-alexandre/gdrv/internal/admin/manager.go:17.73,22.2 1 0
github.com/dl-alexandre/gdrv/internal/admin/manager.go:35.138,38.6 3 0
github.com/dl-alexandre/gdrv/internal/admin/manager.go:38.6,40.24 2 0
github.com/dl-alexandre/gdrv/internal/admin/manager.go:40.24,42.4 1 0
github.com/dl-alexandre/gdrv/internal/admin/manager.go:43.3,43.26 1 0
github.com/dl-alexandre/gdrv/internal/admin/manager.go:43.26,45.4 1 0
github.com/dl-alexandre/gdrv/internal/admin/manager.go:46.3,46.23 1 0
github.com/dl-alexandre/gdrv/internal/admin/manager.go:46.23,48.4 1 0
github.com/dl-alexandre/gdrv/internal/admin/manager.go:49.3,49.26 1 0
github.com/dl-alexandre/gdrv/internal/admin/manager.go:49.26,51.4 1 0
github.com/dl-alexandre/gdrv/internal/admin/manager.go:52.3,52.22 1 0
github.com/dl-alexandre/gdrv/internal/admin/manager.go:52.22,54.4 1 0
github.com/dl-alexandre/gdrv/internal/admin/manager.go:55.3,55.25 1 0
github.com/dl-alexandre/gdrv/internal/admin/manager.go:55.25,57.4 1 0
github.com/dl-alexandre/gdrv/internal/admin/manager.go:58.3,58.24 1 0
github.com/dl-alexandre/gdrv/internal/admin/manager.go:58.24,60.4 1 0
github.com/dl-alexandre/gdrv/internal/admin/manager.go:62.3,62.94 1 0
github.com/dl-alexandre/gdrv/internal/admin/manager.go:62.94,64.4 1 0
github.com/dl-alexandre/gdrv/internal/admin/manager.go:65.3,65.17 1 0
github.com/dl-alexandre/gdrv/internal/admin/manager.go:65.17,67.4 1 0
github.com/dl-alexandre/gdrv/internal/admin/manager.go:69.3,70.51 2 0
github.com/dl-alexandre/gdrv/internal/admin/manager.go:70.51,75.4 1 0
github.com/dl-alexandre/gdrv/internal/admin/manager.go:76.3,76.35 1 0
github.com/dl-alexandre/gdrv/internal/admin/manager.go:80.130,82.18 2 0
github.com/dl-alexandre/gdrv/internal/admin/manager.go:82.18,84.3 1 0
github.com/dl-alexandre/gdrv/internal/admin/manager.go:85.2,85.92 1 0
github.com/dl-alexandre/gdrv/internal/admin/manager.go:85.92,87.3 1 0
github.com/dl-alexandre/gdrv/internal/admin/manager.go:88.2,88.16 1 0
github.com/dl-alexandre/gdrv/internal/admin/manager.go:88.16,90.3 1 0
github.com/dl-alexandre/gdrv/internal/admin/manager.go:91.2,92.24 2 0
github.com/dl-alexandre/gdrv/internal/admin/manager.go:95.132,104.92 2 0
github.com/dl-alexandre/gdrv/internal/admin/manager.go:104.92,106.3 1 0
github.com/dl-alexandre/gdrv/internal/admin/manager.go:107.2,107.16 1 0
github.com/dl-alexandre/gdrv/internal/admin/manager.go:107.16,109.3 1 0
github.com/dl-alexandre/gdrv/internal/admin/manager.go:110.2,111.24 2 0
github.com/dl-alexandre/gdrv/internal/admin/manager.go:114.103,115.81 1 0
github.com/dl-alexandre/gdrv/internal/admin/manager.go:115.81,117.3 1 0
github.com/dl-alexandre/gdrv/internal/admin/manager.go:118.2,118.12 1 0
github.com/dl-alexandre/gdrv/internal/admin/manager.go:121.148,125.51 3 0
github.com/dl-alexandre/gdrv/internal/admin/manager.go:125.51,127.27 2 0
github.com/dl-alexandre/gdrv/internal/admin/manager.go:127.27,130.4 2 0
github.com/dl-alexandre/gdrv/internal/admin/manager.go:131.3,131.28 1 0
github.com/dl-alexandre/gdrv/internal/admin/manager.go:131.28,134.4 2 0
github.com/dl-alexandre/gdrv/internal/admin/manager.go:136.2,136.26 1 0
github.com/dl-alexandre/gdrv/internal/admin/manager.go:136.26,139.3 2 0
github.com/dl-alexandre/gdrv/internal/admin/manager.go:140.2,140.28 1 0
github.com/dl-alexandre/gdrv/internal/admin/manager.go:140.28,143.3 2 0
github.com/dl-alexandre/gdrv/internal/admin/manager.go:144.2,144.25 1 0
github.com/dl-alexandre/gdrv/internal/admin/manager.go:144.25,146.3 1 0
github.com/dl-alexandre/gdrv/internal/admin/manager.go:148.2,150.92 2 0
github.com/dl-alexandre/gdrv/internal/admin/manager.go:150.92,152.3 1 0
github.com/dl-alexandre/gdrv/internal/admin/manager.go:153.2,153.16 1 0
github.com/dl-alexandre/gdrv/internal/admin/manager.go:153.16,155.3 1 0
github.com/dl-alexandre/gdrv/internal/admin/manager.go:156.2,157.24 2 0
github.com/dl-alexandre/gdrv/internal/admin/manager.go:160.119,164.2 1 0
github.com/dl-alexandre/gdrv/internal/admin/manager.go:166.121,170.2 1 0
github.com/dl-alexandre/gdrv/internal/admin/manager.go:183.141,186.6 3 0
github.com/dl-alexandre/gdrv/internal/admin/manager.go:186.6,188.24 2 0
github.com/dl-alexandre/gdrv/internal/admin/manager.go:188.24,190.4 1 0
github.com/dl-alexandre/gdrv/internal/admin/manager.go:191.3,191.26 1 0
github.com/dl-alexandre/gdrv/internal/admin/manager.go:191.26,193.4 1 0
github.com/dl-alexandre/gdrv/internal/admin/manager.go:194.3,194.23 1 0
github.com/dl-alexandre/gdrv/internal/admin/manager.go:194.23,196.4 1 0
github.com/dl-alexandre/gdrv/internal/admin/manager.go:197.3,197.26 1 0
github.com/dl-alexandre/gdrv/internal/admin/manager.go:197.26,199.4 1 0
github.com/dl-alexandre/gdrv/internal/admin/manager.go:200.3,200.22 1 0
github.com/dl-alexandre/gdrv/internal/admin/manager.go:200.22,202.4 1 0
github.com/dl-alexandre/gdrv/internal/admin/manager.go:203.3,203.25 1 0
github.com/dl-alexandre/gdrv/internal/admin/manager.go:203.25,205.4 1 0
github.com/dl-alexandre/gdrv/internal/admin/manager.go:206.3,206.24 1 0
github.com/dl-alexandre/gdrv/internal/admin/manager.go:206.24,208.4 1 0
github.com/dl-alexandre/gdrv/internal/admin/manager.go:210.3,210.95 1 0
github.com/dl-alexandre/gdrv/internal/admin/manager.go:210.95,212.4 1 0
github.com/dl-alexandre/gdrv/internal/admin/manager.go:213.3,213.17 1 0
github.com/dl-alexandre/gdrv/internal/admin/manager.go:213.17,215.4 1 0
github.com/dl-alexandre/gdrv/internal/admin/manager.go:217.3,218.51 2 0
github.com/dl-alexandre/gdrv/internal/admin/manager.go:218.51,223.4 1 0
github.com/dl-alexandre/gdrv/internal/admin/manager.go:224.3,224.35 1 0
github.com/dl-alexandre/gdrv/internal/admin/manager.go:232.141,234.38 2 0
github.com/dl-alexandre/gdrv/internal/admin/manager.go:234.38,236.3 1 0
github.com/dl-alexandre/gdrv/internal/admin/manager.go:237.2,237.93 1 0
github.com/dl-alexandre/gdrv/internal/admin/manager.go:237.93,239.3 1 0
github.com/dl-alexandre/gdrv/internal/admin/manager.go:240.2,240.16 1 0
github.com/dl-alexandre/gdrv/internal/admin/manager.go:240.16,242.3 1 0
github.com/dl-alexandre/gdrv/internal/admin/manager.go:243.2,244.24 2 0
github.com/dl-alexandre/gdrv/internal/admin/manager.go:247.135,253.93 2 0
github.com/dl-alexandre/gdrv/internal/admin/manager.go:253.93,255.3 1 0
github.com/dl-alexandre/gdrv/internal/admin/manager.go:256.2,256.16 1 0
github.com/dl-alexandre/gdrv/internal/admin/manager.go:256.16,258.3 1 0
github.com/dl-alexandre/gdrv/internal/admin/manager.go:259.2,260.24 2 0
github.com/dl-alexandre/gdrv/internal/admin/manager.go:263.105,264.81 1 0
github.com/dl-alexandre/gdrv/internal/admin/manager.go:264.81,266.3 1 0
github.com/dl-alexandre/gdrv/internal/admin/manager.go:267.2,267.12 1 0
github.com/dl-alexandre/gdrv/internal/admin/manager.go:270.152,274.21 3 0
github.com/dl-alexandre/gdrv/internal/admin/manager.go:274.21,277.3 2 0
github.com/dl-alexandre/gdrv/internal/admin/manager.go:278.2,278.28 1 0
github.com/dl-alexandre/gdrv/internal/admin/manager.go:278.28,281.3 2 0
github.com/dl-alexandre/gdrv/internal/admin/manager.go:282.2,282.25 1 0
github.com/dl-alexandre/gdrv/internal/admin/manager.go:282.25,284.3 1 0
github.com/dl-alexandre/gdrv/internal/admin/manager.go:286.2,288.93 2 0
github.com/dl-alexandre/gdrv/internal/admin/manager.go:288.93,290.3 1 0
github.com/dl-alexandre/gdrv/internal/admin/manager.go:291.2,291.16 1 0
github.com/dl-alexandre/gdrv/internal/admin/manager.go:291.16,293.3 1 0
github.com/dl-alexandre/gdrv/internal/admin/manager.go:294.2,295.24 2 0
github.com/dl-alexandre/gdrv/internal/admin/manager.go:306.161,310.6 3 0
github.com/dl-alexandre/gdrv/internal/admin/manager.go:310.6,312.26 2 0
github.com/dl-alexandre/gdrv/internal/admin/manager.go:312.26,314.4 1 0
github.com/dl-alexandre/gdrv/internal/admin/manager.go:315.3,315.22 1 0
github.com/dl-alexandre/gdrv/internal/admin/manager.go:315.22,317.4 1 0
github.com/dl-alexandre/gdrv/internal/admin/manager.go:318.3,318.23 1 0
github.com/dl-alexandre/gdrv/internal/admin/manager.go:318.23,320.4 1 0
github.com/dl-alexandre/gdrv/internal/admin/manager.go:321.3,321.24 1 0
github.com/dl-alexandre/gdrv/internal/admin/manager.go:321.24,323.4 1 0
github.com/dl-alexandre/gdrv/internal/admin/manager.go:325.3,325.96 1 0
github.com/dl-alexandre/gdrv/internal/admin/manager.go:325.96,327.4 1 0
github.com/dl-alexandre/gdrv/internal/admin/manager.go:328.3,328.17 1 0
github.com/dl-alexandre/gdrv/internal/admin/manager.go:328.17,330.4 1 0
github.com/dl-alexandre/gdrv/internal/admin/manager.go:332.3,333.51 2 0
github.com/dl-alexandre/gdrv/internal/admin/manager.go:333.51,338.4 1 0
github.com/dl-alexandre/gdrv/internal/admin/manager.go:339.3,339.35 1 0
github.com/dl-alexandre/gdrv/internal/admin/manager.go:343.149,348.23 2 0
github.com/dl-alexandre/gdrv/internal/admin/manager.go:348.23,350.3 1 0
github.com/dl-alexandre/gdrv/internal/admin/manager.go:351.2,351.94 1 0
github.com/dl-alexandre/gdrv/internal/admin/manager.go:351.94,353.3 1 0
github.com/dl-alexandre/gdrv/internal/admin/manager.go:354.2,354.16 1 0
github.com/dl-alexandre/gdrv/internal/admin/manager.go:354.16,356.3 1 0
github.com/dl-alexandre/gdrv/internal/admin/manager.go:357.2,358.24 2 0
github.com/dl-alexandre/gdrv/internal/admin/manager.go:361.117,362.81 1 0
github.com/dl-alexandre/gdrv/internal/admin/manager.go:362.81,364.3 1 0
github.com/dl-alexandre/gdrv/internal/admin/manager.go:365.2,365.12 1 0
github.com/dl-alexandre/gdrv/internal/admin/manager.go:368.55,369.40 1 4
github.com/dl-alexandre/gdrv/internal/admin/manager.go:369.40,371.3 1 1
github.com/dl-alexandre/gdrv/internal/admin/manager.go:372.2,373.35 2 3
github.com/dl-alexandre/gdrv/internal/admin/manager.go:373.35,375.3 1 2
github.com/dl-alexandre/gdrv/internal/admin/manager.go:376.2,376.15 1 3
github.com/dl-alexandre/gdrv/internal/admin/manager.go:379.59,380.43 1 2
github.com/dl-alexandre/gdrv/internal/admin/manager.go:380.43,382.3 1 1
github.com/dl-alexandre/gdrv/internal/admin/manager.go:383.2,384.38 2 1
github.com/dl-alexandre/gdrv/internal/admin/manager.go:384.38,386.3 1 1
github.com/dl-alexandre/gdrv/internal/admin/manager.go:387.2,387.15 1 1
github.com/dl-alexandre/gdrv/internal/admin/manager.go:390.50,391.17 1 4
github.com/dl-alexandre/gdrv/internal/admin/manager.go:391.17,393.3 1 1
github.com/dl-alexandre/gdrv/internal/admin/manager.go:394.2,397.22 4 3
github.com/dl-alexandre/gdrv/internal/admin/manager.go:397.22,401.3 3 2
github.com/dl-alexandre/gdrv/internal/admin/manager.go:402.2,411.3 1 3
github.com/dl-alexandre/gdrv/internal/admin/manager.go:414.54,415.18 1 3
github.com/dl-alexandre/gdrv/internal/admin/manager.go:415.18,417.3 1 1
github.com/dl-alexandre/gdrv/internal/admin/manager.go:418.2,419.35 2 2
github.com/dl-alexandre/gdrv/internal/admin/manager.go:419.35,421.3 1 2
github.com/dl-alexandre/gdrv/internal/admin/manager.go:422.2,429.3 1 2
github.com/dl-alexandre/gdrv/internal/admin/manager.go:432.32,434.2 1 2
github.com/dl-alexandre/gdrv/internal/admin/manager.go:436.63,437.46 1 3
github.com/dl-alexandre/gdrv/internal/admin/manager.go:437.46,439.3 1 1
github.com/dl-alexandre/gdrv/internal/admin/manager.go:440.2,441.41 2 2
github.com/dl-alexandre/gdrv/internal/admin/manager.go:441.41,443.3 1 2
github.com/dl-alexandre/gdrv/internal/admin/manager.go:444.2,444.15 1 2
github.com/dl-alexandre/gdrv/internal/admin/manager.go:447.58,448.19 1 4
github.com/dl-alexandre/gdrv/internal/admin/manager.go:448.19,450.3 1 1
github.com/dl-alexandre/gdrv/internal/admin/manager.go:451.2,457.3 1 3
github.com/dl-alexandre/gdrv/internal/activity/manager.go:19.46,23.2 1 1
github.com/dl-alexandre/gdrv/internal/activity/manager.go:25.127,27.16 2 0
github.com/dl-alexandre/gdrv/internal/activity/manager.go:27.16,30.3 1 0
github.com/dl-alexandre/gdrv/internal/activity/manager.go:32.2,34.23 2 0
github.com/dl-alexandre/gdrv/internal/activity/manager.go:34.23,37.3 2 0
github.com/dl-alexandre/gdrv/internal/activity/manager.go:39.2,39.25 1 0
github.com/dl-alexandre/gdrv/internal/activity/manager.go:39.25,42.3 2 0
github.com/dl-alexandre/gdrv/internal/activity/manager.go:44.2,44.29 1 0
github.com/dl-alexandre/gdrv/internal/activity/manager.go:44.29,46.3 1 0
github.com/dl-alexandre/gdrv/internal/activity/manager.go:48.2,48.48 1 0
github.com/dl-alexandre/gdrv/internal/activity/manager.go:48.48,50.3 1 0
github.com/dl-alexandre/gdrv/internal/activity/manager.go:52.2,52.28 1 0
github.com/dl-alexandre/gdrv/internal/activity/manager.go:52.28,54.23 2 0
github.com/dl-alexandre/gdrv/internal/activity/manager.go:54.23,56.4 1 0
github.com/dl-alexandre/gdrv/internal/activity/manager.go:56.9,58.4 1 0
github.com/dl-alexandre/gdrv/internal/activity/manager.go:61.2,61.21 1 0
github.com/dl-alexandre/gdrv/internal/activity/manager.go:61.21,63.23 2 0
github.com/dl-alexandre/gdrv/internal/activity/manager.go:63.23,65.4 1 0
github.com/dl-alexandre/gdrv/internal/activity/manager.go:65.9,67.4 1 0
github.com/dl-alexandre/gdrv/internal/activity/manager.go:70.2,70.20 1 0
github.com/dl-alexandre/gdrv/internal/activity/manager.go:70.20,72.3 1 0
github.com/dl-alexandre/gdrv/internal/activity/manager.go:74.2,74.26 1 0
github.com/dl-alexandre/gdrv/internal/activity/manager.go:74.26,76.3 1 0
github.com/dl-alexandre/gdrv/internal/activity/manager.go:78.2,78.119 1 0
github.com/dl-alexandre/gdrv/internal/activity/manager.go:78.119,80.3 1 0
github.com/dl-alexandre/gdrv/internal/activity/manager.go:81.2,81.16 1 0
github.com/dl-alexandre/gdrv/internal/activity/manager.go:81.16,83.3 1 0
github.com/dl-alexandre/gdrv/internal/activity/manager.go:85.2,86.40 2 0
github.com/dl-alexandre/gdrv/internal/activity/manager.go:86.40,88.3 1 0
github.com/dl-alexandre/gdrv/internal/activity/manager.go:90.2,90.24 1 0
github.com/dl-alexandre/gdrv/internal/activity/manager.go:93.56,96.21 2 4
github.com/dl-alexandre/gdrv/internal/activity/manager.go:96.21,98.3 1 2
github.com/dl-alexandre/gdrv/internal/activity/manager.go:100.2,100.19 1 4
github.com/dl-alexandre/gdrv/internal/activity/manager.go:100.19,102.3 1 2
github.com/dl-alexandre/gdrv/internal/activity/manager.go:104.2,104.23 1 4
github.com/dl-alexandre/gdrv/internal/activity/manager.go:104.23,106.3 1 1
github.com/dl-alexandre/gdrv/internal/activity/manager.go:108.2,108.39 1 3
github.com/dl-alexandre/gdrv/internal/activity/manager.go:111.51,115.26 3 8
github.com/dl-alexandre/gdrv/internal/activity/manager.go:115.26,117.12 2 19
github.com/dl-alexandre/gdrv/internal/activity/manager.go:118.15,119.63 1 4
github.com/dl-alexandre/gdrv/internal/activity/manager.go:120.18,121.66 1 2
github.com/dl-alexandre/gdrv/internal/activity/manager.go:122.16,123.76 1 3
github.com/dl-alexandre/gdrv/internal/activity/manager.go:124.28,125.76 1 1
github.com/dl-alexandre/gdrv/internal/activity/manager.go:126.15,127.63 1 2
github.com/dl-alexandre/gdrv/internal/activity/manager.go:128.17,129.65 1 2
github.com/dl-alexandre/gdrv/internal/activity/manager.go:130.18,131.66 1 1
github.com/dl-alexandre/gdrv/internal/activity/manager.go:132.17,133.65 1 1
github.com/dl-alexandre/gdrv/internal/activity/manager.go:134.17,135.65 1 1
github.com/dl-alexandre/gdrv/internal/activity/manager.go:139.2,139.23 1 8
github.com/dl-alexandre/gdrv/internal/activity/manager.go:139.23,141.3 1 2
github.com/dl-alexandre/gdrv/internal/activity/manager.go:143.2,143.38 1 6
github.com/dl-alexandre/gdrv/internal/activity/manager.go:146.71,153.25 2 3
github.com/dl-alexandre/gdrv/internal/activity/manager.go:153.25,155.3 1 1
github.com/dl-alexandre/gdrv/internal/activity/manager.go:157.2,157.36 1 3
github.com/dl-alexandre/gdrv/internal/activity/manager.go:157.36,159.3 1 0
github.com/dl-alexandre/gdrv/internal/activity/manager.go:161.2,161.17 1 3
github.com/dl-alexandre/gdrv/internal/activity/manager.go:164.65,166.31 2 8
github.com/dl-alexandre/gdrv/internal/activity/manager.go:166.31,169.24 2 6
github.com/dl-alexandre/gdrv/internal/activity/manager.go:169.24,171.35 2 3
github.com/dl-alexandre/gdrv/internal/activity/manager.go:171.35,175.5 1 3
github.com/dl-alexandre/gdrv/internal/activity/manager.go:176.9,176.40 1 3
github.com/dl-alexandre/gdrv/internal/activity/manager.go:176.40,178.4 1 2
github.com/dl-alexandre/gdrv/internal/activity/manager.go:178.9,178.33 1 1
github.com/dl-alexandre/gdrv/internal/activity/manager.go:178.33,180.4 1 0
github.com/dl-alexandre/gdrv/internal/activity/manager.go:180.9,180.36 1 1
github.com/dl-alexandre/gdrv/internal/activity/manager.go:180.36,182.4 1 1
github.com/dl-alexandre/gdrv/internal/activity/manager.go:184.3,184.29 1 6
github.com/dl-alexandre/gdrv/internal/activity/manager.go:186.2,186.15 1 8
github.com/dl-alexandre/gdrv/internal/activity/manager.go:189.69,191.33 2 7
github.com/dl-alexandre/gdrv/internal/activity/manager.go:191.33,194.30 2 4
github.com/dl-alexandre/gdrv/internal/activity/manager.go:194.30,201.75 3 2
github.com/dl-alexandre/gdrv/internal/activity/manager.go:201.75,202.53 1 0
github.com/dl-alexandre/gdrv/internal/activity/manager.go:202.53,206.6 1 0
github.com/dl-alexandre/gdrv/internal/activity/manager.go:208.9,208.33 1 2
github.com/dl-alexandre/gdrv/internal/activity/manager.go:208.33,210.4 1 1
github.com/dl-alexandre/gdrv/internal/activity/manager.go:210.9,210.39 1 1
github.com/dl-alexandre/gdrv/internal/activity/manager.go:210.39,212.4 1 1
github.com/dl-alexandre/gdrv/internal/activity/manager.go:214.3,214.29 1 4
github.com/dl-alexandre/gdrv/internal/activity/manager.go:216.2,216.15 1 7
github.com/dl-alexandre/gdrv/internal/activity/manager.go:219.69,221.33 2 7
github.com/dl-alexandre/gdrv/internal/activity/manager.go:221.33,226.27 2 4
github.com/dl-alexandre/gdrv/internal/activity/manager.go:226.27,228.4 1 4
github.com/dl-alexandre/gdrv/internal/activity/manager.go:230.3,230.29 1 4
github.com/dl-alexandre/gdrv/internal/activity/manager.go:232.2,232.15 1 7
github.com/dl-alexandre/gdrv/internal/activity/manager.go:235.81,238.24 2 4
github.com/dl-alexandre/gdrv/internal/activity/manager.go:238.24,241.3 2 2
github.com/dl-alexandre/gdrv/internal/activity/manager.go:241.8,241.34 1 2
github.com/dl-alexandre/gdrv/internal/activity/manager.go:241.34,244.3 2 1
github.com/dl-alexandre/gdrv/internal/activity/manager.go:244.8,244.43 1 1
github.com/dl-alexandre/gdrv/internal/activity/manager.go:244.43,247.3 2 1
github.com/dl-alexandre/gdrv/internal/activity/manager.go:247.8,247.31 1 0
github.com/dl-alexandre/gdrv/internal/activity/manager.go:247.31,250.3 2 0
github.com/dl-alexandre/gdrv/internal/activity/manager.go:250.8,250.33 1 0
github.com/dl-alexandre/gdrv/internal/activity/manager.go:250.33,253.3 2 0
github.com/dl-alexandre/gdrv/internal/activity/manager.go:253.8,253.34 1 0
github.com/dl-alexandre/gdrv/internal/activity/manager.go:253.34,256.3 2 0
github.com/dl-alexandre/gdrv/internal/activity/manager.go:256.8,256.33 1 0
github.com/dl-alexandre/gdrv/internal/activity/manager.go:256.33,259.3 2 0
github.com/dl-alexandre/gdrv/internal/activity/manager.go:259.8,259.33 1 0
github.com/dl-alexandre/gdrv/internal/activity/manager.go:259.33,262.3 2 0
github.com/dl-alexandre/gdrv/internal/activity/manager.go:264.2,264.11 1 4
github.com/dl-alexandre/gdrv/internal/activity/manager.go:267.63,268.24 1 4
github.com/dl-alexandre/gdrv/internal/activity/manager.go:268.24,270.3 1 2
github.com/dl-alexandre/gdrv/internal/activity/manager.go:270.8,270.34 1 2
github.com/dl-alexandre/gdrv/internal/activity/manager.go:270.34,272.3 1 1
github.com/dl-alexandre/gdrv/internal/activity/manager.go:272.8,272.43 1 1
github.com/dl-alexandre/gdrv/internal/activity/manager.go:272.43,274.3 1 1
github.com/dl-alexandre/gdrv/internal/activity/manager.go:274.8,274.31 1 0
github.com/dl-alexandre/gdrv/internal/activity/manager.go:274.31,276.3 1 0
github.com/dl-alexandre/gdrv/internal/activity/manager.go:276.8,276.33 1 0
github.com/dl-alexandre/gdrv/internal/activity/manager.go:276.33,278.3 1 0
github.com/dl-alexandre/gdrv/internal/activity/manager.go:278.8,278.34 1 0
github.com/dl-alexandre/gdrv/internal/activity/manager.go:278.34,280.3 1 0
github.com/dl-alexandre/gdrv/internal/activity/manager.go:280.8,280.33 1 0
github.com/dl-alexandre/gdrv/internal/activity/manager.go:280.33,282.3 1 0
github.com/dl-alexandre/gdrv/internal/activity/manager.go:282.8,282.33 1 0
github.com/dl-alexandre/gdrv/internal/activity/manager.go:282.33,284.3 1 0
github.com/dl-alexandre/gdrv/internal/activity/manager.go:285.2,285.18 1 0
github.com/dl-alexandre/gdrv/internal/activity/manager.go:288.51,290.2 1 5
github.com/dl-alexandre/gdrv/internal/api/client.go:29.105,30.19 1 32
github.com/dl-alexandre/gdrv/internal/api/client.go:30.19,32.3 1 0
github.com/dl-alexandre/gdrv/internal/api/client.go:33.2,39.3 1 32
github.com/dl-alexandre/gdrv/internal/api/client.go:43.109,52.2 1 66
github.com/dl-alexandre/gdrv/internal/api/client.go:55.98,58.2 2 2
github.com/dl-alexandre/gdrv/internal/api/client.go:61.102,64.2 2 1
github.com/dl-alexandre/gdrv/internal/api/client.go:67.130,82.60 6 11
github.com/dl-alexandre/gdrv/internal/api/client.go:82.60,83.18 1 24
github.com/dl-alexandre/gdrv/internal/api/client.go:83.18,88.4 1 13
github.com/dl-alexandre/gdrv/internal/api/client.go:90.3,91.21 2 24
github.com/dl-alexandre/gdrv/internal/api/client.go:91.21,98.4 3 6
github.com/dl-alexandre/gdrv/internal/api/client.go:100.3,100.28 1 18
github.com/dl-alexandre/gdrv/internal/api/client.go:100.28,108.4 3 1
github.com/dl-alexandre/gdrv/internal/api/client.go:110.3,110.34 1 17
github.com/dl-alexandre/gdrv/internal/api/client.go:110.34,117.11 3 15
github.com/dl-alexandre/gdrv/internal/api/client.go:118.22,119.29 1 2
github.com/dl-alexandre/gdrv/internal/api/client.go:120.29,120.29 0 13
github.com/dl-alexandre/gdrv/internal/api/client.go:125.2,132.62 3 2
github.com/dl-alexandre/gdrv/internal/api/client.go:136.34,137.46 1 35
github.com/dl-alexandre/gdrv/internal/api/client.go:137.46,138.22 1 34
github.com/dl-alexandre/gdrv/internal/api/client.go:139.32,140.15 1 27
github.com/dl-alexandre/gdrv/internal/api/client.go:143.2,143.14 1 8
github.com/dl-alexandre/gdrv/internal/api/client.go:147.86,149.46 1 29
github.com/dl-alexandre/gdrv/internal/api/client.go:149.46,151.23 2 29
github.com/dl-alexandre/gdrv/internal/api/client.go:151.23,153.60 1 2
github.com/dl-alexandre/gdrv/internal/api/client.go:153.60,156.70 2 2
github.com/dl-alexandre/gdrv/internal/api/client.go:156.70,158.6 1 0
github.com/dl-alexandre/gdrv/internal/api/client.go:159.5,159.17 1 2
github.com/dl-alexandre/gdrv/internal/api/client.go:166.2,169.67 2 27
github.com/dl-alexandre/gdrv/internal/api/client.go:169.67,171.3 1 2
github.com/dl-alexandre/gdrv/internal/api/client.go:174.2,179.15 4 27
github.com/dl-alexandre/gdrv/internal/api/client.go:179.15,181.3 1 0
github.com/dl-alexandre/gdrv/internal/api/client.go:183.2,183.14 1 27
github.com/dl-alexandre/gdrv/internal/api/client.go:187.90,189.2 1 38
github.com/dl-alexandre/gdrv/internal/api/client.go:192.43,194.2 1 0
github.com/dl-alexandre/gdrv/internal/api/client.go:197.53,199.2 1 153
github.com/dl-alexandre/gdrv/internal/api/operations.go:42.100,48.2 1 0
github.com/dl-alexandre/gdrv/internal/api/operations.go:51.138,54.34 2 0
github.com/dl-alexandre/gdrv/internal/api/operations.go:54.34,55.10 1 0
github.com/dl-alexandre/gdrv/internal/api/operations.go:56.21,57.25 1 0
github.com/dl-alexandre/gdrv/internal/api/operations.go:58.11,58.11 0 0
github.com/dl-alexandre/gdrv/internal/api/operations.go:61.3,62.17 2 0
github.com/dl-alexandre/gdrv/internal/api/operations.go:62.17,64.31 1 0
github.com/dl-alexandre/gdrv/internal/api/operations.go:64.31,73.5 1 0
github.com/dl-alexandre/gdrv/internal/api/operations.go:74.4,74.19 1 0
github.com/dl-alexandre/gdrv/internal/api/operations.go:77.3,77.14 1 0
github.com/dl-alexandre/gdrv/internal/api/operations.go:77.14,79.4 1 0
github.com/dl-alexandre/gdrv/internal/api/operations.go:81.3,81.29 1 0
github.com/dl-alexandre/gdrv/internal/api/operations.go:84.2,88.11 1 0
github.com/dl-alexandre/gdrv/internal/api/operations.go:91.96,98.2 1 0
github.com/dl-alexandre/gdrv/internal/api/operations.go:100.41,102.45 1 4
github.com/dl-alexandre/gdrv/internal/api/operations.go:102.45,104.3 1 2
github.com/dl-alexandre/gdrv/internal/api/operations.go:105.2,105.14 1 2
github.com/dl-alexandre/gdrv/internal/api/operations.go:109.47,110.45 1 6
github.com/dl-alexandre/gdrv/internal/api/operations.go:110.45,111.31 1 4
github.com/dl-alexandre/gdrv/internal/api/operations.go:112.34,113.20 1 1
github.com/dl-alexandre/gdrv/internal/api/operations.go:114.60,115.22 1 2
github.com/dl-alexandre/gdrv/internal/api/operations.go:116.11,117.18 1 1
github.com/dl-alexandre/gdrv/internal/api/operations.go:120.2,120.18 1 2
github.com/dl-alexandre/gdrv/internal/api/operations.go:124.100,126.16 2 0
github.com/dl-alexandre/gdrv/internal/api/operations.go:126.16,128.3 1 0
github.com/dl-alexandre/gdrv/internal/api/operations.go:130.2,131.16 2 0
github.com/dl-alexandre/gdrv/internal/api/operations.go:131.16,133.3 1 0
github.com/dl-alexandre/gdrv/internal/api/operations.go:134.2,136.38 2 0
github.com/dl-alexandre/gdrv/internal/api/operations.go:136.38,138.3 1 0
github.com/dl-alexandre/gdrv/internal/api/operations.go:140.2,141.12 2 0
github.com/dl-alexandre/gdrv/internal/api/request_shaper.go:14.54,16.2 1 22
github.com/dl-alexandre/gdrv/internal/api/request_shaper.go:19.112,24.18 3 106
github.com/dl-alexandre/gdrv/internal/api/request_shaper.go:24.18,26.3 1 1
github.com/dl-alexandre/gdrv/internal/api/request_shaper.go:28.2,28.13 1 106
github.com/dl-alexandre/gdrv/internal/api/request_shaper.go:32.115,37.23 2 24
github.com/dl-alexandre/gdrv/internal/api/request_shaper.go:37.23,39.3 1 3
github.com/dl-alexandre/gdrv/internal/api/request_shaper.go:39.8,41.3 1 21
github.com/dl-alexandre/gdrv/internal/api/request_shaper.go:43.2,43.13 1 24
github.com/dl-alexandre/gdrv/internal/api/request_shaper.go:47.121,52.18 3 5
github.com/dl-alexandre/gdrv/internal/api/request_shaper.go:52.18,54.3 1 1
github.com/dl-alexandre/gdrv/internal/api/request_shaper.go:56.2,56.13 1 5
github.com/dl-alexandre/gdrv/internal/api/request_shaper.go:60.121,66.18 4 5
github.com/dl-alexandre/gdrv/internal/api/request_shaper.go:66.18,68.3 1 1
github.com/dl-alexandre/gdrv/internal/api/request_shaper.go:70.2,70.13 1 5
github.com/dl-alexandre/gdrv/internal/api/request_shaper.go:74.121,78.18 3 5
github.com/dl-alexandre/gdrv/internal/api/request_shaper.go:78.18,80.3 1 1
github.com/dl-alexandre/gdrv/internal/api/request_shaper.go:82.2,82.13 1 5
github.com/dl-alexandre/gdrv/internal/api/request_shaper.go:86.115,91.18 4 5
github.com/dl-alexandre/gdrv/internal/api/request_shaper.go:91.18,93.3 1 1
github.com/dl-alexandre/gdrv/internal/api/request_shaper.go:95.2,95.13 1 5
github.com/dl-alexandre/gdrv/internal/api/request_shaper.go:99.133,103.18 3 5
github.com/dl-alexandre/gdrv/internal/api/request_shaper.go:103.18,105.3 1 1
github.com/dl-alexandre/gdrv/internal/api/request_shaper.go:107.2,107.13 1 5
github.com/dl-alexandre/gdrv/internal/api/request_shaper.go:111.139,115.18 3 5
github.com/dl-alexandre/gdrv/internal/api/request_shaper.go:115.18,117.3 1 1
github.com/dl-alexandre/gdrv/internal/api/request_shaper.go:119.2,119.13 1 5
github.com/dl-alexandre/gdrv/internal/api/request_shaper.go:123.139,127.18 3 2
github.com/dl-alexandre/gdrv/internal/api/request_shaper.go:127.18,129.3 1 0
github.com/dl-alexandre/gdrv/internal/api/request_shaper.go:131.2,131.13 1 2
github.com/dl-alexandre/gdrv/internal/api/request_shaper.go:135.139,139.18 3 2
github.com/dl-alexandre/gdrv/internal/api/request_shaper.go:139.18,141.3 1 0
github.com/dl-alexandre/gdrv/internal/api/request_shaper.go:143.2,143.13 1 2
github.com/dl-alexandre/gdrv/internal/api/request_shaper.go:147.127,149.18 2 2
github.com/dl-alexandre/gdrv/internal/api/request_shaper.go:149.18,151.3 1 1
github.com/dl-alexandre/gdrv/internal/api/request_shaper.go:153.2,153.13 1 2
github.com/dl-alexandre/gdrv/internal/api/request_shaper.go:157.124,159.18 2 0
github.com/dl-alexandre/gdrv/internal/api/request_shaper.go:159.18,161.3 1 0
github.com/dl-alexandre/gdrv/internal/api/request_shaper.go:163.2,163.13 1 0
github.com/dl-alexandre/gdrv/internal/api/request_shaper.go:167.133,169.18 2 0
github.com/dl-alexandre/gdrv/internal/api/request_shaper.go:169.18,171.3 1 0
github.com/dl-alexandre/gdrv/internal/api/request_shaper.go:173.2,173.13 1 0
github.com/dl-alexandre/gdrv/internal/api/request_shaper.go:177.118,180.2 1 1
github.com/dl-alexandre/gdrv/internal/api/resource_keys.go:27.50,32.2 2 54
github.com/dl-alexandre/gdrv/internal/api/resource_keys.go:35.62,38.2 2 0
github.com/dl-alexandre/gdrv/internal/api/resource_keys.go:41.73,50.33 4 34
github.com/dl-alexandre/gdrv/internal/api/resource_keys.go:50.33,52.3 1 0
github.com/dl-alexandre/gdrv/internal/api/resource_keys.go:56.67,61.9 4 6
github.com/dl-alexandre/gdrv/internal/api/resource_keys.go:61.9,63.3 1 4
github.com/dl-alexandre/gdrv/internal/api/resource_keys.go:64.2,64.32 1 2
github.com/dl-alexandre/gdrv/internal/api/resource_keys.go:68.67,73.29 4 163
github.com/dl-alexandre/gdrv/internal/api/resource_keys.go:73.29,74.35 1 150
github.com/dl-alexandre/gdrv/internal/api/resource_keys.go:74.35,76.4 1 37
github.com/dl-alexandre/gdrv/internal/api/resource_keys.go:79.2,79.21 1 163
github.com/dl-alexandre/gdrv/internal/api/resource_keys.go:79.21,81.3 1 138
github.com/dl-alexandre/gdrv/internal/api/resource_keys.go:82.2,82.33 1 25
github.com/dl-alexandre/gdrv/internal/api/resource_keys.go:86.78,88.58 1 127
github.com/dl-alexandre/gdrv/internal/api/resource_keys.go:88.58,90.3 1 9
github.com/dl-alexandre/gdrv/internal/api/resource_keys.go:97.2,102.24 5 118
github.com/dl-alexandre/gdrv/internal/api/resource_keys.go:102.24,105.25 2 6
github.com/dl-alexandre/gdrv/internal/api/resource_keys.go:105.25,109.26 3 5
github.com/dl-alexandre/gdrv/internal/api/resource_keys.go:109.26,111.5 1 1
github.com/dl-alexandre/gdrv/internal/api/resource_keys.go:115.2,116.29 2 117
github.com/dl-alexandre/gdrv/internal/api/resource_keys.go:116.29,118.3 1 4
github.com/dl-alexandre/gdrv/internal/api/resource_keys.go:120.2,120.50 1 113
github.com/dl-alexandre/gdrv/internal/api/resource_keys.go:124.56,129.33 4 1
github.com/dl-alexandre/gdrv/internal/api/resource_keys.go:129.33,131.3 1 0
github.com/dl-alexandre/gdrv/internal/api/resource_keys.go:135.38,140.33 4 1
github.com/dl-alexandre/gdrv/internal/api/resource_keys.go:140.33,142.3 1 0
github.com/dl-alexandre/gdrv/internal/api/resource_keys.go:146.80,147.23 1 0
github.com/dl-alexandre/gdrv/internal/api/resource_keys.go:147.23,149.3 1 0
github.com/dl-alexandre/gdrv/internal/api/resource_keys.go:152.43,153.18 1 0
github.com/dl-alexandre/gdrv/internal/api/resource_keys.go:153.18,155.3 1 0
github.com/dl-alexandre/gdrv/internal/api/resource_keys.go:157.2,158.16 2 0
github.com/dl-alexandre/gdrv/internal/api/resource_keys.go:158.16,159.25 1 0
github.com/dl-alexandre/gdrv/internal/api/resource_keys.go:159.25,161.4 1 0
github.com/dl-alexandre/gdrv/internal/api/resource_keys.go:162.3,162.13 1 0
github.com/dl-alexandre/gdrv/internal/api/resource_keys.go:165.2,167.39 3 0
github.com/dl-alexandre/gdrv/internal/api/resource_keys.go:170.43,171.18 1 36
github.com/dl-alexandre/gdrv/internal/api/resource_keys.go:171.18,173.3 1 36
github.com/dl-alexandre/gdrv/internal/api/resource_keys.go:175.2,176.16 2 0
github.com/dl-alexandre/gdrv/internal/api/resource_keys.go:176.16,178.3 1 0
github.com/dl-alexandre/gdrv/internal/api/resource_keys.go:180.2,180.64 1 0
github.com/dl-alexandre/gdrv/internal/api/resource_keys.go:180.64,182.3 1 0
github.com/dl-alexandre/gdrv/internal/api/resource_keys.go:183.2,183.41 1 0
github.com/dl-alexandre/gdrv/internal/api/resource_keys.go:194.41,196.2 1 34
github.com/dl-alexandre/gdrv/internal/api/resource_keys.go:199.35,201.2 1 34
github.com/dl-alexandre/gdrv/internal/appscript/manager.go:20.71,25.2 1 0
github.com/dl-alexandre/gdrv/internal/appscript/manager.go:29.128,32.94 2 0
github.com/dl-alexandre/gdrv/internal/appscript/manager.go:32.94,34.3 1 0
github.com/dl-alexandre/gdrv/internal/appscript/manager.go:35.2,35.16 1 0
github.com/dl-alexandre/gdrv/internal/appscript/manager.go:35.16,37.3 1 0
github.com/dl-alexandre/gdrv/internal/appscript/manager.go:39.2,39.37 1 0
github.com/dl-alexandre/gdrv/internal/appscript/manager.go:44.128,47.94 2 0
github.com/dl-alexandre/gdrv/internal/appscript/manager.go:47.94,49.3 1 0
github.com/dl-alexandre/gdrv/internal/appscript/manager.go:50.2,50.16 1 0
github.com/dl-alexandre/gdrv/internal/appscript/manager.go:50.16,52.3 1 0
github.com/dl-alexandre/gdrv/internal/appscript/manager.go:54.2,55.34 2 0
github.com/dl-alexandre/gdrv/internal/appscript/manager.go:55.34,57.3 1 0
github.com/dl-alexandre/gdrv/internal/appscript/manager.go:59.2,62.8 1 0
github.com/dl-alexandre/gdrv/internal/appscript/manager.go:68.143,72.20 2 0
github.com/dl-alexandre/gdrv/internal/appscript/manager.go:72.20,74.3 1 0
github.com/dl-alexandre/gdrv/internal/appscript/manager.go:76.2,78.94 2 0
github.com/dl-alexandre/gdrv/internal/appscript/manager.go:78.94,80.3 1 0
github.com/dl-alexandre/gdrv/internal/appscript/manager.go:81.2,81.16 1 0
github.com/dl-alexandre/gdrv/internal/appscript/manager.go:81.16,83.3 1 0
github.com/dl-alexandre/gdrv/internal/appscript/manager.go:85.2,88.8 1 0
github.com/dl-alexandre/gdrv/internal/appscript/manager.go:104.171,117.91 6 0
github.com/dl-alexandre/gdrv/internal/appscript/manager.go:117.91,119.3 1 0
github.com/dl-alexandre/gdrv/internal/appscript/manager.go:120.2,120.16 1 0
github.com/dl-alexandre/gdrv/internal/appscript/manager.go:120.16,122.3 1 0
github.com/dl-alexandre/gdrv/internal/appscript/manager.go:124.2,124.36 1 0
github.com/dl-alexandre/gdrv/internal/appscript/manager.go:128.61,129.14 1 4
github.com/dl-alexandre/gdrv/internal/appscript/manager.go:129.14,131.3 1 1
github.com/dl-alexandre/gdrv/internal/appscript/manager.go:132.2,138.3 1 3
github.com/dl-alexandre/gdrv/internal/appscript/manager.go:143.51,144.14 1 5
github.com/dl-alexandre/gdrv/internal/appscript/manager.go:144.14,146.3 1 1
github.com/dl-alexandre/gdrv/internal/appscript/manager.go:148.2,156.26 2 4
github.com/dl-alexandre/gdrv/internal/appscript/manager.go:156.26,158.43 2 2
github.com/dl-alexandre/gdrv/internal/appscript/manager.go:158.43,160.4 1 3
github.com/dl-alexandre/gdrv/internal/appscript/manager.go:161.3,161.25 1 2
github.com/dl-alexandre/gdrv/internal/appscript/manager.go:164.2,164.11 1 4
github.com/dl-alexandre/gdrv/internal/appscript/manager.go:169.70,170.15 1 9
github.com/dl-alexandre/gdrv/internal/appscript/manager.go:170.15,172.3 1 1
github.com/dl-alexandre/gdrv/internal/appscript/manager.go:174.2,178.21 2 8
github.com/dl-alexandre/gdrv/internal/appscript/manager.go:178.21,180.38 2 4
github.com/dl-alexandre/gdrv/internal/appscript/manager.go:180.38,182.4 1 3
github.com/dl-alexandre/gdrv/internal/appscript/manager.go:183.3,187.4 1 4
github.com/dl-alexandre/gdrv/internal/appscript/manager.go:190.2,190.26 1 8
github.com/dl-alexandre/gdrv/internal/appscript/manager.go:190.26,192.60 2 3
github.com/dl-alexandre/gdrv/internal/appscript/manager.go:192.60,194.4 1 2
github.com/dl-alexandre/gdrv/internal/appscript/manager.go:194.9,199.4 1 1
github.com/dl-alexandre/gdrv/internal/appscript/manager.go:202.2,202.15 1 8
github.com/dl-alexandre/gdrv/internal/calendar/manager.go:19.73,24.2 1 0
github.com/dl-alexandre/gdrv/internal/calendar/manager.go:28.238,29.22 1 0
github.com/dl-alexandre/gdrv/internal/calendar/manager.go:29.22,31.3 1 0
github.com/dl-alexandre/gdrv/internal/calendar/manager.go:33.2,34.19 2 0
github.com/dl-alexandre/gdrv/internal/calendar/manager.go:34.19,36.3 1 0
github.com/dl-alexandre/gdrv/internal/calendar/manager.go:37.2,37.19 1 0
github.com/dl-alexandre/gdrv/internal/calendar/manager.go:37.19,39.3 1 0
github.com/dl-alexandre/gdrv/internal/calendar/manager.go:40.2,40.20 1 0
github.com/dl-alexandre/gdrv/internal/calendar/manager.go:40.20,42.3 1 0
github.com/dl-alexandre/gdrv/internal/calendar/manager.go:43.2,43.21 1 0
github.com/dl-alexandre/gdrv/internal/calendar/manager.go:43.21,45.3 1 0
github.com/dl-alexandre/gdrv/internal/calendar/manager.go:46.2,46.17 1 0
github.com/dl-alexandre/gdrv/internal/calendar/manager.go:46.17,48.3 1 0
github.com/dl-alexandre/gdrv/internal/calendar/manager.go:49.2,49.18 1 0
github.com/dl-alexandre/gdrv/internal/calendar/manager.go:49.18,51.3 1 0
github.com/dl-alexandre/gdrv/internal/calendar/manager.go:52.2,52.19 1 0
github.com/dl-alexandre/gdrv/internal/calendar/manager.go:52.19,54.3 1 0
github.com/dl-alexandre/gdrv/internal/calendar/manager.go:56.2,56.94 1 0
github.com/dl-alexandre/gdrv/internal/calendar/manager.go:56.94,58.3 1 0
github.com/dl-alexandre/gdrv/internal/calendar/manager.go:59.2,59.16 1 0
github.com/dl-alexandre/gdrv/internal/calendar/manager.go:59.16,61.3 1 0
github.com/dl-alexandre/gdrv/internal/calendar/manager.go:63.2,64.36 2 0
github.com/dl-alexandre/gdrv/internal/calendar/manager.go:64.36,66.3 1 0
github.com/dl-alexandre/gdrv/internal/calendar/manager.go:68.2,71.30 1 0
github.com/dl-alexandre/gdrv/internal/calendar/manager.go:75.137,76.22 1 0
github.com/dl-alexandre/gdrv/internal/calendar/manager.go:76.22,78.3 1 0
github.com/dl-alexandre/gdrv/internal/calendar/manager.go:80.2,82.93 2 0
github.com/dl-alexandre/gdrv/internal/calendar/manager.go:82.93,84.3 1 0
github.com/dl-alexandre/gdrv/internal/calendar/manager.go:85.2,85.16 1 0
github.com/dl-alexandre/gdrv/internal/calendar/manager.go:85.16,87.3 1 0
github.com/dl-alexandre/gdrv/internal/calendar/manager.go:89.2,90.20 2 0
github.com/dl-alexandre/gdrv/internal/calendar/manager.go:94.169,95.22 1 0
github.com/dl-alexandre/gdrv/internal/calendar/manager.go:95.22,97.3 1 0
github.com/dl-alexandre/gdrv/internal/calendar/manager.go:99.2,100.19 2 0
github.com/dl-alexandre/gdrv/internal/calendar/manager.go:100.19,102.3 1 0
github.com/dl-alexandre/gdrv/internal/calendar/manager.go:103.2,103.19 1 0
github.com/dl-alexandre/gdrv/internal/calendar/manager.go:103.19,105.3 1 0
github.com/dl-alexandre/gdrv/internal/calendar/manager.go:107.2,107.94 1 0
github.com/dl-alexandre/gdrv/internal/calendar/manager.go:107.94,109.3 1 0
github.com/dl-alexandre/gdrv/internal/calendar/manager.go:110.2,110.16 1 0
github.com/dl-alexandre/gdrv/internal/calendar/manager.go:110.16,112.3 1 0
github.com/dl-alexandre/gdrv/internal/calendar/manager.go:114.2,115.36 2 0
github.com/dl-alexandre/gdrv/internal/calendar/manager.go:115.36,117.3 1 0
github.com/dl-alexandre/gdrv/internal/calendar/manager.go:119.2,122.30 1 0
github.com/dl-alexandre/gdrv/internal/calendar/manager.go:129.263,130.22 1 0
github.com/dl-alexandre/gdrv/internal/calendar/manager.go:130.22,132.3 1 0
github.com/dl-alexandre/gdrv/internal/calendar/manager.go:134.2,142.24 2 0
github.com/dl-alexandre/gdrv/internal/calendar/manager.go:142.24,144.35 2 0
github.com/dl-alexandre/gdrv/internal/calendar/manager.go:144.35,146.4 1 0
github.com/dl-alexandre/gdrv/internal/calendar/manager.go:147.3,147.35 1 0
github.com/dl-alexandre/gdrv/internal/calendar/manager.go:150.2,150.25 1 0
github.com/dl-alexandre/gdrv/internal/calendar/manager.go:150.25,152.3 1 0
github.com/dl-alexandre/gdrv/internal/calendar/manager.go:154.2,155.23 2 0
github.com/dl-alexandre/gdrv/internal/calendar/manager.go:155.23,157.3 1 0
github.com/dl-alexandre/gdrv/internal/calendar/manager.go:159.2,159.93 1 0
github.com/dl-alexandre/gdrv/internal/calendar/manager.go:159.93,161.3 1 0
github.com/dl-alexandre/gdrv/internal/calendar/manager.go:162.2,162.16 1 0
github.com/dl-alexandre/gdrv/internal/calendar/manager.go:162.16,164.3 1 0
github.com/dl-alexandre/gdrv/internal/calendar/manager.go:166.2,170.8 1 0
github.com/dl-alexandre/gdrv/internal/calendar/manager.go:174.226,175.22 1 0
github.com/dl-alexandre/gdrv/internal/calendar/manager.go:175.22,177.3 1 0
github.com/dl-alexandre/gdrv/internal/calendar/manager.go:179.2,180.20 2 0
github.com/dl-alexandre/gdrv/internal/calendar/manager.go:180.20,182.3 1 0
github.com/dl-alexandre/gdrv/internal/calendar/manager.go:183.2,183.24 1 0
github.com/dl-alexandre/gdrv/internal/calendar/manager.go:183.24,185.3 1 0
github.com/dl-alexandre/gdrv/internal/calendar/manager.go:186.2,186.21 1 0
github.com/dl-alexandre/gdrv/internal/calendar/manager.go:186.21,188.3 1 0
github.com/dl-alexandre/gdrv/internal/calendar/manager.go:189.2,189.22 1 0
github.com/dl-alexandre/gdrv/internal/calendar/manager.go:189.22,191.3 1 0
github.com/dl-alexandre/gdrv/internal/calendar/manager.go:192.2,192.20 1 0
github.com/dl-alexandre/gdrv/internal/calendar/manager.go:192.20,194.3 1 0
github.com/dl-alexandre/gdrv/internal/calendar/manager.go:196.2,197.23 2 0
github.com/dl-alexandre/gdrv/internal/calendar/manager.go:197.23,199.3 1 0
github.com/dl-alexandre/gdrv/internal/calendar/manager.go:201.2,201.93 1 0
github.com/dl-alexandre/gdrv/internal/calendar/manager.go:201.93,203.3 1 0
github.com/dl-alexandre/gdrv/internal/calendar/manager.go:204.2,204.16 1 0
github.com/dl-alexandre/gdrv/internal/calendar/manager.go:204.16,206.3 1 0
github.com/dl-alexandre/gdrv/internal/calendar/manager.go:208.2,212.8 1 0
github.com/dl-alexandre/gdrv/internal/calendar/manager.go:216.129,217.22 1 0
github.com/dl-alexandre/gdrv/internal/calendar/manager.go:217.22,219.3 1 0
github.com/dl-alexandre/gdrv/internal/calendar/manager.go:221.2,222.23 2 0
github.com/dl-alexandre/gdrv/internal/calendar/manager.go:222.23,224.3 1 0
github.com/dl-alexandre/gdrv/internal/calendar/manager.go:226.2,226.82 1 0
github.com/dl-alexandre/gdrv/internal/calendar/manager.go:226.82,228.3 1 0
github.com/dl-alexandre/gdrv/internal/calendar/manager.go:229.2,229.12 1 0
github.com/dl-alexandre/gdrv/internal/calendar/manager.go:234.172,235.22 1 0
github.com/dl-alexandre/gdrv/internal/calendar/manager.go:235.22,237.3 1 0
github.com/dl-alexandre/gdrv/internal/calendar/manager.go:240.2,241.92 2 0
github.com/dl-alexandre/gdrv/internal/calendar/manager.go:241.92,243.3 1 0
github.com/dl-alexandre/gdrv/internal/calendar/manager.go:244.2,244.16 1 0
github.com/dl-alexandre/gdrv/internal/calendar/manager.go:244.16,246.3 1 0
github.com/dl-alexandre/gdrv/internal/calendar/manager.go:249.2,250.43 2 0
github.com/dl-alexandre/gdrv/internal/calendar/manager.go:250.43,251.20 1 0
github.com/dl-alexandre/gdrv/internal/calendar/manager.go:251.20,254.9 3 0
github.com/dl-alexandre/gdrv/internal/calendar/manager.go:258.2,258.12 1 0
github.com/dl-alexandre/gdrv/internal/calendar/manager.go:258.12,260.3 1 0
github.com/dl-alexandre/gdrv/internal/calendar/manager.go:263.2,268.23 3 0
github.com/dl-alexandre/gdrv/internal/calendar/manager.go:268.23,270.3 1 0
github.com/dl-alexandre/gdrv/internal/calendar/manager.go:272.2,272.93 1 0
github.com/dl-alexandre/gdrv/internal/calendar/manager.go:272.93,274.3 1 0
github.com/dl-alexandre/gdrv/internal/calendar/manager.go:275.2,275.16 1 0
github.com/dl-alexandre/gdrv/internal/calendar/manager.go:275.16,277.3 1 0
github.com/dl-alexandre/gdrv/internal/calendar/manager.go:279.2,283.8 1 0
github.com/dl-alexandre/gdrv/internal/calendar/manager.go:287.159,289.33 2 0
github.com/dl-alexandre/gdrv/internal/calendar/manager.go:289.33,291.3 1 0
github.com/dl-alexandre/gdrv/internal/calendar/manager.go:293.2,301.104 3 0
github.com/dl-alexandre/gdrv/internal/calendar/manager.go:301.104,303.3 1 0
github.com/dl-alexandre/gdrv/internal/calendar/manager.go:304.2,304.16 1 0
github.com/dl-alexandre/gdrv/internal/calendar/manager.go:304.16,306.3 1 0
github.com/dl-alexandre/gdrv/internal/calendar/manager.go:308.2,309.47 2 0
github.com/dl-alexandre/gdrv/internal/calendar/manager.go:309.47,311.37 2 0
github.com/dl-alexandre/gdrv/internal/calendar/manager.go:311.37,316.4 1 0
github.com/dl-alexandre/gdrv/internal/calendar/manager.go:317.3,317.29 1 0
github.com/dl-alexandre/gdrv/internal/calendar/manager.go:320.2,322.8 1 0
github.com/dl-alexandre/gdrv/internal/calendar/manager.go:326.157,327.22 1 0
github.com/dl-alexandre/gdrv/internal/calendar/manager.go:327.22,329.3 1 0
github.com/dl-alexandre/gdrv/internal/calendar/manager.go:331.2,337.94 2 0
github.com/dl-alexandre/gdrv/internal/calendar/manager.go:337.94,339.3 1 0
github.com/dl-alexandre/gdrv/internal/calendar/manager.go:340.2,340.16 1 0
github.com/dl-alexandre/gdrv/internal/calendar/manager.go:340.16,342.3 1 0
github.com/dl-alexandre/gdrv/internal/calendar/manager.go:344.2,345.36 2 0
github.com/dl-alexandre/gdrv/internal/calendar/manager.go:345.36,347.3 1 0
github.com/dl-alexandre/gdrv/internal/calendar/manager.go:349.2,349.37 1 0
github.com/dl-alexandre/gdrv/internal/calendar/manager.go:354.77,357.35 2 5
github.com/dl-alexandre/gdrv/internal/calendar/manager.go:357.35,359.40 2 8
github.com/dl-alexandre/gdrv/internal/calendar/manager.go:359.40,362.39 1 5
github.com/dl-alexandre/gdrv/internal/calendar/manager.go:362.39,364.5 1 4
github.com/dl-alexandre/gdrv/internal/calendar/manager.go:366.3,366.24 1 8
github.com/dl-alexandre/gdrv/internal/calendar/manager.go:366.24,371.4 1 3
github.com/dl-alexandre/gdrv/internal/calendar/manager.go:374.2,374.18 1 5
github.com/dl-alexandre/gdrv/internal/calendar/manager.go:381.82,382.12 1 4
github.com/dl-alexandre/gdrv/internal/calendar/manager.go:382.12,386.3 1 2
github.com/dl-alexandre/gdrv/internal/calendar/manager.go:387.2,389.3 1 2
github.com/dl-alexandre/gdrv/internal/calendar/manager.go:394.58,406.20 2 6
github.com/dl-alexandre/gdrv/internal/calendar/manager.go:406.20,407.29 1 4
github.com/dl-alexandre/gdrv/internal/calendar/manager.go:407.29,409.4 1 3
github.com/dl-alexandre/gdrv/internal/calendar/manager.go:409.9,411.4 1 1
github.com/dl-alexandre/gdrv/internal/calendar/manager.go:414.2,414.18 1 6
github.com/dl-alexandre/gdrv/internal/calendar/manager.go:414.18,415.27 1 4
github.com/dl-alexandre/gdrv/internal/calendar/manager.go:415.27,417.4 1 3
github.com/dl-alexandre/gdrv/internal/calendar/manager.go:417.9,419.4 1 1
github.com/dl-alexandre/gdrv/internal/calendar/manager.go:422.2,422.22 1 6
github.com/dl-alexandre/gdrv/internal/calendar/manager.go:422.22,424.3 1 1
github.com/dl-alexandre/gdrv/internal/calendar/manager.go:426.2,426.24 1 6
github.com/dl-alexandre/gdrv/internal/calendar/manager.go:426.24,428.3 1 1
github.com/dl-alexandre/gdrv/internal/calendar/manager.go:430.2,430.24 1 6
github.com/dl-alexandre/gdrv/internal/calendar/manager.go:430.24,432.3 1 1
github.com/dl-alexandre/gdrv/internal/calendar/manager.go:434.2,434.14 1 6
github.com/dl-alexandre/gdrv/internal/calendar/manager.go:438.85,440.30 2 5
github.com/dl-alexandre/gdrv/internal/calendar/manager.go:440.30,448.3 1 5
github.com/dl-alexandre/gdrv/internal/calendar/manager.go:449.2,449.15 1 5
github.com/dl-alexandre/gdrv/internal/changes/manager.go:20.46,25.2 1 1
github.com/dl-alexandre/gdrv/internal/changes/manager.go:27.120,30.19 2 0
github.com/dl-alexandre/gdrv/internal/changes/manager.go:30.19,34.3 3 0
github.com/dl-alexandre/gdrv/internal/changes/manager.go:36.2,36.99 1 0
github.com/dl-alexandre/gdrv/internal/changes/manager.go:36.99,38.3 1 0
github.com/dl-alexandre/gdrv/internal/changes/manager.go:39.2,39.16 1 0
github.com/dl-alexandre/gdrv/internal/changes/manager.go:39.16,41.3 1 0
github.com/dl-alexandre/gdrv/internal/changes/manager.go:43.2,43.35 1 0
github.com/dl-alexandre/gdrv/internal/changes/manager.go:46.126,47.26 1 0
github.com/dl-alexandre/gdrv/internal/changes/manager.go:47.26,50.3 1 0
github.com/dl-alexandre/gdrv/internal/changes/manager.go:52.2,54.24 2 0
github.com/dl-alexandre/gdrv/internal/changes/manager.go:54.24,57.3 2 0
github.com/dl-alexandre/gdrv/internal/changes/manager.go:59.2,59.32 1 0
github.com/dl-alexandre/gdrv/internal/changes/manager.go:59.32,61.3 1 0
github.com/dl-alexandre/gdrv/internal/changes/manager.go:63.2,63.36 1 0
github.com/dl-alexandre/gdrv/internal/changes/manager.go:63.36,65.3 1 0
github.com/dl-alexandre/gdrv/internal/changes/manager.go:67.2,67.42 1 0
github.com/dl-alexandre/gdrv/internal/changes/manager.go:67.42,69.3 1 0
github.com/dl-alexandre/gdrv/internal/changes/manager.go:71.2,71.25 1 0
github.com/dl-alexandre/gdrv/internal/changes/manager.go:71.25,73.3 1 0
github.com/dl-alexandre/gdrv/internal/changes/manager.go:75.2,75.28 1 0
github.com/dl-alexandre/gdrv/internal/changes/manager.go:75.28,77.3 1 0
github.com/dl-alexandre/gdrv/internal/changes/manager.go:79.2,79.28 1 0
github.com/dl-alexandre/gdrv/internal/changes/manager.go:79.28,81.3 1 0
github.com/dl-alexandre/gdrv/internal/changes/manager.go:83.2,83.20 1 0
github.com/dl-alexandre/gdrv/internal/changes/manager.go:83.20,85.3 1 0
github.com/dl-alexandre/gdrv/internal/changes/manager.go:87.2,87.23 1 0
github.com/dl-alexandre/gdrv/internal/changes/manager.go:87.23,89.3 1 0
github.com/dl-alexandre/gdrv/internal/changes/manager.go:91.2,91.23 1 0
github.com/dl-alexandre/gdrv/internal/changes/manager.go:91.23,93.3 1 0
github.com/dl-alexandre/gdrv/internal/changes/manager.go:95.2,95.95 1 0
github.com/dl-alexandre/gdrv/internal/changes/manager.go:95.95,97.3 1 0
github.com/dl-alexandre/gdrv/internal/changes/manager.go:98.2,98.16 1 0
github.com/dl-alexandre/gdrv/internal/changes/manager.go:98.16,100.3 1 0
github.com/dl-alexandre/gdrv/internal/changes/manager.go:102.2,102.39 1 0
github.com/dl-alexandre/gdrv/internal/changes/manager.go:105.162,106.21 1 0
github.com/dl-alexandre/gdrv/internal/changes/manager.go:106.21,109.3 1 0
github.com/dl-alexandre/gdrv/internal/changes/manager.go:111.2,111.22 1 0
github.com/dl-alexandre/gdrv/internal/changes/manager.go:111.22,114.3 1 0
github.com/dl-alexandre/gdrv/internal/changes/manager.go:116.2,122.22 2 0
github.com/dl-alexandre/gdrv/internal/changes/manager.go:122.22,124.3 1 0
github.com/dl-alexandre/gdrv/internal/changes/manager.go:126.2,126.25 1 0
github.com/dl-alexandre/gdrv/internal/changes/manager.go:126.25,128.3 1 0
github.com/dl-alexandre/gdrv/internal/changes/manager.go:130.2,132.24 2 0
github.com/dl-alexandre/gdrv/internal/changes/manager.go:132.24,135.3 2 0
github.com/dl-alexandre/gdrv/internal/changes/manager.go:137.2,137.32 1 0
github.com/dl-alexandre/gdrv/internal/changes/manager.go:137.32,139.3 1 0
github.com/dl-alexandre/gdrv/internal/changes/manager.go:141.2,141.36 1 0
github.com/dl-alexandre/gdrv/internal/changes/manager.go:141.36,143.3 1 0
github.com/dl-alexandre/gdrv/internal/changes/manager.go:145.2,145.42 1 0
github.com/dl-alexandre/gdrv/internal/changes/manager.go:145.42,147.3 1 0
github.com/dl-alexandre/gdrv/internal/changes/manager.go:149.2,149.25 1 0
github.com/dl-alexandre/gdrv/internal/changes/manager.go:149.25,151.3 1 0
github.com/dl-alexandre/gdrv/internal/changes/manager.go:153.2,153.28 1 0
github.com/dl-alexandre/gdrv/internal/changes/manager.go:153.28,155.3 1 0
github.com/dl-alexandre/gdrv/internal/changes/manager.go:157.2,157.28 1 0
github.com/dl-alexandre/gdrv/internal/changes/manager.go:157.28,159.3 1 0
github.com/dl-alexandre/gdrv/internal/changes/manager.go:161.2,161.23 1 0
github.com/dl-alexandre/gdrv/internal/changes/manager.go:161.23,163.3 1 0
github.com/dl-alexandre/gdrv/internal/changes/manager.go:165.2,165.92 1 0
github.com/dl-alexandre/gdrv/internal/changes/manager.go:165.92,167.3 1 0
github.com/dl-alexandre/gdrv/internal/changes/manager.go:168.2,168.16 1 0
github.com/dl-alexandre/gdrv/internal/changes/manager.go:168.16,170.3 1 0
github.com/dl-alexandre/gdrv/internal/changes/manager.go:172.2,172.36 1 0
github.com/dl-alexandre/gdrv/internal/changes/manager.go:175.118,176.21 1 0
github.com/dl-alexandre/gdrv/internal/changes/manager.go:176.21,179.3 1 0
github.com/dl-alexandre/gdrv/internal/changes/manager.go:181.2,181.22 1 0
github.com/dl-alexandre/gdrv/internal/changes/manager.go:181.22,184.3 1 0
github.com/dl-alexandre/gdrv/internal/changes/manager.go:186.2,191.82 2 0
github.com/dl-alexandre/gdrv/internal/changes/manager.go:191.82,194.3 2 0
github.com/dl-alexandre/gdrv/internal/changes/manager.go:196.2,196.12 1 0
github.com/dl-alexandre/gdrv/internal/changes/manager.go:199.69,201.36 2 2
github.com/dl-alexandre/gdrv/internal/changes/manager.go:201.36,203.3 1 2
github.com/dl-alexandre/gdrv/internal/changes/manager.go:205.2,209.3 1 2
github.com/dl-alexandre/gdrv/internal/changes/manager.go:212.58,220.26 2 5
github.com/dl-alexandre/gdrv/internal/changes/manager.go:220.26,221.54 1 1
github.com/dl-alexandre/gdrv/internal/changes/manager.go:221.54,223.4 1 1
github.com/dl-alexandre/gdrv/internal/changes/manager.go:226.2,226.27 1 5
github.com/dl-alexandre/gdrv/internal/changes/manager.go:226.27,228.3 1 1
github.com/dl-alexandre/gdrv/internal/changes/manager.go:230.2,230.28 1 5
github.com/dl-alexandre/gdrv/internal/changes/manager.go:230.28,232.3 1 1
github.com/dl-alexandre/gdrv/internal/changes/manager.go:234.2,234.15 1 5
github.com/dl-alexandre/gdrv/internal/changes/manager.go:237.61,250.22 2 4
github.com/dl-alexandre/gdrv/internal/changes/manager.go:250.22,252.3 1 1
github.com/dl-alexandre/gdrv/internal/changes/manager.go:254.2,254.31 1 4
github.com/dl-alexandre/gdrv/internal/changes/manager.go:254.31,256.3 1 0
github.com/dl-alexandre/gdrv/internal/changes/manager.go:258.2,258.32 1 4
github.com/dl-alexandre/gdrv/internal/changes/manager.go:258.32,260.3 1 0
github.com/dl-alexandre/gdrv/internal/changes/manager.go:262.2,262.32 1 4
github.com/dl-alexandre/gdrv/internal/changes/manager.go:262.32,264.3 1 0
github.com/dl-alexandre/gdrv/internal/changes/manager.go:266.2,266.33 1 4
github.com/dl-alexandre/gdrv/internal/changes/manager.go:266.33,275.3 1 0
github.com/dl-alexandre/gdrv/internal/changes/manager.go:277.2,277.13 1 4
github.com/dl-alexandre/gdrv/internal/changes/manager.go:280.67,290.32 2 2
github.com/dl-alexandre/gdrv/internal/changes/manager.go:290.32,291.60 1 0
github.com/dl-alexandre/gdrv/internal/changes/manager.go:291.60,293.4 1 0
github.com/dl-alexandre/gdrv/internal/changes/manager.go:296.2,296.34 1 2
github.com/dl-alexandre/gdrv/internal/changes/manager.go:296.34,312.3 1 0
github.com/dl-alexandre/gdrv/internal/changes/manager.go:314.2,314.14 1 2
github.com/dl-alexandre/gdrv/internal/changes/manager.go:317.63,327.31 2 1
github.com/dl-alexandre/gdrv/internal/changes/manager.go:327.31,329.3 1 0
github.com/dl-alexandre/gdrv/internal/changes/manager.go:331.2,331.30 1 1
github.com/dl-alexandre/gdrv/internal/changes/manager.go:331.30,333.3 1 0
github.com/dl-alexandre/gdrv/internal/changes/manager.go:335.2,335.16 1 1
github.com/dl-alexandre/gdrv/internal/changes/manager.go:338.51,340.2 1 4
github.com/dl-alexandre/gdrv/internal/changes/manager.go:342.33,344.2 1 0
github.com/dl-alexandre/gdrv/internal/config/config.go:76.30,89.2 1 4
github.com/dl-alexandre/gdrv/internal/config/config.go:92.30,97.43 2 0
github.com/dl-alexandre/gdrv/internal/config/config.go:97.43,99.26 1 0
github.com/dl-alexandre/gdrv/internal/config/config.go:99.26,101.4 1 0
github.com/dl-alexandre/gdrv/internal/config/config.go:105.2,108.39 2 0
github.com/dl-alexandre/gdrv/internal/config/config.go:108.39,110.3 1 0
github.com/dl-alexandre/gdrv/internal/config/config.go:112.2,112.17 1 0
github.com/dl-alexandre/gdrv/internal/config/config.go:116.39,118.16 2 1
github.com/dl-alexandre/gdrv/internal/config/config.go:118.16,120.3 1 0
github.com/dl-alexandre/gdrv/internal/config/config.go:122.2,123.16 2 1
github.com/dl-alexandre/gdrv/internal/config/config.go:123.16,125.3 1 0
github.com/dl-alexandre/gdrv/internal/config/config.go:127.2,127.32 1 1
github.com/dl-alexandre/gdrv/internal/config/config.go:131.32,132.60 1 1
github.com/dl-alexandre/gdrv/internal/config/config.go:132.60,134.3 1 1
github.com/dl-alexandre/gdrv/internal/config/config.go:135.2,135.58 1 1
github.com/dl-alexandre/gdrv/internal/config/config.go:135.58,137.3 1 1
github.com/dl-alexandre/gdrv/internal/config/config.go:138.2,138.59 1 1
github.com/dl-alexandre/gdrv/internal/config/config.go:138.59,140.3 1 1
github.com/dl-alexandre/gdrv/internal/config/config.go:141.2,141.54 1 1
github.com/dl-alexandre/gdrv/internal/config/config.go:141.54,142.46 1 1
github.com/dl-alexandre/gdrv/internal/config/config.go:142.46,144.4 1 1
github.com/dl-alexandre/gdrv/internal/config/config.go:146.2,146.65 1 1
github.com/dl-alexandre/gdrv/internal/config/config.go:146.65,148.3 1 1
github.com/dl-alexandre/gdrv/internal/config/config.go:149.2,149.56 1 1
github.com/dl-alexandre/gdrv/internal/config/config.go:149.56,150.50 1 1
github.com/dl-alexandre/gdrv/internal/config/config.go:150.50,152.4 1 1
github.com/dl-alexandre/gdrv/internal/config/config.go:154.2,154.61 1 1
github.com/dl-alexandre/gdrv/internal/config/config.go:154.61,155.48 1 0
github.com/dl-alexandre/gdrv/internal/config/config.go:155.48,157.4 1 0
github.com/dl-alexandre/gdrv/internal/config/config.go:159.2,159.60 1 1
github.com/dl-alexandre/gdrv/internal/config/config.go:159.60,160.50 1 0
github.com/dl-alexandre/gdrv/internal/config/config.go:160.50,162.4 1 0
github.com/dl-alexandre/gdrv/internal/config/config.go:164.2,164.54 1 1
github.com/dl-alexandre/gdrv/internal/config/config.go:164.54,166.3 1 1
github.com/dl-alexandre/gdrv/internal/config/config.go:167.2,167.57 1 1
github.com/dl-alexandre/gdrv/internal/config/config.go:167.57,169.3 1 0
github.com/dl-alexandre/gdrv/internal/config/config.go:170.2,170.54 1 1
github.com/dl-alexandre/gdrv/internal/config/config.go:170.54,172.3 1 0
github.com/dl-alexandre/gdrv/internal/config/config.go:173.2,173.58 1 1
github.com/dl-alexandre/gdrv/internal/config/config.go:173.58,175.3 1 0
github.com/dl-alexandre/gdrv/internal/config/config.go:179.31,181.37 1 0
github.com/dl-alexandre/gdrv/internal/config/config.go:181.37,183.3 1 0
github.com/dl-alexandre/gdrv/internal/config/config.go:185.2,186.16 2 0
github.com/dl-alexandre/gdrv/internal/config/config.go:186.16,188.3 1 0
github.com/dl-alexandre/gdrv/internal/config/config.go:191.2,192.53 2 0
github.com/dl-alexandre/gdrv/internal/config/config.go:192.53,194.3 1 0
github.com/dl-alexandre/gdrv/internal/config/config.go:197.2,198.16 2 0
github.com/dl-alexandre/gdrv/internal/config/config.go:198.16,200.3 1 0
github.com/dl-alexandre/gdrv/internal/config/config.go:203.2,203.61 1 0
github.com/dl-alexandre/gdrv/internal/config/config.go:203.61,205.3 1 0
github.com/dl-alexandre/gdrv/internal/config/config.go:207.2,207.12 1 0
github.com/dl-alexandre/gdrv/internal/config/config.go:211.35,214.52 1 8
github.com/dl-alexandre/gdrv/internal/config/config.go:214.52,216.3 1 1
github.com/dl-alexandre/gdrv/internal/config/config.go:219.2,221.36 1 7
github.com/dl-alexandre/gdrv/internal/config/config.go:221.36,223.3 1 1
github.com/dl-alexandre/gdrv/internal/config/config.go:226.2,226.20 1 6
github.com/dl-alexandre/gdrv/internal/config/config.go:226.20,228.3 1 1
github.com/dl-alexandre/gdrv/internal/config/config.go:231.2,231.43 1 5
github.com/dl-alexandre/gdrv/internal/config/config.go:231.43,233.3 1 1
github.com/dl-alexandre/gdrv/internal/config/config.go:236.2,236.56 1 4
github.com/dl-alexandre/gdrv/internal/config/config.go:236.56,238.3 1 1
github.com/dl-alexandre/gdrv/internal/config/config.go:241.2,241.53 1 3
github.com/dl-alexandre/gdrv/internal/config/config.go:241.53,243.3 1 1
github.com/dl-alexandre/gdrv/internal/config/config.go:246.2,248.39 3 2
github.com/dl-alexandre/gdrv/internal/config/config.go:248.39,249.26 1 6
github.com/dl-alexandre/gdrv/internal/config/config.go:249.26,251.9 2 1
github.com/dl-alexandre/gdrv/internal/config/config.go:254.2,254.14 1 2
github.com/dl-alexandre/gdrv/internal/config/config.go:254.14,256.3 1 1
github.com/dl-alexandre/gdrv/internal/config/config.go:258.2,258.12 1 1
github.com/dl-alexandre/gdrv/internal/config/config.go:262.46,264.2 1 1
github.com/dl-alexandre/gdrv/internal/config/config.go:267.52,269.2 1 1
github.com/dl-alexandre/gdrv/internal/config/config.go:272.52,274.2 1 1
github.com/dl-alexandre/gdrv/internal/config/config.go:277.38,279.16 2 1
github.com/dl-alexandre/gdrv/internal/config/config.go:279.16,281.3 1 0
github.com/dl-alexandre/gdrv/internal/config/config.go:282.2,282.54 1 1
github.com/dl-alexandre/gdrv/internal/config/config.go:286.37,287.59 1 2
github.com/dl-alexandre/gdrv/internal/config/config.go:287.59,289.3 1 0
github.com/dl-alexandre/gdrv/internal/config/config.go:290.2,291.16 2 2
github.com/dl-alexandre/gdrv/internal/config/config.go:291.16,293.3 1 0
github.com/dl-alexandre/gdrv/internal/config/config.go:295.2,296.16 2 2
github.com/dl-alexandre/gdrv/internal/config/config.go:296.16,298.3 1 0
github.com/dl-alexandre/gdrv/internal/config/config.go:300.2,302.48 3 2
github.com/dl-alexandre/gdrv/internal/config/config.go:302.48,304.3 1 0
github.com/dl-alexandre/gdrv/internal/config/config.go:305.2,305.20 1 2
github.com/dl-alexandre/gdrv/internal/config/config.go:308.34,310.16 2 3
github.com/dl-alexandre/gdrv/internal/config/config.go:310.16,312.3 1 2
github.com/dl-alexandre/gdrv/internal/config/config.go:313.2,313.21 1 1
github.com/dl-alexandre/gdrv/internal/config/config.go:317.31,320.2 2 16
[...]
github.com/dl-alexandre/gdrv/internal/cli/sync.go:178.2,180.4 1 0
github.com/dl-alexandre/gdrv/internal/cli/sync.go:183.55,188.16 4 0
github.com/dl-alexandre/gdrv/internal/cli/sync.go:188.16,190.3 1 0
github.com/dl-alexandre/gdrv/internal/cli/sync.go:191.2,191.15 1 0
github.com/dl-alexandre/gdrv/internal/cli/sync.go:191.15,192.46 1 0
github.com/dl-alexandre/gdrv/internal/cli/sync.go:192.46,194.4 1 0
github.com/dl-alexandre/gdrv/internal/cli/sync.go:197.2,197.77 1 0
github.com/dl-alexandre/gdrv/internal/cli/sync.go:197.77,199.3 1 0
github.com/dl-alexandre/gdrv/internal/cli/sync.go:200.2,200.76 1 0
github.com/dl-alexandre/gdrv/internal/cli/sync.go:200.76,202.3 1 0
github.com/dl-alexandre/gdrv/internal/cli/sync.go:204.2,206.4 1 0
github.com/dl-alexandre/gdrv/internal/cli/sync.go:209.184,214.16 4 0
github.com/dl-alexandre/gdrv/internal/cli/sync.go:214.16,216.3 1 0
github.com/dl-alexandre/gdrv/internal/cli/sync.go:217.2,217.15 1 0
github.com/dl-alexandre/gdrv/internal/cli/sync.go:217.15,218.50 1 0
github.com/dl-alexandre/gdrv/internal/cli/sync.go:218.50,220.4 1 0
github.com/dl-alexandre/gdrv/internal/cli/sync.go:223.2,232.23 2 0
github.com/dl-alexandre/gdrv/internal/cli/sync.go:232.23,234.3 1 0
github.com/dl-alexandre/gdrv/internal/cli/sync.go:236.2,237.16 2 0
github.com/dl-alexandre/gdrv/internal/cli/sync.go:237.16,239.3 1 0
github.com/dl-alexandre/gdrv/internal/cli/sync.go:241.2,241.14 1 0
github.com/dl-alexandre/gdrv/internal/cli/sync.go:241.14,247.3 1 0
github.com/dl-alexandre/gdrv/internal/cli/sync.go:249.2,249.29 1 0
github.com/dl-alexandre/gdrv/internal/cli/sync.go:249.29,251.3 1 0
github.com/dl-alexandre/gdrv/internal/cli/sync.go:253.2,255.16 3 0
github.com/dl-alexandre/gdrv/internal/cli/sync.go:255.16,257.3 1 0
github.com/dl-alexandre/gdrv/internal/cli/sync.go:259.2,262.4 1 0
github.com/dl-alexandre/gdrv/internal/cli/sync.go:265.38,269.2 3 0
github.com/dl-alexandre/gdrv/internal/cli/sync.go:271.153,276.16 4 0
github.com/dl-alexandre/gdrv/internal/cli/sync.go:276.16,278.3 1 0
github.com/dl-alexandre/gdrv/internal/cli/sync.go:280.2,281.16 2 0
github.com/dl-alexandre/gdrv/internal/cli/sync.go:281.16,283.3 1 0
github.com/dl-alexandre/gdrv/internal/cli/sync.go:285.2,289.16 4 0
github.com/dl-alexandre/gdrv/internal/cli/sync.go:289.16,291.3 1 0
github.com/dl-alexandre/gdrv/internal/cli/sync.go:293.2,294.16 2 0
github.com/dl-alexandre/gdrv/internal/cli/sync.go:294.16,297.3 2 0
github.com/dl-alexandre/gdrv/internal/cli/sync.go:299.2,300.34 2 0
github.com/dl-alexandre/gdrv/internal/cli/tasks.go:99.59,105.16 5 0
github.com/dl-alexandre/gdrv/internal/cli/tasks.go:105.16,107.3 1 0
github.com/dl-alexandre/gdrv/internal/cli/tasks.go:108.2,110.18 2 0
github.com/dl-alexandre/gdrv/internal/cli/tasks.go:110.18,113.7 3 0
github.com/dl-alexandre/gdrv/internal/cli/tasks.go:113.7,115.18 2 0
github.com/dl-alexandre/gdrv/internal/cli/tasks.go:115.18,117.5 1 0
github.com/dl-alexandre/gdrv/internal/cli/tasks.go:118.4,119.23 2 0
github.com/dl-alexandre/gdrv/internal/cli/tasks.go:119.23,120.10 1 0
github.com/dl-alexandre/gdrv/internal/cli/tasks.go:122.4,122.25 1 0
github.com/dl-alexandre/gdrv/internal/cli/tasks.go:124.3,124.52 1 0
github.com/dl-alexandre/gdrv/internal/cli/tasks.go:124.52,126.4 1 0
github.com/dl-alexandre/gdrv/internal/cli/tasks.go:127.3,129.5 1 0
github.com/dl-alexandre/gdrv/internal/cli/tasks.go:132.2,133.16 2 0
github.com/dl-alexandre/gdrv/internal/cli/tasks.go:133.16,135.3 1 0
github.com/dl-alexandre/gdrv/internal/cli/tasks.go:137.2,137.51 1 0
github.com/dl-alexandre/gdrv/internal/cli/tasks.go:137.51,139.3 1 0
github.com/dl-alexandre/gdrv/internal/cli/tasks.go:140.2,143.21 2 0
github.com/dl-alexandre/gdrv/internal/cli/tasks.go:143.21,145.3 1 0
github.com/dl-alexandre/gdrv/internal/cli/tasks.go:146.2,146.51 1 0
github.com/dl-alexandre/gdrv/internal/cli/tasks.go:149.61,155.16 5 0
github.com/dl-alexandre/gdrv/internal/cli/tasks.go:155.16,157.3 1 0
github.com/dl-alexandre/gdrv/internal/cli/tasks.go:158.2,161.16 3 0
github.com/dl-alexandre/gdrv/internal/cli/tasks.go:161.16,163.3 1 0
github.com/dl-alexandre/gdrv/internal/cli/tasks.go:165.2,165.55 1 0
github.com/dl-alexandre/gdrv/internal/cli/tasks.go:168.58,174.16 5 0
github.com/dl-alexandre/gdrv/internal/cli/tasks.go:174.16,176.3 1 0
github.com/dl-alexandre/gdrv/internal/cli/tasks.go:177.2,179.18 2 0
github.com/dl-alexandre/gdrv/internal/cli/tasks.go:179.18,182.7 3 0
github.com/dl-alexandre/gdrv/internal/cli/tasks.go:182.7,184.18 2 0
github.com/dl-alexandre/gdrv/internal/cli/tasks.go:184.18,186.5 1 0
github.com/dl-alexandre/gdrv/internal/cli/tasks.go:187.4,188.23 2 0
github.com/dl-alexandre/gdrv/internal/cli/tasks.go:188.23,189.10 1 0
github.com/dl-alexandre/gdrv/internal/cli/tasks.go:191.4,191.25 1 0
github.com/dl-alexandre/gdrv/internal/cli/tasks.go:193.3,193.52 1 0
github.com/dl-alexandre/gdrv/internal/cli/tasks.go:193.52,195.4 1 0
github.com/dl-alexandre/gdrv/internal/cli/tasks.go:196.3,198.5 1 0
github.com/dl-alexandre/gdrv/internal/cli/tasks.go:201.2,202.16 2 0
github.com/dl-alexandre/gdrv/internal/cli/tasks.go:202.16,204.3 1 0
github.com/dl-alexandre/gdrv/internal/cli/tasks.go:206.2,206.51 1 0
github.com/dl-alexandre/gdrv/internal/cli/tasks.go:206.51,208.3 1 0
github.com/dl-alexandre/gdrv/internal/cli/tasks.go:209.2,212.21 2 0
github.com/dl-alexandre/gdrv/internal/cli/tasks.go:212.21,214.3 1 0
github.com/dl-alexandre/gdrv/internal/cli/tasks.go:215.2,215.45 1 0
github.com/dl-alexandre/gdrv/internal/cli/tasks.go:218.53,224.16 5 0
github.com/dl-alexandre/gdrv/internal/cli/tasks.go:224.16,226.3 1 0
github.com/dl-alexandre/gdrv/internal/cli/tasks.go:227.2,230.16 3 0
github.com/dl-alexandre/gdrv/internal/cli/tasks.go:230.16,232.3 1 0
github.com/dl-alexandre/gdrv/internal/cli/tasks.go:234.2,234.46 1 0
github.com/dl-alexandre/gdrv/internal/cli/tasks.go:237.53,243.16 5 0
github.com/dl-alexandre/gdrv/internal/cli/tasks.go:243.16,245.3 1 0
github.com/dl-alexandre/gdrv/internal/cli/tasks.go:246.2,249.16 3 0
github.com/dl-alexandre/gdrv/internal/cli/tasks.go:249.16,251.3 1 0
github.com/dl-alexandre/gdrv/internal/cli/tasks.go:253.2,253.46 1 0
github.com/dl-alexandre/gdrv/internal/cli/tasks.go:256.56,262.16 5 0
github.com/dl-alexandre/gdrv/internal/cli/tasks.go:262.16,264.3 1 0
github.com/dl-alexandre/gdrv/internal/cli/tasks.go:265.2,269.21 3 0
github.com/dl-alexandre/gdrv/internal/cli/tasks.go:269.21,271.3 1 0
github.com/dl-alexandre/gdrv/internal/cli/tasks.go:272.2,272.21 1 0
github.com/dl-alexandre/gdrv/internal/cli/tasks.go:272.21,274.3 1 0
github.com/dl-alexandre/gdrv/internal/cli/tasks.go:275.2,275.19 1 0
github.com/dl-alexandre/gdrv/internal/cli/tasks.go:275.19,277.3 1 0
github.com/dl-alexandre/gdrv/internal/cli/tasks.go:279.2,280.16 2 0
github.com/dl-alexandre/gdrv/internal/cli/tasks.go:280.16,282.3 1 0
github.com/dl-alexandre/gdrv/internal/cli/tasks.go:284.2,284.49 1 0
github.com/dl-alexandre/gdrv/internal/cli/tasks.go:287.54,293.16 5 0
github.com/dl-alexandre/gdrv/internal/cli/tasks.go:293.16,295.3 1 0
github.com/dl-alexandre/gdrv/internal/cli/tasks.go:296.2,299.16 3 0
github.com/dl-alexandre/gdrv/internal/cli/tasks.go:299.16,301.3 1 0
github.com/dl-alexandre/gdrv/internal/cli/tasks.go:303.2,303.47 1 0
github.com/dl-alexandre/gdrv/internal/cli/tasks.go:306.54,312.16 5 0
github.com/dl-alexandre/gdrv/internal/cli/tasks.go:312.16,314.3 1 0
github.com/dl-alexandre/gdrv/internal/cli/tasks.go:315.2,318.16 3 0
github.com/dl-alexandre/gdrv/internal/cli/tasks.go:318.16,320.3 1 0
github.com/dl-alexandre/gdrv/internal/cli/tasks.go:322.2,322.47 1 0
github.com/dl-alexandre/gdrv/internal/cli/tasks.go:325.56,331.16 5 0
github.com/dl-alexandre/gdrv/internal/cli/tasks.go:331.16,333.3 1 0
github.com/dl-alexandre/gdrv/internal/cli/tasks.go:334.2,336.74 2 0
github.com/dl-alexandre/gdrv/internal/cli/tasks.go:336.74,338.3 1 0
github.com/dl-alexandre/gdrv/internal/cli/tasks.go:340.2,343.4 1 0
github.com/dl-alexandre/gdrv/internal/cli/tasks.go:346.55,352.16 5 0
github.com/dl-alexandre/gdrv/internal/cli/tasks.go:352.16,354.3 1 0
github.com/dl-alexandre/gdrv/internal/cli/tasks.go:355.2,357.66 2 0
github.com/dl-alexandre/gdrv/internal/cli/tasks.go:357.66,359.3 1 0
github.com/dl-alexandre/gdrv/internal/cli/tasks.go:361.2,364.4 1 0
github.com/dl-alexandre/gdrv/internal/cli/tasks.go:369.118,374.16 4 0
github.com/dl-alexandre/gdrv/internal/cli/tasks.go:374.16,376.3 1 0
github.com/dl-alexandre/gdrv/internal/cli/tasks.go:378.2,378.80 1 0
github.com/dl-alexandre/gdrv/internal/cli/tasks.go:378.80,380.3 1 0
github.com/dl-alexandre/gdrv/internal/cli/tasks.go:382.2,383.16 2 0
github.com/dl-alexandre/gdrv/internal/cli/tasks.go:383.16,385.3 1 0
github.com/dl-alexandre/gdrv/internal/cli/tasks.go:387.2,388.16 2 0
github.com/dl-alexandre/gdrv/internal/cli/tasks.go:388.16,390.3 1 0
github.com/dl-alexandre/gdrv/internal/cli/tasks.go:392.2,395.25 4 0
github.com/dl-alexandre/gdrv/internal/resolver/path.go:35.80,44.2 1 104
github.com/dl-alexandre/gdrv/internal/resolver/path.go:78.141,83.32 2 0
github.com/dl-alexandre/gdrv/internal/resolver/path.go:83.32,85.3 1 0
github.com/dl-alexandre/gdrv/internal/resolver/path.go:88.2,88.29 1 0
github.com/dl-alexandre/gdrv/internal/resolver/path.go:88.29,90.3 1 0
github.com/dl-alexandre/gdrv/internal/resolver/path.go:93.2,93.19 1 0
github.com/dl-alexandre/gdrv/internal/resolver/path.go:93.19,95.52 2 0
github.com/dl-alexandre/gdrv/internal/resolver/path.go:95.52,101.4 1 0
github.com/dl-alexandre/gdrv/internal/resolver/path.go:105.2,106.24 2 0
github.com/dl-alexandre/gdrv/internal/resolver/path.go:106.24,108.3 1 0
github.com/dl-alexandre/gdrv/internal/resolver/path.go:111.2,111.51 1 0
github.com/dl-alexandre/gdrv/internal/resolver/path.go:111.51,113.3 1 0
github.com/dl-alexandre/gdrv/internal/resolver/path.go:116.2,116.68 1 0
github.com/dl-alexandre/gdrv/internal/resolver/path.go:120.80,121.24 1 106
github.com/dl-alexandre/gdrv/internal/resolver/path.go:121.24,123.3 1 35
github.com/dl-alexandre/gdrv/internal/resolver/path.go:124.2,124.30 1 71
github.com/dl-alexandre/gdrv/internal/resolver/path.go:124.30,126.3 1 34
github.com/dl-alexandre/gdrv/internal/resolver/path.go:127.2,127.28 1 37
github.com/dl-alexandre/gdrv/internal/resolver/path.go:131.175,134.24 2 0
github.com/dl-alexandre/gdrv/internal/resolver/path.go:134.24,137.3 2 0
github.com/dl-alexandre/gdrv/internal/resolver/path.go:140.2,140.35 1 0
github.com/dl-alexandre/gdrv/internal/resolver/path.go:140.35,141.20 1 0
github.com/dl-alexandre/gdrv/internal/resolver/path.go:141.20,142.12 1 0
github.com/dl-alexandre/gdrv/internal/resolver/path.go:145.3,146.17 2 0
github.com/dl-alexandre/gdrv/internal/resolver/path.go:146.17,148.4 1 0
github.com/dl-alexandre/gdrv/internal/resolver/path.go:150.3,150.24 1 0
github.com/dl-alexandre/gdrv/internal/resolver/path.go:150.24,157.4 1 0
github.com/dl-alexandre/gdrv/internal/resolver/path.go:160.3,160.23 1 0
github.com/dl-alexandre/gdrv/internal/resolver/path.go:160.23,161.23 1 0
github.com/dl-alexandre/gdrv/internal/resolver/path.go:161.23,167.5 1 0
github.com/dl-alexandre/gdrv/internal/resolver/path.go:169.4,169.75 1 0
github.com/dl-alexandre/gdrv/internal/resolver/path.go:172.3,175.27 2 0
github.com/dl-alexandre/gdrv/internal/resolver/path.go:175.27,185.21 2 0
github.com/dl-alexandre/gdrv/internal/resolver/path.go:185.21,188.5 2 0
github.com/dl-alexandre/gdrv/internal/resolver/path.go:190.4,190.22 1 0
github.com/dl-alexandre/gdrv/internal/resolver/path.go:194.2,197.8 1 0
github.com/dl-alexandre/gdrv/internal/resolver/path.go:201.176,203.45 1 0
github.com/dl-alexandre/gdrv/internal/resolver/path.go:203.45,205.3 1 0
github.com/dl-alexandre/gdrv/internal/resolver/path.go:208.2,208.21 1 0
github.com/dl-alexandre/gdrv/internal/resolver/path.go:208.21,216.3 1 0
github.com/dl-alexandre/gdrv/internal/resolver/path.go:219.2,219.75 1 0
github.com/dl-alexandre/gdrv/internal/resolver/path.go:223.179,226.16 2 0
github.com/dl-alexandre/gdrv/internal/resolver/path.go:226.16,228.3 1 0
github.com/dl-alexandre/gdrv/internal/resolver/path.go:230.2,230.23 1 0
github.com/dl-alexandre/gdrv/internal/resolver/path.go:230.23,236.3 1 0
github.com/dl-alexandre/gdrv/internal/resolver/path.go:239.2,239.22 1 0
github.com/dl-alexandre/gdrv/internal/resolver/path.go:239.22,240.22 1 0
github.com/dl-alexandre/gdrv/internal/resolver/path.go:240.22,246.4 1 0
github.com/dl-alexandre/gdrv/internal/resolver/path.go:247.3,247.81 1 0
github.com/dl-alexandre/gdrv/internal/resolver/path.go:250.2,259.19 2 0
github.com/dl-alexandre/gdrv/internal/resolver/path.go:259.19,262.3 2 0
github.com/dl-alexandre/gdrv/internal/resolver/path.go:264.2,264.20 1 0
github.com/dl-alexandre/gdrv/internal/resolver/path.go:268.182,271.24 2 0
github.com/dl-alexandre/gdrv/internal/resolver/path.go:271.24,273.3 1 0
github.com/dl-alexandre/gdrv/internal/resolver/path.go:275.2,276.16 2 0
github.com/dl-alexandre/gdrv/internal/resolver/path.go:276.16,278.3 1 0
github.com/dl-alexandre/gdrv/internal/resolver/path.go:280.2,280.26 1 0
github.com/dl-alexandre/gdrv/internal/resolver/path.go:280.26,285.3 1 0
github.com/dl-alexandre/gdrv/internal/resolver/path.go:288.2,289.39 2 0
github.com/dl-alexandre/gdrv/internal/resolver/path.go:289.39,294.38 3 0
github.com/dl-alexandre/gdrv/internal/resolver/path.go:294.38,296.21 2 0
github.com/dl-alexandre/gdrv/internal/resolver/path.go:296.21,297.13 1 0
github.com/dl-alexandre/gdrv/internal/resolver/path.go:301.4,302.18 2 0
github.com/dl-alexandre/gdrv/internal/resolver/path.go:302.18,304.31 1 0
github.com/dl-alexandre/gdrv/internal/resolver/path.go:304.31,311.6 1 0
github.com/dl-alexandre/gdrv/internal/resolver/path.go:312.5,312.20 1 0
github.com/dl-alexandre/gdrv/internal/resolver/path.go:315.4,315.30 1 0
github.com/dl-alexandre/gdrv/internal/resolver/path.go:315.30,317.10 2 0
github.com/dl-alexandre/gdrv/internal/resolver/path.go:321.4,321.29 1 0
github.com/dl-alexandre/gdrv/internal/resolver/path.go:321.29,323.5 1 0
github.com/dl-alexandre/gdrv/internal/resolver/path.go:324.4,327.34 2 0
github.com/dl-alexandre/gdrv/internal/resolver/path.go:327.34,333.5 1 0
github.com/dl-alexandre/gdrv/internal/resolver/path.go:336.4,336.28 1 0
github.com/dl-alexandre/gdrv/internal/resolver/path.go:336.28,339.19 2 0
github.com/dl-alexandre/gdrv/internal/resolver/path.go:339.19,341.6 1 0
github.com/dl-alexandre/gdrv/internal/resolver/path.go:342.5,342.51 1 0
github.com/dl-alexandre/gdrv/internal/resolver/path.go:346.3,346.13 1 0
github.com/dl-alexandre/gdrv/internal/resolver/path.go:346.13,347.12 1 0
github.com/dl-alexandre/gdrv/internal/resolver/path.go:351.2,351.28 1 0
github.com/dl-alexandre/gdrv/internal/resolver/path.go:351.28,357.3 1 0
github.com/dl-alexandre/gdrv/internal/resolver/path.go:360.2,360.27 1 0
github.com/dl-alexandre/gdrv/internal/resolver/path.go:360.27,361.22 1 0
github.com/dl-alexandre/gdrv/internal/resolver/path.go:361.22,366.4 1 0
github.com/dl-alexandre/gdrv/internal/resolver/path.go:367.3,367.91 1 0
github.com/dl-alexandre/gdrv/internal/resolver/path.go:370.2,379.19 2 0
github.com/dl-alexandre/gdrv/internal/resolver/path.go:379.19,382.3 2 0
github.com/dl-alexandre/gdrv/internal/resolver/path.go:384.2,384.20 1 0
github.com/dl-alexandre/gdrv/internal/resolver/path.go:387.158,389.2 1 0
github.com/dl-alexandre/gdrv/internal/resolver/path.go:392.168,402.93 6 0
github.com/dl-alexandre/gdrv/internal/resolver/path.go:402.93,404.3 1 0
github.com/dl-alexandre/gdrv/internal/resolver/path.go:405.2,405.16 1 0
github.com/dl-alexandre/gdrv/internal/resolver/path.go:405.16,407.3 1 0
github.com/dl-alexandre/gdrv/internal/resolver/path.go:409.2,410.33 2 0
github.com/dl-alexandre/gdrv/internal/resolver/path.go:410.33,420.26 2 0
github.com/dl-alexandre/gdrv/internal/resolver/path.go:420.26,422.4 1 0
github.com/dl-alexandre/gdrv/internal/resolver/path.go:425.2,425.21 1 0
github.com/dl-alexandre/gdrv/internal/resolver/path.go:429.160,450.99 7 0
github.com/dl-alexandre/gdrv/internal/resolver/path.go:450.99,452.3 1 0
github.com/dl-alexandre/gdrv/internal/resolver/path.go:453.2,453.16 1 0
github.com/dl-alexandre/gdrv/internal/resolver/path.go:453.16,455.3 1 0
github.com/dl-alexandre/gdrv/internal/resolver/path.go:457.2,458.33 2 0
github.com/dl-alexandre/gdrv/internal/resolver/path.go:458.33,468.26 2 0
github.com/dl-alexandre/gdrv/internal/resolver/path.go:468.26,470.4 1 0
github.com/dl-alexandre/gdrv/internal/resolver/path.go:473.2,473.21 1 0
github.com/dl-alexandre/gdrv/internal/resolver/path.go:477.128,482.89 4 0
github.com/dl-alexandre/gdrv/internal/resolver/path.go:482.89,484.3 1 0
github.com/dl-alexandre/gdrv/internal/resolver/path.go:485.2,485.16 1 0
github.com/dl-alexandre/gdrv/internal/resolver/path.go:485.16,487.3 1 0
github.com/dl-alexandre/gdrv/internal/resolver/path.go:489.2,498.30 2 0
github.com/dl-alexandre/gdrv/internal/resolver/path.go:498.30,500.3 1 0
github.com/dl-alexandre/gdrv/internal/resolver/path.go:502.2,502.18 1 0
github.com/dl-alexandre/gdrv/internal/resolver/path.go:506.40,507.45 1 4
github.com/dl-alexandre/gdrv/internal/resolver/path.go:507.45,509.3 1 2
github.com/dl-alexandre/gdrv/internal/resolver/path.go:510.2,510.14 1 2
github.com/dl-alexandre/gdrv/internal/resolver/path.go:513.72,519.9 5 802
github.com/dl-alexandre/gdrv/internal/resolver/path.go:519.9,521.3 1 501
github.com/dl-alexandre/gdrv/internal/resolver/path.go:523.2,523.46 1 301
github.com/dl-alexandre/gdrv/internal/resolver/path.go:523.46,525.3 1 100
github.com/dl-alexandre/gdrv/internal/resolver/path.go:527.2,527.27 1 201
github.com/dl-alexandre/gdrv/internal/resolver/path.go:530.67,535.9 4 10
github.com/dl-alexandre/gdrv/internal/resolver/path.go:535.9,537.3 1 4
github.com/dl-alexandre/gdrv/internal/resolver/path.go:539.2,539.46 1 6
github.com/dl-alexandre/gdrv/internal/resolver/path.go:539.46,541.3 1 1
github.com/dl-alexandre/gdrv/internal/resolver/path.go:543.2,543.27 1 5
github.com/dl-alexandre/gdrv/internal/resolver/path.go:546.66,555.2 4 501
github.com/dl-alexandre/gdrv/internal/resolver/path.go:557.61,565.2 3 5
github.com/dl-alexandre/gdrv/internal/resolver/path.go:568.62,574.2 4 101
github.com/dl-alexandre/gdrv/internal/resolver/path.go:577.57,582.2 3 1
github.com/dl-alexandre/gdrv/internal/resolver/path.go:585.78,588.2 1 510
github.com/dl-alexandre/gdrv/internal/resolver/path.go:591.37,596.2 3 101
github.com/dl-alexandre/gdrv/internal/resolver/path.go:598.44,600.2 1 1407
github.com/dl-alexandre/gdrv/internal/resolver/path.go:602.40,606.2 3 12
github.com/dl-alexandre/gdrv/internal/resolver/path.go:608.41,613.2 3 14
github.com/dl-alexandre/gdrv/internal/resolver/path.go:617.131,619.38 1 305
github.com/dl-alexandre/gdrv/internal/resolver/path.go:619.38,620.41 1 923
github.com/dl-alexandre/gdrv/internal/resolver/path.go:620.41,621.69 1 2213
github.com/dl-alexandre/gdrv/internal/resolver/path.go:621.69,623.5 1 243
github.com/dl-alexandre/gdrv/internal/resolver/path.go:626.2,626.16 1 305
github.com/dl-alexandre/gdrv/internal/resolver/path.go:630.101,634.32 3 2220
github.com/dl-alexandre/gdrv/internal/resolver/path.go:634.32,636.3 1 978
github.com/dl-alexandre/gdrv/internal/resolver/path.go:639.2,646.28 5 1242
github.com/dl-alexandre/gdrv/internal/resolver/path.go:646.28,648.3 1 467
github.com/dl-alexandre/gdrv/internal/resolver/path.go:651.2,651.22 1 775
github.com/dl-alexandre/gdrv/internal/resolver/path.go:651.22,653.3 1 10
github.com/dl-alexandre/gdrv/internal/resolver/path.go:656.2,656.20 1 765
github.com/dl-alexandre/gdrv/internal/resolver/path.go:660.76,662.28 1 3361
github.com/dl-alexandre/gdrv/internal/resolver/path.go:662.28,664.3 1 1083
github.com/dl-alexandre/gdrv/internal/resolver/path.go:672.2,672.28 1 2278
github.com/dl-alexandre/gdrv/internal/resolver/path.go:676.67,677.16 1 2499
github.com/dl-alexandre/gdrv/internal/resolver/path.go:678.27,679.11 1 1681
github.com/dl-alexandre/gdrv/internal/resolver/path.go:680.31,681.11 1 4
github.com/dl-alexandre/gdrv/internal/resolver/path.go:682.32,683.11 1 811
github.com/dl-alexandre/gdrv/internal/resolver/path.go:684.10,685.11 1 3
