mode: set
github.com/dl-alexandre/gdrv/internal/errors/auth.go:19.48,20.16 1 1
github.com/dl-alexandre/gdrv/internal/errors/auth.go:20.16,22.3 1 0
github.com/dl-alexandre/gdrv/internal/errors/auth.go:24.2,27.34 3 1
github.com/dl-alexandre/gdrv/internal/errors/auth.go:27.34,30.30 3 1
github.com/dl-alexandre/gdrv/internal/errors/auth.go:30.30,32.4 1 1
github.com/dl-alexandre/gdrv/internal/errors/auth.go:33.3,33.23 1 1
github.com/dl-alexandre/gdrv/internal/errors/auth.go:33.23,35.4 1 1
github.com/dl-alexandre/gdrv/internal/errors/auth.go:36.3,36.34 1 1
github.com/dl-alexandre/gdrv/internal/errors/auth.go:36.34,38.4 1 1
github.com/dl-alexandre/gdrv/internal/errors/auth.go:39.3,39.21 1 1
github.com/dl-alexandre/gdrv/internal/errors/auth.go:40.24,41.169 1 1
github.com/dl-alexandre/gdrv/internal/errors/auth.go:42.48,43.177 1 1
github.com/dl-alexandre/gdrv/internal/errors/auth.go:44.24,45.172 1 0
github.com/dl-alexandre/gdrv/internal/errors/auth.go:46.11,47.86 1 0
github.com/dl-alexandre/gdrv/internal/errors/auth.go:49.3,50.44 2 1
github.com/dl-alexandre/gdrv/internal/errors/auth.go:53.2,54.43 2 0
github.com/dl-alexandre/gdrv/internal/errors/auth.go:57.91,58.16 1 1
github.com/dl-alexandre/gdrv/internal/errors/auth.go:59.31,60.85 1 1
github.com/dl-alexandre/gdrv/internal/errors/auth.go:61.28,62.120 1 0
github.com/dl-alexandre/gdrv/internal/errors/auth.go:64.2,64.33 1 1
github.com/dl-alexandre/gdrv/internal/errors/auth.go:67.73,68.19 1 1
github.com/dl-alexandre/gdrv/internal/errors/auth.go:68.19,70.3 1 1
github.com/dl-alexandre/gdrv/internal/errors/auth.go:71.2,72.22 2 1
github.com/dl-alexandre/gdrv/internal/errors/auth.go:72.22,74.3 1 0
github.com/dl-alexandre/gdrv/internal/errors/auth.go:75.2,76.16 2 1
github.com/dl-alexandre/gdrv/internal/errors/auth.go:76.16,78.3 1 0
github.com/dl-alexandre/gdrv/internal/errors/auth.go:79.2,80.14 2 1
github.com/dl-alexandre/gdrv/internal/errors/auth.go:80.14,82.3 1 0
github.com/dl-alexandre/gdrv/internal/errors/auth.go:83.2,83.26 1 1
github.com/dl-alexandre/gdrv/internal/errors/auth.go:83.26,85.3 1 0
github.com/dl-alexandre/gdrv/internal/errors/google_api.go:10.115,12.9 2 1
github.com/dl-alexandre/gdrv/internal/errors/google_api.go:12.9,22.3 2 1
github.com/dl-alexandre/gdrv/internal/errors/google_api.go:24.2,27.21 3 1
github.com/dl-alexandre/gdrv/internal/errors/google_api.go:28.11,30.35 2 1
github.com/dl-alexandre/gdrv/internal/errors/google_api.go:30.35,31.20 1 1
github.com/dl-alexandre/gdrv/internal/errors/google_api.go:32.33,33.42 1 1
github.com/dl-alexandre/gdrv/internal/errors/google_api.go:34.38,35.38 1 1
github.com/dl-alexandre/gdrv/internal/errors/google_api.go:38.11,39.34 1 1
github.com/dl-alexandre/gdrv/internal/errors/google_api.go:40.11,42.35 2 1
github.com/dl-alexandre/gdrv/internal/errors/google_api.go:42.35,43.20 1 1
github.com/dl-alexandre/gdrv/internal/errors/google_api.go:44.32,45.38 1 1
github.com/dl-alexandre/gdrv/internal/errors/google_api.go:46.82,48.21 2 1
github.com/dl-alexandre/gdrv/internal/errors/google_api.go:49.30,50.36 1 1
github.com/dl-alexandre/gdrv/internal/errors/google_api.go:51.24,52.40 1 1
github.com/dl-alexandre/gdrv/internal/errors/google_api.go:55.11,56.35 1 1
github.com/dl-alexandre/gdrv/internal/errors/google_api.go:57.11,58.38 1 1
github.com/dl-alexandre/gdrv/internal/errors/google_api.go:59.11,61.19 2 1
github.com/dl-alexandre/gdrv/internal/errors/google_api.go:62.26,64.19 2 1
github.com/dl-alexandre/gdrv/internal/errors/google_api.go:65.10,67.33 2 1
github.com/dl-alexandre/gdrv/internal/errors/google_api.go:70.2,86.28 3 1
github.com/dl-alexandre/gdrv/internal/errors/google_api.go:86.28,87.25 1 1
github.com/dl-alexandre/gdrv/internal/errors/google_api.go:87.25,89.4 1 1
github.com/dl-alexandre/gdrv/internal/errors/google_api.go:90.3,90.34 1 1
github.com/dl-alexandre/gdrv/internal/errors/google_api.go:91.31,92.94 1 1
github.com/dl-alexandre/gdrv/internal/errors/google_api.go:93.81,94.66 1 1
github.com/dl-alexandre/gdrv/internal/errors/google_api.go:95.29,96.74 1 1
github.com/dl-alexandre/gdrv/internal/errors/google_api.go:97.33,98.93 1 1
github.com/dl-alexandre/gdrv/internal/errors/google_api.go:99.38,100.62 1 1
github.com/dl-alexandre/gdrv/internal/errors/google_api.go:101.23,102.74 1 1
github.com/dl-alexandre/gdrv/internal/errors/google_api.go:106.2,106.14 1 1
github.com/dl-alexandre/gdrv/internal/errors/google_api.go:107.32,108.60 1 1
github.com/dl-alexandre/gdrv/internal/errors/google_api.go:109.33,110.27 1 1
github.com/dl-alexandre/gdrv/internal/errors/google_api.go:110.27,113.4 1 1
github.com/dl-alexandre/gdrv/internal/errors/google_api.go:114.3,114.93 1 1
github.com/dl-alexandre/gdrv/internal/errors/google_api.go:115.32,116.87 1 1
github.com/dl-alexandre/gdrv/internal/errors/google_api.go:119.2,119.24 1 1
github.com/dl-alexandre/gdrv/internal/errors/google_api.go:119.24,121.3 1 1
github.com/dl-alexandre/gdrv/internal/errors/google_api.go:123.2,123.46 1 1
github.com/dl-alexandre/gdrv/internal/errors/google_api.go:123.46,126.3 1 1
github.com/dl-alexandre/gdrv/internal/errors/google_api.go:128.2,128.43 1 1
