mode: set
github.com/dl-alexandre/gdrv/internal/files/manager.go:27.46,32.2 1 1
github.com/dl-alexandre/gdrv/internal/files/manager.go:70.141,72.16 2 1
github.com/dl-alexandre/gdrv/internal/files/manager.go:72.16,75.3 1 1
github.com/dl-alexandre/gdrv/internal/files/manager.go:76.2,79.16 3 0
github.com/dl-alexandre/gdrv/internal/files/manager.go:79.16,81.3 1 0
github.com/dl-alexandre/gdrv/internal/files/manager.go:83.2,84.16 2 0
github.com/dl-alexandre/gdrv/internal/files/manager.go:84.16,86.3 1 0
github.com/dl-alexandre/gdrv/internal/files/manager.go:88.2,91.25 2 0
github.com/dl-alexandre/gdrv/internal/files/manager.go:91.25,94.3 2 0
github.com/dl-alexandre/gdrv/internal/files/manager.go:95.2,95.25 1 0
github.com/dl-alexandre/gdrv/internal/files/manager.go:95.25,97.3 1 0
github.com/dl-alexandre/gdrv/internal/files/manager.go:100.2,104.20 3 0
github.com/dl-alexandre/gdrv/internal/files/manager.go:105.16,106.66 1 0
github.com/dl-alexandre/gdrv/internal/files/manager.go:107.19,108.69 1 0
github.com/dl-alexandre/gdrv/internal/files/manager.go:109.19,110.82 1 0
github.com/dl-alexandre/gdrv/internal/files/manager.go:113.2,113.16 1 0
github.com/dl-alexandre/gdrv/internal/files/manager.go:113.16,115.3 1 0
github.com/dl-alexandre/gdrv/internal/files/manager.go:118.2,118.30 1 0
github.com/dl-alexandre/gdrv/internal/files/manager.go:118.30,120.3 1 0
github.com/dl-alexandre/gdrv/internal/files/manager.go:122.2,122.38 1 0
github.com/dl-alexandre/gdrv/internal/files/manager.go:125.170,129.16 3 1
github.com/dl-alexandre/gdrv/internal/files/manager.go:129.16,132.3 1 1
github.com/dl-alexandre/gdrv/internal/files/manager.go:133.2,136.21 3 0
github.com/dl-alexandre/gdrv/internal/files/manager.go:136.21,138.3 1 0
github.com/dl-alexandre/gdrv/internal/files/manager.go:139.2,139.25 1 0
github.com/dl-alexandre/gdrv/internal/files/manager.go:139.25,141.3 1 0
github.com/dl-alexandre/gdrv/internal/files/manager.go:143.2,145.23 3 0
github.com/dl-alexandre/gdrv/internal/files/manager.go:145.23,147.3 1 0
github.com/dl-alexandre/gdrv/internal/files/manager.go:149.2,149.89 1 0
github.com/dl-alexandre/gdrv/internal/files/manager.go:149.89,151.3 1 0
github.com/dl-alexandre/gdrv/internal/files/manager.go:152.2,152.16 1 0
github.com/dl-alexandre/gdrv/internal/files/manager.go:152.16,154.3 1 0
github.com/dl-alexandre/gdrv/internal/files/manager.go:156.2,156.30 1 0
github.com/dl-alexandre/gdrv/internal/files/manager.go:156.30,158.3 1 0
github.com/dl-alexandre/gdrv/internal/files/manager.go:160.2,160.38 1 0
github.com/dl-alexandre/gdrv/internal/files/manager.go:163.64,165.46 1 1
github.com/dl-alexandre/gdrv/internal/files/manager.go:165.46,167.3 1 1
github.com/dl-alexandre/gdrv/internal/files/manager.go:170.2,170.81 1 1
github.com/dl-alexandre/gdrv/internal/files/manager.go:170.81,172.3 1 1
github.com/dl-alexandre/gdrv/internal/files/manager.go:174.2,174.17 1 1
github.com/dl-alexandre/gdrv/internal/files/manager.go:177.164,181.81 3 0
github.com/dl-alexandre/gdrv/internal/files/manager.go:181.81,183.3 1 0
github.com/dl-alexandre/gdrv/internal/files/manager.go:186.167,190.81 3 0
github.com/dl-alexandre/gdrv/internal/files/manager.go:190.81,192.3 1 0
github.com/dl-alexandre/gdrv/internal/files/manager.go:195.179,198.57 3 0
github.com/dl-alexandre/gdrv/internal/files/manager.go:198.58,201.3 0 0
github.com/dl-alexandre/gdrv/internal/files/manager.go:203.2,203.81 1 0
github.com/dl-alexandre/gdrv/internal/files/manager.go:203.81,205.3 1 0
github.com/dl-alexandre/gdrv/internal/files/manager.go:209.122,215.16 4 0
github.com/dl-alexandre/gdrv/internal/files/manager.go:215.16,217.3 1 0
github.com/dl-alexandre/gdrv/internal/files/manager.go:220.2,220.64 1 0
github.com/dl-alexandre/gdrv/internal/files/manager.go:220.64,225.3 1 0
github.com/dl-alexandre/gdrv/internal/files/manager.go:227.2,228.22 2 0
github.com/dl-alexandre/gdrv/internal/files/manager.go:228.22,229.80 1 0
github.com/dl-alexandre/gdrv/internal/files/manager.go:229.80,231.4 1 0
github.com/dl-alexandre/gdrv/internal/files/manager.go:231.9,233.4 1 0
github.com/dl-alexandre/gdrv/internal/files/manager.go:236.2,237.16 2 0
github.com/dl-alexandre/gdrv/internal/files/manager.go:237.16,240.3 1 0
github.com/dl-alexandre/gdrv/internal/files/manager.go:241.2,244.46 2 0
github.com/dl-alexandre/gdrv/internal/files/manager.go:244.46,246.3 1 0
github.com/dl-alexandre/gdrv/internal/files/manager.go:248.2,248.53 1 0
github.com/dl-alexandre/gdrv/internal/files/manager.go:251.122,257.16 4 0
github.com/dl-alexandre/gdrv/internal/files/manager.go:257.16,260.3 1 0
github.com/dl-alexandre/gdrv/internal/files/manager.go:261.2,264.12 3 0
github.com/dl-alexandre/gdrv/internal/files/manager.go:267.165,269.20 2 0
github.com/dl-alexandre/gdrv/internal/files/manager.go:269.20,271.3 1 0
github.com/dl-alexandre/gdrv/internal/files/manager.go:275.2,275.45 1 0
github.com/dl-alexandre/gdrv/internal/files/manager.go:275.45,284.32 2 0
github.com/dl-alexandre/gdrv/internal/files/manager.go:284.32,286.4 1 0
github.com/dl-alexandre/gdrv/internal/files/manager.go:288.3,288.47 1 0
github.com/dl-alexandre/gdrv/internal/files/manager.go:292.2,294.18 3 0
github.com/dl-alexandre/gdrv/internal/files/manager.go:294.18,296.3 1 0
github.com/dl-alexandre/gdrv/internal/files/manager.go:298.2,299.16 2 0
github.com/dl-alexandre/gdrv/internal/files/manager.go:299.16,300.47 1 0
github.com/dl-alexandre/gdrv/internal/files/manager.go:300.47,302.26 1 0
github.com/dl-alexandre/gdrv/internal/files/manager.go:302.26,303.37 1 0
github.com/dl-alexandre/gdrv/internal/files/manager.go:303.37,304.47 1 0
github.com/dl-alexandre/gdrv/internal/files/manager.go:304.47,311.36 2 0
github.com/dl-alexandre/gdrv/internal/files/manager.go:311.36,314.8 1 0
github.com/dl-alexandre/gdrv/internal/files/manager.go:316.7,316.51 1 0
github.com/dl-alexandre/gdrv/internal/files/manager.go:321.4,324.13 1 0
github.com/dl-alexandre/gdrv/internal/files/manager.go:326.3,327.51 1 0
github.com/dl-alexandre/gdrv/internal/files/manager.go:329.2,332.28 2 0
github.com/dl-alexandre/gdrv/internal/files/manager.go:332.28,334.17 1 0
github.com/dl-alexandre/gdrv/internal/files/manager.go:334.17,339.4 1 0
github.com/dl-alexandre/gdrv/internal/files/manager.go:341.3,341.69 1 0
github.com/dl-alexandre/gdrv/internal/files/manager.go:344.2,345.12 2 0
github.com/dl-alexandre/gdrv/internal/files/manager.go:348.162,351.25 2 0
github.com/dl-alexandre/gdrv/internal/files/manager.go:351.25,353.3 1 0
github.com/dl-alexandre/gdrv/internal/files/manager.go:355.2,355.25 1 0
github.com/dl-alexandre/gdrv/internal/files/manager.go:355.25,358.3 1 0
github.com/dl-alexandre/gdrv/internal/files/manager.go:361.2,362.18 2 0
github.com/dl-alexandre/gdrv/internal/files/manager.go:362.18,364.3 1 0
github.com/dl-alexandre/gdrv/internal/files/manager.go:366.2,367.23 2 0
github.com/dl-alexandre/gdrv/internal/files/manager.go:367.23,369.3 1 0
github.com/dl-alexandre/gdrv/internal/files/manager.go:372.2,379.16 4 0
github.com/dl-alexandre/gdrv/internal/files/manager.go:379.16,381.3 1 0
github.com/dl-alexandre/gdrv/internal/files/manager.go:384.2,384.28 1 0
github.com/dl-alexandre/gdrv/internal/files/manager.go:384.28,386.3 1 0
github.com/dl-alexandre/gdrv/internal/files/manager.go:389.2,389.33 1 0
github.com/dl-alexandre/gdrv/internal/files/manager.go:389.33,392.3 1 0
github.com/dl-alexandre/gdrv/internal/files/manager.go:395.2,396.16 2 0
github.com/dl-alexandre/gdrv/internal/files/manager.go:396.16,398.3 1 0
github.com/dl-alexandre/gdrv/internal/files/manager.go:400.2,401.16 2 0
github.com/dl-alexandre/gdrv/internal/files/manager.go:401.16,404.3 1 0
github.com/dl-alexandre/gdrv/internal/files/manager.go:405.2,407.46 2 0
github.com/dl-alexandre/gdrv/internal/files/manager.go:407.46,410.3 1 0
github.com/dl-alexandre/gdrv/internal/files/manager.go:412.2,413.12 2 0
github.com/dl-alexandre/gdrv/internal/files/manager.go:417.130,422.18 4 0
github.com/dl-alexandre/gdrv/internal/files/manager.go:422.18,424.3 1 0
github.com/dl-alexandre/gdrv/internal/files/manager.go:426.2,426.89 1 0
github.com/dl-alexandre/gdrv/internal/files/manager.go:426.89,428.3 1 0
github.com/dl-alexandre/gdrv/internal/files/manager.go:429.2,429.16 1 0
github.com/dl-alexandre/gdrv/internal/files/manager.go:429.16,431.3 1 0
github.com/dl-alexandre/gdrv/internal/files/manager.go:434.2,434.30 1 0
github.com/dl-alexandre/gdrv/internal/files/manager.go:434.30,436.3 1 0
github.com/dl-alexandre/gdrv/internal/files/manager.go:438.2,438.38 1 0
github.com/dl-alexandre/gdrv/internal/files/manager.go:442.140,445.2 2 0
github.com/dl-alexandre/gdrv/internal/files/manager.go:448.124,454.25 4 0
github.com/dl-alexandre/gdrv/internal/files/manager.go:454.25,457.3 2 0
github.com/dl-alexandre/gdrv/internal/files/manager.go:458.2,458.26 1 0
github.com/dl-alexandre/gdrv/internal/files/manager.go:458.26,459.18 1 0
github.com/dl-alexandre/gdrv/internal/files/manager.go:459.18,461.4 1 0
github.com/dl-alexandre/gdrv/internal/files/manager.go:462.3,462.29 1 0
github.com/dl-alexandre/gdrv/internal/files/manager.go:464.2,464.22 1 0
github.com/dl-alexandre/gdrv/internal/files/manager.go:464.22,465.18 1 0
github.com/dl-alexandre/gdrv/internal/files/manager.go:465.18,467.4 1 0
github.com/dl-alexandre/gdrv/internal/files/manager.go:468.3,468.22 1 0
github.com/dl-alexandre/gdrv/internal/files/manager.go:470.2,470.17 1 0
github.com/dl-alexandre/gdrv/internal/files/manager.go:470.17,472.3 1 0
github.com/dl-alexandre/gdrv/internal/files/manager.go:474.2,474.23 1 0
github.com/dl-alexandre/gdrv/internal/files/manager.go:474.23,476.3 1 0
github.com/dl-alexandre/gdrv/internal/files/manager.go:477.2,477.26 1 0
github.com/dl-alexandre/gdrv/internal/files/manager.go:477.26,479.3 1 0
github.com/dl-alexandre/gdrv/internal/files/manager.go:480.2,480.24 1 0
github.com/dl-alexandre/gdrv/internal/files/manager.go:480.24,482.3 1 0
github.com/dl-alexandre/gdrv/internal/files/manager.go:483.2,483.23 1 0
github.com/dl-alexandre/gdrv/internal/files/manager.go:483.23,485.3 1 0
github.com/dl-alexandre/gdrv/internal/files/manager.go:487.2,487.93 1 0
github.com/dl-alexandre/gdrv/internal/files/manager.go:487.93,489.3 1 0
github.com/dl-alexandre/gdrv/internal/files/manager.go:490.2,490.16 1 0
github.com/dl-alexandre/gdrv/internal/files/manager.go:490.16,492.3 1 0
github.com/dl-alexandre/gdrv/internal/files/manager.go:494.2,495.33 2 0
github.com/dl-alexandre/gdrv/internal/files/manager.go:495.33,497.26 2 0
github.com/dl-alexandre/gdrv/internal/files/manager.go:497.26,499.4 1 0
github.com/dl-alexandre/gdrv/internal/files/manager.go:502.2,506.8 1 0
github.com/dl-alexandre/gdrv/internal/files/manager.go:510.124,514.6 3 0
github.com/dl-alexandre/gdrv/internal/files/manager.go:514.6,517.17 3 0
github.com/dl-alexandre/gdrv/internal/files/manager.go:517.17,519.4 1 0
github.com/dl-alexandre/gdrv/internal/files/manager.go:521.3,523.33 2 0
github.com/dl-alexandre/gdrv/internal/files/manager.go:523.33,524.9 1 0
github.com/dl-alexandre/gdrv/internal/files/manager.go:526.3,526.35 1 0
github.com/dl-alexandre/gdrv/internal/files/manager.go:529.2,529.22 1 0
github.com/dl-alexandre/gdrv/internal/files/manager.go:533.114,535.2 1 0
github.com/dl-alexandre/gdrv/internal/files/manager.go:544.183,549.16 3 0
github.com/dl-alexandre/gdrv/internal/files/manager.go:549.16,551.3 1 0
github.com/dl-alexandre/gdrv/internal/files/manager.go:554.2,554.36 1 0
github.com/dl-alexandre/gdrv/internal/files/manager.go:554.36,557.3 2 0
github.com/dl-alexandre/gdrv/internal/files/manager.go:560.2,560.26 1 0
github.com/dl-alexandre/gdrv/internal/files/manager.go:560.26,562.16 2 0
github.com/dl-alexandre/gdrv/internal/files/manager.go:562.16,564.4 1 0
github.com/dl-alexandre/gdrv/internal/files/manager.go:565.3,569.17 2 0
github.com/dl-alexandre/gdrv/internal/files/manager.go:569.17,571.4 1 0
github.com/dl-alexandre/gdrv/internal/files/manager.go:572.3,572.17 1 0
github.com/dl-alexandre/gdrv/internal/files/manager.go:572.17,574.4 1 0
github.com/dl-alexandre/gdrv/internal/files/manager.go:577.2,577.15 1 0
github.com/dl-alexandre/gdrv/internal/files/manager.go:577.15,581.85 3 0
github.com/dl-alexandre/gdrv/internal/files/manager.go:581.85,583.4 1 0
github.com/dl-alexandre/gdrv/internal/files/manager.go:584.3,584.13 1 0
github.com/dl-alexandre/gdrv/internal/files/manager.go:588.2,591.83 3 0
github.com/dl-alexandre/gdrv/internal/files/manager.go:591.83,593.3 1 0
github.com/dl-alexandre/gdrv/internal/files/manager.go:594.2,594.12 1 0
github.com/dl-alexandre/gdrv/internal/files/manager.go:598.146,600.20 2 0
github.com/dl-alexandre/gdrv/internal/files/manager.go:600.20,602.3 1 0
github.com/dl-alexandre/gdrv/internal/files/manager.go:604.2,605.16 2 0
github.com/dl-alexandre/gdrv/internal/files/manager.go:605.16,607.3 1 0
github.com/dl-alexandre/gdrv/internal/files/manager.go:608.2,608.20 1 0
github.com/dl-alexandre/gdrv/internal/files/manager.go:608.20,610.3 1 0
github.com/dl-alexandre/gdrv/internal/files/manager.go:612.2,615.89 3 0
github.com/dl-alexandre/gdrv/internal/files/manager.go:615.89,617.3 1 0
github.com/dl-alexandre/gdrv/internal/files/manager.go:618.2,618.16 1 0
github.com/dl-alexandre/gdrv/internal/files/manager.go:618.16,620.3 1 0
github.com/dl-alexandre/gdrv/internal/files/manager.go:622.2,622.38 1 0
github.com/dl-alexandre/gdrv/internal/files/manager.go:626.136,628.2 1 0
github.com/dl-alexandre/gdrv/internal/files/manager.go:635.205,641.16 4 0
github.com/dl-alexandre/gdrv/internal/files/manager.go:641.16,643.3 1 0
github.com/dl-alexandre/gdrv/internal/files/manager.go:646.2,646.36 1 0
github.com/dl-alexandre/gdrv/internal/files/manager.go:646.36,649.3 2 0
github.com/dl-alexandre/gdrv/internal/files/manager.go:651.2,652.27 2 0
github.com/dl-alexandre/gdrv/internal/files/manager.go:652.27,653.34 1 0
github.com/dl-alexandre/gdrv/internal/files/manager.go:653.34,654.13 1 0
github.com/dl-alexandre/gdrv/internal/files/manager.go:654.13,656.5 1 0
github.com/dl-alexandre/gdrv/internal/files/manager.go:657.4,657.22 1 0
github.com/dl-alexandre/gdrv/internal/files/manager.go:661.2,664.25 4 0
github.com/dl-alexandre/gdrv/internal/files/manager.go:664.25,666.3 1 0
github.com/dl-alexandre/gdrv/internal/files/manager.go:668.2,668.89 1 0
github.com/dl-alexandre/gdrv/internal/files/manager.go:668.89,670.3 1 0
github.com/dl-alexandre/gdrv/internal/files/manager.go:671.2,671.16 1 0
github.com/dl-alexandre/gdrv/internal/files/manager.go:671.16,673.3 1 0
github.com/dl-alexandre/gdrv/internal/files/manager.go:675.2,675.38 1 0
github.com/dl-alexandre/gdrv/internal/files/manager.go:679.117,681.2 1 0
github.com/dl-alexandre/gdrv/internal/files/manager.go:684.131,689.22 2 0
github.com/dl-alexandre/gdrv/internal/files/manager.go:689.22,691.3 1 0
github.com/dl-alexandre/gdrv/internal/files/manager.go:691.8,693.3 1 0
github.com/dl-alexandre/gdrv/internal/files/manager.go:695.2,695.34 1 0
github.com/dl-alexandre/gdrv/internal/files/manager.go:699.147,702.2 2 0
github.com/dl-alexandre/gdrv/internal/files/manager.go:705.119,707.2 1 0
github.com/dl-alexandre/gdrv/internal/files/manager.go:709.139,715.89 4 0
github.com/dl-alexandre/gdrv/internal/files/manager.go:715.89,717.3 1 0
github.com/dl-alexandre/gdrv/internal/files/manager.go:718.2,718.16 1 0
github.com/dl-alexandre/gdrv/internal/files/manager.go:718.16,720.3 1 0
github.com/dl-alexandre/gdrv/internal/files/manager.go:722.2,722.38 1 0
github.com/dl-alexandre/gdrv/internal/files/manager.go:726.155,731.18 4 0
github.com/dl-alexandre/gdrv/internal/files/manager.go:731.18,733.3 1 0
github.com/dl-alexandre/gdrv/internal/files/manager.go:735.2,735.89 1 0
github.com/dl-alexandre/gdrv/internal/files/manager.go:735.89,737.3 1 0
github.com/dl-alexandre/gdrv/internal/files/manager.go:738.2,738.16 1 0
github.com/dl-alexandre/gdrv/internal/files/manager.go:738.16,740.3 1 0
github.com/dl-alexandre/gdrv/internal/files/manager.go:743.2,743.30 1 0
github.com/dl-alexandre/gdrv/internal/files/manager.go:743.30,745.3 1 0
github.com/dl-alexandre/gdrv/internal/files/manager.go:747.2,747.38 1 0
github.com/dl-alexandre/gdrv/internal/files/manager.go:750.55,767.27 2 1
github.com/dl-alexandre/gdrv/internal/files/manager.go:767.27,776.3 1 1
github.com/dl-alexandre/gdrv/internal/files/manager.go:778.2,778.13 1 1
