mode: set
github.com/dl-alexandre/gdrv/internal/resolver/path.go:35.80,44.2 1 1
github.com/dl-alexandre/gdrv/internal/resolver/path.go:78.141,83.32 2 0
github.com/dl-alexandre/gdrv/internal/resolver/path.go:83.32,85.3 1 0
github.com/dl-alexandre/gdrv/internal/resolver/path.go:88.2,88.29 1 0
github.com/dl-alexandre/gdrv/internal/resolver/path.go:88.29,90.3 1 0
github.com/dl-alexandre/gdrv/internal/resolver/path.go:93.2,93.19 1 0
github.com/dl-alexandre/gdrv/internal/resolver/path.go:93.19,95.52 2 0
github.com/dl-alexandre/gdrv/internal/resolver/path.go:95.52,101.4 1 0
github.com/dl-alexandre/gdrv/internal/resolver/path.go:105.2,106.24 2 0
github.com/dl-alexandre/gdrv/internal/resolver/path.go:106.24,108.3 1 0
github.com/dl-alexandre/gdrv/internal/resolver/path.go:111.2,111.51 1 0
github.com/dl-alexandre/gdrv/internal/resolver/path.go:111.51,113.3 1 0
github.com/dl-alexandre/gdrv/internal/resolver/path.go:116.2,116.68 1 0
github.com/dl-alexandre/gdrv/internal/resolver/path.go:120.80,121.24 1 1
github.com/dl-alexandre/gdrv/internal/resolver/path.go:121.24,123.3 1 1
github.com/dl-alexandre/gdrv/internal/resolver/path.go:124.2,124.30 1 1
github.com/dl-alexandre/gdrv/internal/resolver/path.go:124.30,126.3 1 1
github.com/dl-alexandre/gdrv/internal/resolver/path.go:127.2,127.28 1 1
github.com/dl-alexandre/gdrv/internal/resolver/path.go:131.175,134.24 2 0
github.com/dl-alexandre/gdrv/internal/resolver/path.go:134.24,137.3 2 0
github.com/dl-alexandre/gdrv/internal/resolver/path.go:140.2,140.35 1 0
github.com/dl-alexandre/gdrv/internal/resolver/path.go:140.35,141.20 1 0
github.com/dl-alexandre/gdrv/internal/resolver/path.go:141.20,142.12 1 0
github.com/dl-alexandre/gdrv/internal/resolver/path.go:145.3,146.17 2 0
github.com/dl-alexandre/gdrv/internal/resolver/path.go:146.17,148.4 1 0
github.com/dl-alexandre/gdrv/internal/resolver/path.go:150.3,150.24 1 0
github.com/dl-alexandre/gdrv/internal/resolver/path.go:150.24,157.4 1 0
github.com/dl-alexandre/gdrv/internal/resolver/path.go:160.3,160.23 1 0
github.com/dl-alexandre/gdrv/internal/resolver/path.go:160.23,161.23 1 0
github.com/dl-alexandre/gdrv/internal/resolver/path.go:161.23,167.5 1 0
github.com/dl-alexandre/gdrv/internal/resolver/path.go:169.4,169.75 1 0
github.com/dl-alexandre/gdrv/internal/resolver/path.go:172.3,175.27 2 0
github.com/dl-alexandre/gdrv/internal/resolver/path.go:175.27,185.21 2 0
github.com/dl-alexandre/gdrv/internal/resolver/path.go:185.21,188.5 2 0
github.com/dl-alexandre/gdrv/internal/resolver/path.go:190.4,190.22 1 0
github.com/dl-alexandre/gdrv/internal/resolver/path.go:194.2,197.8 1 0
github.com/dl-alexandre/gdrv/internal/resolver/path.go:201.176,203.45 1 0
github.com/dl-alexandre/gdrv/internal/resolver/path.go:203.45,205.3 1 0
github.com/dl-alexandre/gdrv/internal/resolver/path.go:208.2,208.21 1 0
github.com/dl-alexandre/gdrv/internal/resolver/path.go:208.21,216.3 1 0
github.com/dl-alexandre/gdrv/internal/resolver/path.go:219.2,219.75 1 0
github.com/dl-alexandre/gdrv/internal/resolver/path.go:223.179,226.16 2 0
github.com/dl-alexandre/gdrv/internal/resolver/path.go:226.16,228.3 1 0
github.com/dl-alexandre/gdrv/internal/resolver/path.go:230.2,230.23 1 0
github.com/dl-alexandre/gdrv/internal/resolver/path.go:230.23,236.3 1 0
github.com/dl-alexandre/gdrv/internal/resolver/path.go:239.2,239.22 1 0
github.com/dl-alexandre/gdrv/internal/resolver/path.go:239.22,240.22 1 0
github.com/dl-alexandre/gdrv/internal/resolver/path.go:240.22,246.4 1 0
github.com/dl-alexandre/gdrv/internal/resolver/path.go:247.3,247.81 1 0
github.com/dl-alexandre/gdrv/internal/resolver/path.go:250.2,259.19 2 0
github.com/dl-alexandre/gdrv/internal/resolver/path.go:259.19,262.3 2 0
github.com/dl-alexandre/gdrv/internal/resolver/path.go:264.2,264.20 1 0
github.com/dl-alexandre/gdrv/internal/resolver/path.go:268.182,271.24 2 0
github.com/dl-alexandre/gdrv/internal/resolver/path.go:271.24,273.3 1 0
github.com/dl-alexandre/gdrv/internal/resolver/path.go:275.2,276.16 2 0
github.com/dl-alexandre/gdrv/internal/resolver/path.go:276.16,278.3 1 0
github.com/dl-alexandre/gdrv/internal/resolver/path.go:280.2,280.26 1 0
github.com/dl-alexandre/gdrv/internal/resolver/path.go:280.26,285.3 1 0
github.com/dl-alexandre/gdrv/internal/resolver/path.go:288.2,289.39 2 0
github.com/dl-alexandre/gdrv/internal/resolver/path.go:289.39,294.38 3 0
github.com/dl-alexandre/gdrv/internal/resolver/path.go:294.38,296.21 2 0
github.com/dl-alexandre/gdrv/internal/resolver/path.go:296.21,297.13 1 0
github.com/dl-alexandre/gdrv/internal/resolver/path.go:301.4,302.18 2 0
github.com/dl-alexandre/gdrv/internal/resolver/path.go:302.18,304.31 1 0
github.com/dl-alexandre/gdrv/internal/resolver/path.go:304.31,311.6 1 0
github.com/dl-alexandre/gdrv/internal/resolver/path.go:312.5,312.20 1 0
github.com/dl-alexandre/gdrv/internal/resolver/path.go:315.4,315.30 1 0
github.com/dl-alexandre/gdrv/internal/resolver/path.go:315.30,317.10 2 0
github.com/dl-alexandre/gdrv/internal/resolver/path.go:321.4,321.29 1 0
github.com/dl-alexandre/gdrv/internal/resolver/path.go:321.29,323.5 1 0
github.com/dl-alexandre/gdrv/internal/resolver/path.go:324.4,327.34 2 0
github.com/dl-alexandre/gdrv/internal/resolver/path.go:327.34,333.5 1 0
github.com/dl-alexandre/gdrv/internal/resolver/path.go:336.4,336.28 1 0
github.com/dl-alexandre/gdrv/internal/resolver/path.go:336.28,339.19 2 0
github.com/dl-alexandre/gdrv/internal/resolver/path.go:339.19,341.6 1 0
github.com/dl-alexandre/gdrv/internal/resolver/path.go:342.5,342.51 1 0
github.com/dl-alexandre/gdrv/internal/resolver/path.go:346.3,346.13 1 0
github.com/dl-alexandre/gdrv/internal/resolver/path.go:346.13,347.12 1 0
github.com/dl-alexandre/gdrv/internal/resolver/path.go:351.2,351.28 1 0
github.com/dl-alexandre/gdrv/internal/resolver/path.go:351.28,357.3 1 0
github.com/dl-alexandre/gdrv/internal/resolver/path.go:360.2,360.27 1 0
github.com/dl-alexandre/gdrv/internal/resolver/path.go:360.27,361.22 1 0
github.com/dl-alexandre/gdrv/internal/resolver/path.go:361.22,366.4 1 0
github.com/dl-alexandre/gdrv/internal/resolver/path.go:367.3,367.91 1 0
github.com/dl-alexandre/gdrv/internal/resolver/path.go:370.2,379.19 2 0
github.com/dl-alexandre/gdrv/internal/resolver/path.go:379.19,382.3 2 0
github.com/dl-alexandre/gdrv/internal/resolver/path.go:384.2,384.20 1 0
github.com/dl-alexandre/gdrv/internal/resolver/path.go:387.158,389.2 1 0
github.com/dl-alexandre/gdrv/internal/resolver/path.go:392.168,402.93 6 0
github.com/dl-alexandre/gdrv/internal/resolver/path.go:402.93,404.3 1 0
github.com/dl-alexandre/gdrv/internal/resolver/path.go:405.2,405.16 1 0
github.com/dl-alexandre/gdrv/internal/resolver/path.go:405.16,407.3 1 0
github.com/dl-alexandre/gdrv/internal/resolver/path.go:409.2,410.33 2 0
github.com/dl-alexandre/gdrv/internal/resolver/path.go:410.33,420.26 2 0
github.com/dl-alexandre/gdrv/internal/resolver/path.go:420.26,422.4 1 0
github.com/dl-alexandre/gdrv/internal/resolver/path.go:425.2,425.21 1 0
github.com/dl-alexandre/gdrv/internal/resolver/path.go:429.160,450.99 7 0
github.com/dl-alexandre/gdrv/internal/resolver/path.go:450.99,452.3 1 0
github.com/dl-alexandre/gdrv/internal/resolver/path.go:453.2,453.16 1 0
github.com/dl-alexandre/gdrv/internal/resolver/path.go:453.16,455.3 1 0
github.com/dl-alexandre/gdrv/internal/resolver/path.go:457.2,458.33 2 0
github.com/dl-alexandre/gdrv/internal/resolver/path.go:458.33,468.26 2 0
github.com/dl-alexandre/gdrv/internal/resolver/path.go:468.26,470.4 1 0
github.com/dl-alexandre/gdrv/internal/resolver/path.go:473.2,473.21 1 0
github.com/dl-alexandre/gdrv/internal/resolver/path.go:477.128,482.89 4 0
github.com/dl-alexandre/gdrv/internal/resolver/path.go:482.89,484.3 1 0
github.com/dl-alexandre/gdrv/internal/resolver/path.go:485.2,485.16 1 0
github.com/dl-alexandre/gdrv/internal/resolver/path.go:485.16,487.3 1 0
github.com/dl-alexandre/gdrv/internal/resolver/path.go:489.2,498.30 2 0
github.com/dl-alexandre/gdrv/internal/resolver/path.go:498.30,500.3 1 0
github.com/dl-alexandre/gdrv/internal/resolver/path.go:502.2,502.18 1 0
github.com/dl-alexandre/gdrv/internal/resolver/path.go:506.40,507.45 1 1
github.com/dl-alexandre/gdrv/internal/resolver/path.go:507.45,509.3 1 1
github.com/dl-alexandre/gdrv/internal/resolver/path.go:510.2,510.14 1 1
github.com/dl-alexandre/gdrv/internal/resolver/path.go:513.72,519.9 5 1
github.com/dl-alexandre/gdrv/internal/resolver/path.go:519.9,521.3 1 1
github.com/dl-alexandre/gdrv/internal/resolver/path.go:523.2,523.46 1 1
github.com/dl-alexandre/gdrv/internal/resolver/path.go:523.46,525.3 1 1
github.com/dl-alexandre/gdrv/internal/resolver/path.go:527.2,527.27 1 1
github.com/dl-alexandre/gdrv/internal/resolver/path.go:530.67,535.9 4 1
github.com/dl-alexandre/gdrv/internal/resolver/path.go:535.9,537.3 1 1
github.com/dl-alexandre/gdrv/internal/resolver/path.go:539.2,539.46 1 1
github.com/dl-alexandre/gdrv/internal/resolver/path.go:539.46,541.3 1 1
github.com/dl-alexandre/gdrv/internal/resolver/path.go:543.2,543.27 1 1
github.com/dl-alexandre/gdrv/internal/resolver/path.go:546.66,555.2 4 1
github.com/dl-alexandre/gdrv/internal/resolver/path.go:557.61,565.2 3 1
github.com/dl-alexandre/gdrv/internal/resolver/path.go:568.62,574.2 4 1
github.com/dl-alexandre/gdrv/internal/resolver/path.go:577.57,582.2 3 1
github.com/dl-alexandre/gdrv/internal/resolver/path.go:585.78,588.2 1 1
github.com/dl-alexandre/gdrv/internal/resolver/path.go:591.37,596.2 3 1
github.com/dl-alexandre/gdrv/internal/resolver/path.go:598.44,600.2 1 1
github.com/dl-alexandre/gdrv/internal/resolver/path.go:602.40,606.2 3 1
github.com/dl-alexandre/gdrv/internal/resolver/path.go:608.41,613.2 3 1
github.com/dl-alexandre/gdrv/internal/resolver/path.go:617.131,619.38 1 1
github.com/dl-alexandre/gdrv/internal/resolver/path.go:619.38,620.41 1 1
github.com/dl-alexandre/gdrv/internal/resolver/path.go:620.41,621.69 1 1
github.com/dl-alexandre/gdrv/internal/resolver/path.go:621.69,623.5 1 1
github.com/dl-alexandre/gdrv/internal/resolver/path.go:626.2,626.16 1 1
github.com/dl-alexandre/gdrv/internal/resolver/path.go:630.101,634.32 3 1
github.com/dl-alexandre/gdrv/internal/resolver/path.go:634.32,636.3 1 1
github.com/dl-alexandre/gdrv/internal/resolver/path.go:639.2,646.28 5 1
github.com/dl-alexandre/gdrv/internal/resolver/path.go:646.28,648.3 1 1
github.com/dl-alexandre/gdrv/internal/resolver/path.go:651.2,651.22 1 1
github.com/dl-alexandre/gdrv/internal/resolver/path.go:651.22,653.3 1 1
github.com/dl-alexandre/gdrv/internal/resolver/path.go:656.2,656.20 1 1
github.com/dl-alexandre/gdrv/internal/resolver/path.go:660.76,662.28 1 1
github.com/dl-alexandre/gdrv/internal/resolver/path.go:662.28,664.3 1 1
github.com/dl-alexandre/gdrv/internal/resolver/path.go:672.2,672.28 1 1
github.com/dl-alexandre/gdrv/internal/resolver/path.go:676.67,677.16 1 1
github.com/dl-alexandre/gdrv/internal/resolver/path.go:678.27,679.11 1 1
github.com/dl-alexandre/gdrv/internal/resolver/path.go:680.31,681.11 1 1
github.com/dl-alexandre/gdrv/internal/resolver/path.go:682.32,683.11 1 1
github.com/dl-alexandre/gdrv/internal/resolver/path.go:684.10,685.11 1 1
